Log file open, 04/05/18 16:46:33
LogInit:Display: Running engine for game: gorge
LogPlatformFile: Not using cached read wrapper
LogInit:Display: RandInit(605371664) SRandInit(605371664).
LogTaskGraph: Started task graph with 5 named threads and 8 total threads with 1 sets of task threads.
LogStats: Stats thread started at 0.180905
LogPluginManager: Loaded Plugin Paper2D, From C:/Program Files (x86)/Epic Games/4.13/Engine/Plugins/2D/Paper2D/Paper2D.uplugin
LogPluginManager: Loaded Plugin LightPropagationVolume, From C:/Program Files (x86)/Epic Games/4.13/Engine/Plugins/Blendables/LightPropagationVolume/LightPropagationVolume.uplugin
LogPluginManager: Loaded Plugin BlankPlugin, From C:/Program Files (x86)/Epic Games/4.13/Engine/Plugins/Developer/BlankPlugin/BlankPlugin.uplugin
LogPluginManager: Loaded Plugin CodeLiteSourceCodeAccess, From C:/Program Files (x86)/Epic Games/4.13/Engine/Plugins/Developer/CodeLiteSourceCodeAccess/CodeLiteSourceCodeAccess.uplugin
LogPluginManager: Loaded Plugin GitSourceControl, From C:/Program Files (x86)/Epic Games/4.13/Engine/Plugins/Developer/GitSourceControl/GitSourceControl.uplugin
LogPluginManager: Loaded Plugin KDevelopSourceCodeAccess, From C:/Program Files (x86)/Epic Games/4.13/Engine/Plugins/Developer/KDevelopSourceCodeAccess/KDevelopSourceCodeAccess.uplugin
LogPluginManager: Loaded Plugin NullSourceCodeAccess, From C:/Program Files (x86)/Epic Games/4.13/Engine/Plugins/Developer/NullSourceCodeAccess/NullSourceCodeAccess.uplugin
LogPluginManager: Loaded Plugin OneSkyLocalizationService, From C:/Program Files (x86)/Epic Games/4.13/Engine/Plugins/Developer/OneSkyLocalizationService/OneSkyLocalizationService.uplugin
LogPluginManager: Loaded Plugin PerforceSourceControl, From C:/Program Files (x86)/Epic Games/4.13/Engine/Plugins/Developer/PerforceSourceControl/PerforceSourceControl.uplugin
LogPluginManager: Loaded Plugin SubversionSourceControl, From C:/Program Files (x86)/Epic Games/4.13/Engine/Plugins/Developer/SubversionSourceControl/SubversionSourceControl.uplugin
LogPluginManager: Loaded Plugin UObjectPlugin, From C:/Program Files (x86)/Epic Games/4.13/Engine/Plugins/Developer/UObjectPlugin/UObjectPlugin.uplugin
LogPluginManager: Loaded Plugin VisualStudioSourceCodeAccess, From C:/Program Files (x86)/Epic Games/4.13/Engine/Plugins/Developer/VisualStudioSourceCodeAccess/VisualStudioSourceCodeAccess.uplugin
LogPluginManager: Loaded Plugin XCodeSourceCodeAccess, From C:/Program Files (x86)/Epic Games/4.13/Engine/Plugins/Developer/XCodeSourceCodeAccess/XCodeSourceCodeAccess.uplugin
LogPluginManager: Loaded Plugin EpicSurvey, From C:/Program Files (x86)/Epic Games/4.13/Engine/Plugins/Editor/EpicSurvey/EpicSurvey.uplugin
LogPluginManager: Loaded Plugin MacGraphicsSwitching, From C:/Program Files (x86)/Epic Games/4.13/Engine/Plugins/Editor/MacGraphicsSwitching/MacGraphicsSwitching.uplugin
LogPluginManager: Loaded Plugin MobileLauncherProfileWizard, From C:/Program Files (x86)/Epic Games/4.13/Engine/Plugins/Editor/MobileLauncherProfileWizard/MobileLauncherProfileWizard.uplugin
LogPluginManager: Loaded Plugin PluginBrowser, From C:/Program Files (x86)/Epic Games/4.13/Engine/Plugins/Editor/PluginBrowser/PluginBrowser.uplugin
LogPluginManager: Loaded Plugin SpeedTreeImporter, From C:/Program Files (x86)/Epic Games/4.13/Engine/Plugins/Editor/SpeedTreeImporter/SpeedTreeImporter.uplugin
LogPluginManager: Loaded Plugin SuperSearchEditor, From C:/Program Files (x86)/Epic Games/4.13/Engine/Plugins/Editor/SuperSearchEditor/SuperSearchEditor.uplugin
LogPluginManager: Loaded Plugin AlembicImporter, From C:/Program Files (x86)/Epic Games/4.13/Engine/Plugins/Experimental/AlembicImporter/AlembicImporter.uplugin
LogPluginManager: Loaded Plugin BlueprintStats, From C:/Program Files (x86)/Epic Games/4.13/Engine/Plugins/Experimental/BlueprintStats/BlueprintStats.uplugin
LogPluginManager: Loaded Plugin CharacterAI, From C:/Program Files (x86)/Epic Games/4.13/Engine/Plugins/Experimental/CharacterAI/CharacterAI.uplugin
LogPluginManager: Loaded Plugin CodeEditor, From C:/Program Files (x86)/Epic Games/4.13/Engine/Plugins/Experimental/CodeEditor/CodeEditor.uplugin
LogPluginManager: Loaded Plugin CodeView, From C:/Program Files (x86)/Epic Games/4.13/Engine/Plugins/Experimental/CodeView/CodeView.uplugin
LogPluginManager: Loaded Plugin HTML5Networking, From C:/Program Files (x86)/Epic Games/4.13/Engine/Plugins/Experimental/HTML5Networking/HTML5Networking.uplugin
LogPluginManager: Loaded Plugin LiveEditor, From C:/Program Files (x86)/Epic Games/4.13/Engine/Plugins/Experimental/LiveEditor/LiveEditor.uplugin
LogPluginManager: Loaded Plugin OSVR, From C:/Program Files (x86)/Epic Games/4.13/Engine/Plugins/Experimental/OSVR/OSVR.uplugin
LogPluginManager: Loaded Plugin Phya, From C:/Program Files (x86)/Epic Games/4.13/Engine/Plugins/Experimental/Phya/Phya.uplugin
LogPluginManager: Loaded Plugin SignificanceManager, From C:/Program Files (x86)/Epic Games/4.13/Engine/Plugins/Experimental/SignificanceManager/SignificanceManager.uplugin
LogPluginManager: Loaded Plugin SimpleHMD, From C:/Program Files (x86)/Epic Games/4.13/Engine/Plugins/Experimental/SimpleHMD/SimpleHMD.uplugin
LogPluginManager: Loaded Plugin StereoPanorama, From C:/Program Files (x86)/Epic Games/4.13/Engine/Plugins/Experimental/StereoPanorama/StereoPanorama.uplugin
LogPluginManager: Loaded Plugin StructBox, From C:/Program Files (x86)/Epic Games/4.13/Engine/Plugins/Experimental/StructBox/StructBox.uplugin
LogPluginManager: Loaded Plugin AndroidMedia, From C:/Program Files (x86)/Epic Games/4.13/Engine/Plugins/Media/AndroidMedia/AndroidMedia.uplugin
LogPluginManager: Loaded Plugin AvfMedia, From C:/Program Files (x86)/Epic Games/4.13/Engine/Plugins/Media/AvfMedia/AvfMedia.uplugin
LogPluginManager: Loaded Plugin MediaPlayerEditor, From C:/Program Files (x86)/Epic Games/4.13/Engine/Plugins/Media/MediaPlayerEditor/MediaPlayerEditor.uplugin
LogPluginManager: Loaded Plugin WmfMedia, From C:/Program Files (x86)/Epic Games/4.13/Engine/Plugins/Media/WmfMedia/WmfMedia.uplugin
LogPluginManager: Loaded Plugin MessagingDebugger, From C:/Program Files (x86)/Epic Games/4.13/Engine/Plugins/Messaging/MessagingDebugger/MessagingDebugger.uplugin
LogPluginManager: Loaded Plugin TcpMessaging, From C:/Program Files (x86)/Epic Games/4.13/Engine/Plugins/Messaging/TcpMessaging/TcpMessaging.uplugin
LogPluginManager: Loaded Plugin UdpMessaging, From C:/Program Files (x86)/Epic Games/4.13/Engine/Plugins/Messaging/UdpMessaging/UdpMessaging.uplugin
LogPluginManager: Loaded Plugin LevelSequenceEditor, From C:/Program Files (x86)/Epic Games/4.13/Engine/Plugins/MovieScene/LevelSequenceEditor/LevelSequenceEditor.uplugin
LogPluginManager: Loaded Plugin MatineeToLevelSequence, From C:/Program Files (x86)/Epic Games/4.13/Engine/Plugins/MovieScene/MatineeToLevelSequence/MatineeToLevelSequence.uplugin
LogPluginManager: Loaded Plugin NetcodeUnitTest, From C:/Program Files (x86)/Epic Games/4.13/Engine/Plugins/NetcodeUnitTest/NetcodeUnitTest/NetcodeUnitTest.uplugin
LogPluginManager: Loaded Plugin NUTUnrealEngine4, From C:/Program Files (x86)/Epic Games/4.13/Engine/Plugins/NetcodeUnitTest/NUTUnrealEngine4/NUTUnrealEngine4.uplugin
LogPluginManager: Loaded Plugin OnlineSubsystemGooglePlay, From C:/Program Files (x86)/Epic Games/4.13/Engine/Plugins/Online/Android/OnlineSubsystemGooglePlay/OnlineSubsystemGooglePlay.uplugin
LogPluginManager: Loaded Plugin OnlineSubsystemIOS, From C:/Program Files (x86)/Epic Games/4.13/Engine/Plugins/Online/IOS/OnlineSubsystemIOS/OnlineSubsystemIOS.uplugin
LogPluginManager: Loaded Plugin OnlineFramework, From C:/Program Files (x86)/Epic Games/4.13/Engine/Plugins/Online/OnlineFramework/OnlineFramework.uplugin
LogPluginManager: Loaded Plugin OnlineSubsystem, From C:/Program Files (x86)/Epic Games/4.13/Engine/Plugins/Online/OnlineSubsystem/OnlineSubsystem.uplugin
LogPluginManager: Loaded Plugin OnlineSubsystemAmazon, From C:/Program Files (x86)/Epic Games/4.13/Engine/Plugins/Online/OnlineSubsystemAmazon/OnlineSubsystemAmazon.uplugin
LogPluginManager: Loaded Plugin OnlineSubsystemFacebook, From C:/Program Files (x86)/Epic Games/4.13/Engine/Plugins/Online/OnlineSubsystemFacebook/OnlineSubsystemFacebook.uplugin
LogPluginManager: Loaded Plugin OnlineSubsystemNull, From C:/Program Files (x86)/Epic Games/4.13/Engine/Plugins/Online/OnlineSubsystemNull/OnlineSubsystemNull.uplugin
LogPluginManager: Loaded Plugin OnlineSubsystemOculus, From C:/Program Files (x86)/Epic Games/4.13/Engine/Plugins/Online/OnlineSubsystemOculus/OnlineSubsystemOculus.uplugin
LogPluginManager: Loaded Plugin OnlineSubsystemSteam, From C:/Program Files (x86)/Epic Games/4.13/Engine/Plugins/Online/OnlineSubsystemSteam/OnlineSubsystemSteam.uplugin
LogPluginManager: Loaded Plugin OnlineSubsystemUtils, From C:/Program Files (x86)/Epic Games/4.13/Engine/Plugins/Online/OnlineSubsystemUtils/OnlineSubsystemUtils.uplugin
LogPluginManager: Loaded Plugin IOSTapJoy, From C:/Program Files (x86)/Epic Games/4.13/Engine/Plugins/Runtime/Advertising/IOSTapJoy/IOSTapJoy.uplugin
LogPluginManager: Loaded Plugin AnalyticsBlueprintLibrary, From C:/Program Files (x86)/Epic Games/4.13/Engine/Plugins/Runtime/Analytics/AnalyticsBlueprintLibrary/AnalyticsBlueprintLibrary.uplugin
LogPluginManager: Loaded Plugin AnalyticsMulticast, From C:/Program Files (x86)/Epic Games/4.13/Engine/Plugins/Runtime/Analytics/AnalyticsMulticast/AnalyticsMulticast.uplugin
LogPluginManager: Loaded Plugin Apsalar, From C:/Program Files (x86)/Epic Games/4.13/Engine/Plugins/Runtime/Analytics/Apsalar/Apsalar.uplugin
LogPluginManager: Loaded Plugin FileLogging, From C:/Program Files (x86)/Epic Games/4.13/Engine/Plugins/Runtime/Analytics/FileLogging/FileLogging.uplugin
LogPluginManager: Loaded Plugin Flurry, From C:/Program Files (x86)/Epic Games/4.13/Engine/Plugins/Runtime/Analytics/Flurry/Flurry.uplugin
LogPluginManager: Loaded Plugin AndroidDeviceProfileSelector, From C:/Program Files (x86)/Epic Games/4.13/Engine/Plugins/Runtime/AndroidDeviceProfileSelector/AndroidDeviceProfileSelector.uplugin
LogPluginManager: Loaded Plugin AndroidMoviePlayer, From C:/Program Files (x86)/Epic Games/4.13/Engine/Plugins/Runtime/AndroidMoviePlayer/AndroidMoviePlayer.uplugin
LogPluginManager: Loaded Plugin AppleMoviePlayer, From C:/Program Files (x86)/Epic Games/4.13/Engine/Plugins/Runtime/AppleMoviePlayer/AppleMoviePlayer.uplugin
LogPluginManager: Loaded Plugin ArchVisCharacter, From C:/Program Files (x86)/Epic Games/4.13/Engine/Plugins/Runtime/ArchVisCharacter/ArchVisCharacter.uplugin
LogPluginManager: Loaded Plugin CableComponent, From C:/Program Files (x86)/Epic Games/4.13/Engine/Plugins/Runtime/CableComponent/CableComponent.uplugin
LogPluginManager: Loaded Plugin CustomMeshComponent, From C:/Program Files (x86)/Epic Games/4.13/Engine/Plugins/Runtime/CustomMeshComponent/CustomMeshComponent.uplugin
LogPluginManager: Loaded Plugin ExampleDeviceProfileSelector, From C:/Program Files (x86)/Epic Games/4.13/Engine/Plugins/Runtime/ExampleDeviceProfileSelector/ExampleDeviceProfileSelector.uplugin
LogPluginManager: Loaded Plugin GearVR, From C:/Program Files (x86)/Epic Games/4.13/Engine/Plugins/Runtime/GearVR/GearVR.uplugin
LogPluginManager: Loaded Plugin GoogleVRController, From C:/Program Files (x86)/Epic Games/4.13/Engine/Plugins/Runtime/GoogleVR/GoogleVRController/GoogleVRController.uplugin
LogPluginManager: Loaded Plugin GoogleVRHMD, From C:/Program Files (x86)/Epic Games/4.13/Engine/Plugins/Runtime/GoogleVR/GoogleVRHMD/GoogleVRHMD.uplugin
LogPluginManager: Loaded Plugin IOSDeviceProfileSelector, From C:/Program Files (x86)/Epic Games/4.13/Engine/Plugins/Runtime/IOSDeviceProfileSelector/IOSDeviceProfileSelector.uplugin
LogPluginManager: Loaded Plugin LeapMotion, From C:/Program Files (x86)/Epic Games/4.13/Engine/Plugins/Runtime/LeapMotion/LeapMotion.uplugin
LogPluginManager: Loaded Plugin LinuxDeviceProfileSelector, From C:/Program Files (x86)/Epic Games/4.13/Engine/Plugins/Runtime/LinuxDeviceProfileSelector/LinuxDeviceProfileSelector.uplugin
LogPluginManager: Loaded Plugin LiveEditorListenServer, From C:/Program Files (x86)/Epic Games/4.13/Engine/Plugins/Runtime/LiveEditorListenServer/LiveEditorListenServer.uplugin
LogPluginManager: Loaded Plugin OculusAudio, From C:/Program Files (x86)/Epic Games/4.13/Engine/Plugins/Runtime/OculusAudio/OculusAudio.uplugin
LogPluginManager: Loaded Plugin OculusInput, From C:/Program Files (x86)/Epic Games/4.13/Engine/Plugins/Runtime/OculusInput/OculusInput.uplugin
LogPluginManager: Loaded Plugin OculusLibrary, From C:/Program Files (x86)/Epic Games/4.13/Engine/Plugins/Runtime/OculusLibrary/OculusLibrary.uplugin
LogPluginManager: Loaded Plugin OculusRift, From C:/Program Files (x86)/Epic Games/4.13/Engine/Plugins/Runtime/OculusRift/OculusRift.uplugin
LogPluginManager: Loaded Plugin Oodle, From C:/Program Files (x86)/Epic Games/4.13/Engine/Plugins/Runtime/PacketHandlers/CompressionComponents/Oodle/Oodle.uplugin
LogPluginManager: Loaded Plugin ProceduralMeshComponent, From C:/Program Files (x86)/Epic Games/4.13/Engine/Plugins/Runtime/ProceduralMeshComponent/ProceduralMeshComponent.uplugin
LogPluginManager: Loaded Plugin SoundMod, From C:/Program Files (x86)/Epic Games/4.13/Engine/Plugins/Runtime/SoundMod/SoundMod.uplugin
LogPluginManager: Loaded Plugin SoundVisualizations, From C:/Program Files (x86)/Epic Games/4.13/Engine/Plugins/Runtime/SoundVisualizations/SoundVisualizations.uplugin
LogPluginManager: Loaded Plugin SteamController, From C:/Program Files (x86)/Epic Games/4.13/Engine/Plugins/Runtime/Steam/SteamController/SteamController.uplugin
LogPluginManager: Loaded Plugin SteamVR, From C:/Program Files (x86)/Epic Games/4.13/Engine/Plugins/Runtime/Steam/SteamVR/SteamVR.uplugin
LogPluginManager: Loaded Plugin WebBrowserWidget, From C:/Program Files (x86)/Epic Games/4.13/Engine/Plugins/Runtime/WebBrowserWidget/WebBrowserWidget.uplugin
LogPluginManager: Loaded Plugin WindowsDeviceProfileSelector, From C:/Program Files (x86)/Epic Games/4.13/Engine/Plugins/Runtime/WindowsDeviceProfileSelector/WindowsDeviceProfileSelector.uplugin
LogPluginManager: Loaded Plugin WindowsMoviePlayer, From C:/Program Files (x86)/Epic Games/4.13/Engine/Plugins/Runtime/WindowsMoviePlayer/WindowsMoviePlayer.uplugin
LogPluginManager: Loaded Plugin ScriptPlugin, From C:/Program Files (x86)/Epic Games/4.13/Engine/Plugins/ScriptPlugin/ScriptPlugin.uplugin
LogPluginManager: Loaded Plugin SlateRemote, From C:/Program Files (x86)/Epic Games/4.13/Engine/Plugins/Slate/SlateRemote/SlateRemote.uplugin
LogInit: Using libcurl 7.47.1
LogInit:  - built for x86_64-pc-win32
LogInit:  - supports SSL with WinSSL
LogInit:  - other features:
LogInit:      CURL_VERSION_SSL
LogInit:      CURL_VERSION_IPV6
LogInit:      CURL_VERSION_ASYNCHDNS
LogInit:      CURL_VERSION_LARGEFILE
LogInit:      CURL_VERSION_IDN
LogInit:  CurlRequestOptions (configurable via config and command line):
LogInit:  - bVerifyPeer = false  - Libcurl will NOT verify peer certificate
LogInit:  - bUseHttpProxy = false  - Libcurl will NOT use HTTP proxy
LogInit:  - bDontReuseConnections = false  - Libcurl will reuse connections
LogInit:  - CertBundlePath = nullptr  - Libcurl will use whatever was configured at build time.
LogInit: Build: ++UE4+Release-4.13-CL-3172292
LogInit: Engine Version: 4.13.2-3172292+++UE4+Release-4.13
LogInit: Compatible Engine Version: 4.13.0-3106830+++UE4+Release-4.13
LogInit: Net CL: 3172292
LogDevObjectVersion: Number of dev versions registered: 13
LogDevObjectVersion:   Dev-Blueprints (B0D832E4-1F89-4F0D-ACCF-7EB736FD4AA2): 5
LogDevObjectVersion:   Dev-Build (E1C64328-A22C-4D53-A36C-8E866417BD8C): 0
LogDevObjectVersion:   Dev-Core (375EC13C-06E4-48FB-B500-84F0262A717E): 1
LogDevObjectVersion:   Dev-Editor (E4B068ED-F494-42E9-A231-DA0B2E46BB41): 6
LogDevObjectVersion:   Dev-Framework (CFFC743F-43B0-4480-9391-14DF171D2073): 12
LogDevObjectVersion:   Dev-Mobile (B02B49B5-BB20-44E9-A304-32B752E40360): 0
LogDevObjectVersion:   Dev-Networking (A4E4105C-59A1-49B5-A7C5-40C4547EDFEE): 0
LogDevObjectVersion:   Dev-Online (39C831C9-5AE6-47DC-9A44-9C173E1C8E7C): 0
LogDevObjectVersion:   Dev-Physics (78F01B33-EBEA-4F98-B9B4-84EACCB95AA2): 0
LogDevObjectVersion:   Dev-Platform (6631380F-2D4D-43E0-8009-CF276956A95A): 0
LogDevObjectVersion:   Dev-Rendering (12F88B9F-8875-4AFC-A67C-D90C383ABD29): 4
LogDevObjectVersion:   Dev-Sequencer (7B5AE74C-D270-4C10-A958-57980B212A5A): 0
LogDevObjectVersion:   Dev-VR (D7296918-1DD6-4BDD-9DE2-64A83CC13884): 0
LogInit: Compiled (64-bit): Oct 24 2016 14:29:06
LogInit: Compiled with Visual C++: 19.00.23026.00
LogInit: Build Configuration: Development
LogInit: Branch Name: ++UE4+Release-4.13
LogInit: Command line: -EpicPortal 
LogInit: Base directory: C:/Program Files (x86)/Epic Games/4.13/Engine/Binaries/Win64/
LogInit: Installed Engine Build: 1
LogInit: Presizing for max 8388607 objects, including 0 objects not considered by GC, pre-allocating 0 bytes for permanent pool.
LogInit: Object subsystem initialized
[2018.04.05-20.46.34:033][  0]LogInit: Selected Device Profile: [Windows]
[2018.04.05-20.46.34:033][  0]LogInit: Applying CVar settings loaded from the selected device profile: [Windows]
[2018.04.05-20.46.34:078][  0]LogInit: Computer: SHREK
[2018.04.05-20.46.34:078][  0]LogInit: User: E
[2018.04.05-20.46.34:078][  0]LogInit: CPU Page size=65536, Cores=4
[2018.04.05-20.46.34:078][  0]LogInit: High frequency timer resolution =2.435781 MHz
[2018.04.05-20.46.34:079][  0]LogMemory: Memory total: Physical=9.9GB (10GB approx)
[2018.04.05-20.46.34:079][  0]LogMemory: Platform Memory Stats for Windows
[2018.04.05-20.46.34:079][  0]LogMemory: Process Physical Memory: 258.49 MB used, 258.49 MB peak
[2018.04.05-20.46.34:079][  0]LogMemory: Process Virtual Memory: 259.96 MB used, 259.96 MB peak
[2018.04.05-20.46.34:079][  0]LogMemory: Physical Memory: 6930.94 MB used, 10154.03 MB total
[2018.04.05-20.46.34:079][  0]LogMemory: Virtual Memory: 662.01 MB used, 134217728.00 MB total
[2018.04.05-20.46.34:164][  0]LogTextLocalizationManager: No specific translations for ('en-US') exist, so ('en') translations will be used.
[2018.04.05-20.46.36:578][  0]LogD3D11RHI: D3D11 adapters:
[2018.04.05-20.46.36:759][  0]LogD3D11RHI:    0. 'NVIDIA GeForce GTX 860M' (Feature Level 11_0)
[2018.04.05-20.46.36:759][  0]LogD3D11RHI:       4065/0/5077 MB DedicatedVideo/DedicatedSystem/SharedSystem, Outputs:1, VendorId:0x10de
[2018.04.05-20.46.36:778][  0]LogD3D11RHI:    1. 'Intel(R) HD Graphics 4600' (Feature Level 11_0)
[2018.04.05-20.46.36:778][  0]LogD3D11RHI:       112/0/2048 MB DedicatedVideo/DedicatedSystem/SharedSystem, Outputs:0, VendorId:0x8086
[2018.04.05-20.46.36:786][  0]LogD3D11RHI:    2. 'Microsoft Basic Render Driver' (Feature Level 11_0)
[2018.04.05-20.46.36:786][  0]LogD3D11RHI:       0/0/5077 MB DedicatedVideo/DedicatedSystem/SharedSystem, Outputs:0, VendorId:0x1414
[2018.04.05-20.46.36:786][  0]LogD3D11RHI: Chosen D3D11 Adapter: 0
[2018.04.05-20.46.36:812][  0]LogD3D11RHI: Creating new Direct3DDevice
[2018.04.05-20.46.36:812][  0]LogD3D11RHI:     GPU DeviceId: 0x1392 (for the marketing name, search the web for "GPU Device Id")
[2018.04.05-20.46.36:812][  0]LogWindows: EnumDisplayDevices:
[2018.04.05-20.46.36:813][  0]LogWindows:    0. 'Intel(R) HD Graphics 4600' (P:1 D:1)
[2018.04.05-20.46.36:813][  0]LogWindows:    1. 'Intel(R) HD Graphics 4600' (P:0 D:0)
[2018.04.05-20.46.36:814][  0]LogWindows:    2. 'Intel(R) HD Graphics 4600' (P:0 D:0)
[2018.04.05-20.46.36:814][  0]LogWindows: DebugString: GetVideoDriverDetailsInvalid PrimaryIsNotTheChoosenAdapter GetVideoDriverDetailsInvalid PrimaryIsNotTheChoosenAdapter GetVideoDriverDetailsInvalid PrimaryIsNotTheChoosenAdapter FoundDriverCount:0 
[2018.04.05-20.46.36:814][  0]LogD3D11RHI:     Adapter Name: NVIDIA GeForce GTX 860M
[2018.04.05-20.46.36:814][  0]LogD3D11RHI:   Driver Version: Unknown (internal:Unknown, unified:Unknown)
[2018.04.05-20.46.36:814][  0]LogD3D11RHI:      Driver Date: Unknown
[2018.04.05-20.46.36:814][  0]LogRHI: Texture pool is 1361 MB (70% of 1945 MB)
[2018.04.05-20.46.36:922][  0]LogD3D11RHI: Async texture creation enabled
[2018.04.05-20.46.36:955][  0]LogD3D11RHI: GPU Timing Frequency: 1000.000000 (Debug: 2 1)
[2018.04.05-20.46.36:957][  0]LogShaderCompilers: Guid format shader working directory is -16 characters bigger than the processId version (../../../../../../Users/E/Documents/Unreal Projects/gorge/Intermediate/Shaders/WorkingDirectory/16868/).
[2018.04.05-20.46.36:957][  0]LogShaderCompilers: Cleaned the shader compiler working directory 'C:/Users/E/AppData/Local/Temp/UnrealShaderWorkingDir/29F10636418CD24AC89AA29CB6B07D2B/'.
[2018.04.05-20.46.36:957][  0]LogShaderCompilers:Display: Using Local Shader Compiler.
[2018.04.05-20.46.40:838][  0]LogTemp:Display: Loaded TP AllDesktopTargetPlatform
[2018.04.05-20.46.40:873][  0]LogTemp:Display: Loaded TP WindowsClientTargetPlatform
[2018.04.05-20.46.40:911][  0]LogTemp:Display: Loaded TP WindowsNoEditorTargetPlatform
[2018.04.05-20.46.40:946][  0]LogTemp:Display: Loaded TP WindowsServerTargetPlatform
[2018.04.05-20.46.40:977][  0]LogTemp:Display: Loaded TP WindowsTargetPlatform
[2018.04.05-20.46.41:005][  0]LogTemp:Display: Loaded TP AndroidTargetPlatform
[2018.04.05-20.46.41:033][  0]LogTemp:Display: Loaded TP Android_ASTCTargetPlatform
[2018.04.05-20.46.41:061][  0]LogTemp:Display: Loaded TP Android_ATCTargetPlatform
[2018.04.05-20.46.41:088][  0]LogTemp:Display: Loaded TP Android_DXTTargetPlatform
[2018.04.05-20.46.41:114][  0]LogTemp:Display: Loaded TP Android_ETC1TargetPlatform
[2018.04.05-20.46.41:144][  0]LogTemp:Display: Loaded TP Android_ETC2TargetPlatform
[2018.04.05-20.46.41:197][  0]LogTemp:Display: Loaded TP Android_MultiTargetPlatform
[2018.04.05-20.46.41:197][  0]LogTemp:Display: Loaded TP Android_PVRTCTargetPlatform
[2018.04.05-20.46.41:200][  0]LogTemp:Display: Loaded TP HTML5TargetPlatform
[2018.04.05-20.46.41:250][  0]LogTemp:Display: Loaded TP IOSTargetPlatform
[2018.04.05-20.46.41:276][  0]LogTemp:Display: Loaded TP TVOSTargetPlatform
[2018.04.05-20.46.41:306][  0]LogTemp:Display: Loaded TP LinuxClientTargetPlatform
[2018.04.05-20.46.41:334][  0]LogTemp:Display: Loaded TP LinuxNoEditorTargetPlatform
[2018.04.05-20.46.41:364][  0]LogTemp:Display: Loaded TP LinuxServerTargetPlatform
[2018.04.05-20.46.41:394][  0]LogTemp:Display: Loaded TP LinuxTargetPlatform
[2018.04.05-20.46.41:394][  0]LogTargetPlatformManager:Display: Building Assets For Windows
[2018.04.05-20.46.41:676][  0]LogDerivedDataCache:Display: Max Cache Size: 512 MB
[2018.04.05-20.46.41:889][  0]LogDerivedDataCache: Loaded boot cache 0.21s 62MB C:/Users/E/AppData/Local/UnrealEngine/4.13/DerivedDataCache/Boot.ddc.
[2018.04.05-20.46.41:889][  0]LogDerivedDataCache:Display: Loaded Boot cache: C:/Users/E/AppData/Local/UnrealEngine/4.13/DerivedDataCache/Boot.ddc
[2018.04.05-20.46.41:890][  0]LogDerivedDataCache: FDerivedDataBackendGraph:  Pak pak cache file ../../../../../../Users/E/Documents/Unreal Projects/gorge/DerivedDataCache/DDC.ddp not found, will not use a pak cache.
[2018.04.05-20.46.41:890][  0]LogDerivedDataCache: Unable to find inner node Pak for hierarchical cache Hierarchy.
[2018.04.05-20.46.41:890][  0]LogDerivedDataCache: FDerivedDataBackendGraph:  CompressedPak pak cache file ../../../../../../Users/E/Documents/Unreal Projects/gorge/DerivedDataCache/Compressed.ddp not found, will not use a pak cache.
[2018.04.05-20.46.41:890][  0]LogDerivedDataCache: Unable to find inner node CompressedPak for hierarchical cache Hierarchy.
[2018.04.05-20.46.41:961][  0]LogDerivedDataCache:Display: Pak cache opened for reading ../../../Engine/DerivedDataCache/Compressed.ddp.
[2018.04.05-20.46.41:976][  0]LogDerivedDataCache: Using Local data cache path C:/Users/E/AppData/Local/UnrealEngine/Common/DerivedDataCache: Writable
[2018.04.05-20.46.42:776][  0]LogInit: Selected Device Profile: [Windows]
[2018.04.05-20.46.42:788][  0]LogContentStreaming: Texture pool size is 0.00 MB
[2018.04.05-20.46.43:155][  0]LogMeshUtilities: No automatic mesh reduction module available
[2018.04.05-20.46.43:155][  0]LogMeshUtilities: No automatic mesh merging module available
[2018.04.05-20.46.43:155][  0]LogMeshUtilities: No distributed automatic mesh merging module available
[2018.04.05-20.46.43:443][  0]LogMaterial: Uniform references updated for custom material expression Custom.
[2018.04.05-20.46.44:483][  0]LogNetVersion: GetLocalNetworkVersion: CL: 3106830, ProjectName: gorge, ProjectVersion: , EngineNetworkVersion: 1, GameNetworkVersion: 0, NetworkChecksum: 17252824
[2018.04.05-20.46.44:565][  0]LogAssetRegistry: FAssetRegistry took 0.0242 seconds to start up
[2018.04.05-20.46.44:710][  0]LogPackageLocalizationCache: Processed 3 localized package path(s) for 2 prioritized culture(s) in 0.133065 seconds
[2018.04.05-20.46.44:731][  0]LogUObjectArray: 29778 objects as part of root set at end of initial load.
[2018.04.05-20.46.44:731][  0]LogUObjectAllocator: 6125456 out of 0 bytes used by permanent object pool.
[2018.04.05-20.46.44:731][  0]LogUObjectArray: CloseDisregardForGC: 0/0 objects in disregard for GC pool
[2018.04.05-20.46.44:755][  0]LogInit: WinSock: version 1.1 (2.2), MaxSocks=32767, MaxUdp=65467
[2018.04.05-20.46.45:565][  0]LogSlate: SlateFontCache - WITH_FREETYPE: 1, WITH_HARFBUZZ: 1
[2018.04.05-20.46.45:565][  0]LogSlate: SlateFontCache - WITH_FREETYPE: 1, WITH_HARFBUZZ: 1
[2018.04.05-20.46.48:118][  0]LogTcpMessaging: Initializing TcpMessaging bridge
[2018.04.05-20.46.48:163][  0]LogUdpMessaging: Initializing bridge on interface 0.0.0.0:0 to multicast group 230.0.0.1:6666.
[2018.04.05-20.46.48:902][  0]SourceControl: Info Source control is disabled
[2018.04.05-20.46.48:906][  0]SourceControl: Info Source control is disabled
[2018.04.05-20.46.48:935][  0]SourceControl: Info Source control is disabled
[2018.04.05-20.46.48:964][  0]SourceControl: Info Source control is disabled
[2018.04.05-20.46.49:952][  0]LogEngine: Initializing Engine...
[2018.04.05-20.46.49:954][  0]LogHMD: Failed to initialize OpenVR with code 110
[2018.04.05-20.46.50:482][  0]LogAIModule: Creating AISystem for world Untitled
[2018.04.05-20.46.50:505][  0]LogInit: XAudio2 using 'Speakers (Realtek High Definition Audio)' : 2 channels at 48 kHz using 32 bits per sample (channel mask 0x3)
[2018.04.05-20.46.50:581][  0]LogInit: FAudioDevice initialized.
[2018.04.05-20.46.50:713][  0]LogDerivedDataCache: Saved boot cache 0.13s 62MB C:/Users/E/AppData/Local/UnrealEngine/4.13/DerivedDataCache/Boot.ddc.
[2018.04.05-20.46.50:752][  0]LogInit: Texture streaming: Enabled
[2018.04.05-20.46.50:867][  0]LogInit: Transaction tracking system initialized
[2018.04.05-20.46.50:947][  0]BlueprintLog: New page: Editor Load
[2018.04.05-20.46.51:228][  0]LocalizationService: Info Localization service is disabled
[2018.04.05-20.46.52:395][  0]LogConsoleResponse:Display: 
[2018.04.05-20.46.52:830][  0]LogCook:Display: Max memory allowance for cook 16384mb min free memory 0mb
[2018.04.05-20.46.52:830][  0]LogCook:Display: Mobile HDR setting 1
[2018.04.05-20.46.53:448][  0]LogFileCache: Scanning file cache for directory 'C:/Users/E/Documents/Unreal Projects/gorge/Content/' took 0.02s
[2018.04.05-20.46.53:448][  0]SourceControl: Info Source control is disabled
[2018.04.05-20.46.53:449][  0]Cmd: MAP LOAD FILE="../../../../../../Users/E/Documents/Unreal Projects/gorge/Content/ThirdPersonBP/Maps/ThirdPersonExampleMap.umap" TEMPLATE=0 SHOWPROGRESS=1 FEATURELEVEL=3
[2018.04.05-20.46.53:452][  0]LightingResults: New page: Lighting Build
[2018.04.05-20.46.53:464][  0]MapCheck: New page: Map Check
[2018.04.05-20.46.53:464][  0]LightingResults: New page: Lighting Build
[2018.04.05-20.46.55:401][  0]LogAIModule: Creating AISystem for world ThirdPersonExampleMap
[2018.04.05-20.46.55:443][  0]LogEditorServer: Finished looking for orphan Actors (0.000 secs)
[2018.04.05-20.46.55:446][  0]Cmd: MAP CHECKDEP NOCLEARLOG
[2018.04.05-20.46.55:649][  0]MapCheck: Info Map check complete: 0 Error(s), 0 Warning(s), took 202.161ms to complete.
[2018.04.05-20.46.55:650][  0]LogFileHelpers: Loading map 'ThirdPersonExampleMap' took 2.200
[2018.04.05-20.46.55:997][  0]LogCollectionManager: Loaded 0 collections in 0.007211 seconds
[2018.04.05-20.46.56:057][  0]LogFileCache: Scanning file cache for directory 'C:/Users/E/Documents/Unreal Projects/gorge/Saved/Collections/' took 0.01s
[2018.04.05-20.46.56:057][  0]LogFileCache: Scanning file cache for directory 'C:/Users/E/Documents/Unreal Projects/gorge/Content/Developers/E/Collections/' took 0.01s
[2018.04.05-20.46.56:057][  0]LogFileCache: Scanning file cache for directory 'C:/Users/E/Documents/Unreal Projects/gorge/Content/Collections/' took 0.01s
[2018.04.05-20.46.56:057][  0]LogCollectionManager: Rebuilt the GUID cache for 0 collections in 0.000011 seconds
[2018.04.05-20.46.56:096][  0]LogContentBrowser: Native class hierarchy populated in 0.0385 seconds. Added 2141 classes and 415 folders.
[2018.04.05-20.46.56:109][  0]LogStats: UGameplayTagsManager::ConstructGameplayTagTree: Construct from data asset -  0.000 s
[2018.04.05-20.46.56:109][  0]LogStats: UGameplayTagsManager::ConstructGameplayTagTree: GameplayTagTreeChangedEvent.Broadcast -  0.000 s
[2018.04.05-20.46.56:112][  0]LogContentBrowser: Native class hierarchy updated for 'GameplayTags' in 0.0028 seconds. Added 12 classes and 0 folders.
[2018.04.05-20.46.56:129][  0]LogContentBrowser: Native class hierarchy updated for 'WidgetCarousel' in 0.0030 seconds. Added 0 classes and 0 folders.
[2018.04.05-20.46.56:304][  0]LogContentBrowser: Native class hierarchy updated for 'AddContentDialog' in 0.0016 seconds. Added 0 classes and 0 folders.
[2018.04.05-20.46.56:319][  0]LogContentBrowser: Native class hierarchy updated for 'SceneOutliner' in 0.0018 seconds. Added 1 classes and 2 folders.
[2018.04.05-20.46.56:378][  0]LogCrashTracker: Crashtracker disabled due to settings.
[2018.04.05-20.46.56:402][  0]LogUObjectGlobals:Warning: Failed to find object 'Class None.'
[2018.04.05-20.46.56:442][  0]LogContentBrowser: Native class hierarchy updated for 'HierarchicalLODOutliner' in 0.0019 seconds. Added 1 classes and 2 folders.
[2018.04.05-20.46.56:443][  0]LogLoad: (Engine Initialization) Total time: 25.17 seconds
[2018.04.05-20.46.56:443][  0]LogLoad: (Engine Initialization) Total Blueprint compile time: 0.50 seconds
[2018.04.05-20.46.56:443][  0]LogExternalProfiler: Found external profiler: VSPerf
[2018.04.05-20.46.56:443][  0]LogExternalProfiler: Using external profiler: VSPerf
[2018.04.05-20.46.56:785][  0]LogOcInput: OculusInput pre-init called
[2018.04.05-20.46.56:818][  0]LogContentStreaming: Texture pool size now 600 MB
[2018.04.05-20.46.57:449][  0]LogRenderer: Reallocating scene render targets to support 1208x568 (Frame:2).
[2018.04.05-20.46.59:318][  6]LogAssetRegistry: Asset discovery search completed in 14.7771 seconds
[2018.04.05-20.46.59:318][  6]LogCollectionManager: Rebuilt the object cache for 0 collections in 0.000001 seconds (found 0 objects)
[2018.04.05-20.46.59:318][  6]LogCollectionManager: Fixed up redirectors for 0 collections in 0.000093 seconds (updated 0 objects)
[2018.04.05-20.47.13:692][298]Cmd: CAMERA ALIGN ACTIVEVIEWPORTONLY
[2018.04.05-20.47.24:407][554]Cmd: CAMERA ALIGN ACTIVEVIEWPORTONLY
[2018.04.05-20.47.33:510][838]Cmd: TRANSACTION UNDO
[2018.04.05-20.47.33:510][838]LogEditorTransaction: Undo Move Actors
[2018.04.05-20.47.33:542][838]LogActorComponent: ~FComponentReregisterContext: (/Game/ThirdPersonBP/Maps/ThirdPersonExampleMap.ThirdPersonExampleMap:PersistentLevel.BoxBrush3.BrushComponent0) Component already registered.
[2018.04.05-20.47.33:557][838]LogActorComponent: ~FComponentReregisterContext: (/Game/ThirdPersonBP/Maps/ThirdPersonExampleMap.ThirdPersonExampleMap:PersistentLevel.BoxBrush21.BrushComponent0) Component already registered.
[2018.04.05-20.47.33:558][838]LogActorComponent: ~FComponentReregisterContext: (/Game/ThirdPersonBP/Maps/ThirdPersonExampleMap.ThirdPersonExampleMap:PersistentLevel.BoxBrush4_12.BrushComponent0) Component already registered.
[2018.04.05-20.47.34:008][845]Cmd: TRANSACTION UNDO
[2018.04.05-20.47.34:008][845]LogEditorTransaction: Undo Modifier [Edit]
[2018.04.05-20.47.34:593][861]Cmd: TRANSACTION UNDO
[2018.04.05-20.47.34:593][861]LogEditorTransaction: Undo Modifier [Edit]
[2018.04.05-20.47.35:128][876]Cmd: TRANSACTION UNDO
[2018.04.05-20.47.35:128][876]LogEditorTransaction: Undo Select Brush Surface
[2018.04.05-20.47.58:348][761]Cmd: DELETE
[2018.04.05-20.47.58:359][761]LogGeometryMode:Warning: Unable to find 3 Poly(s) in new BSP
[2018.04.05-20.47.58:359][761]LogGeometryMode:Warning: Unable to resolve BoxBrush13 Brush in new BSP, see above
[2018.04.05-20.47.58:359][761]LogGeometryMode:Warning: Unable to find all previously selected geometry data, resetting selection
[2018.04.05-20.48.14:175][351]Cmd: DELETE
[2018.04.05-20.48.14:185][351]LogGeometryMode:Warning: Unable to find 3 Vertex(s) in new BSP
[2018.04.05-20.48.14:185][351]LogGeometryMode:Warning: Unable to find 1 Edge(s) in new BSP
[2018.04.05-20.48.14:185][351]LogGeometryMode:Warning: Unable to resolve BoxBrush13 Brush in new BSP, see above
[2018.04.05-20.48.14:185][351]LogGeometryMode:Warning: Unable to find all previously selected geometry data, resetting selection
[2018.04.05-20.48.19:342][542]Cmd: DELETE
[2018.04.05-20.48.19:352][542]LogGeometryMode:Warning: Unable to find 1 Vertex(s) in new BSP
[2018.04.05-20.48.19:352][542]LogGeometryMode:Warning: Unable to resolve BoxBrush13 Brush in new BSP, see above
[2018.04.05-20.48.19:352][542]LogGeometryMode:Warning: Unable to find all previously selected geometry data, resetting selection
[2018.04.05-20.49.57:949][180]Cmd: TRANSACTION UNDO
[2018.04.05-20.49.57:949][180]LogEditorTransaction: Undo Modifier [Edit]
[2018.04.05-20.49.58:431][190]Cmd: TRANSACTION UNDO
[2018.04.05-20.49.58:431][190]LogEditorTransaction: Undo Modifier [Edit]
[2018.04.05-20.49.58:832][201]Cmd: TRANSACTION UNDO
[2018.04.05-20.49.58:833][201]LogEditorTransaction: Undo Modifier [Edit]
[2018.04.05-20.49.59:285][214]Cmd: TRANSACTION UNDO
[2018.04.05-20.49.59:285][214]LogEditorTransaction: Undo Modifier [Edit]
[2018.04.05-20.49.59:671][225]Cmd: TRANSACTION UNDO
[2018.04.05-20.49.59:671][225]LogEditorTransaction: Undo Modifier [Edit]
[2018.04.05-20.50.00:087][237]Cmd: TRANSACTION UNDO
[2018.04.05-20.50.00:087][237]LogEditorTransaction: Undo Modifier [Delete]
[2018.04.05-20.50.00:117][237]LogActorComponent: ~FComponentReregisterContext: (/Game/ThirdPersonBP/Maps/ThirdPersonExampleMap.ThirdPersonExampleMap:PersistentLevel.BoxBrush_7.BrushComponent0) Component already registered.
[2018.04.05-20.50.00:134][237]LogActorComponent: ~FComponentReregisterContext: (/Game/ThirdPersonBP/Maps/ThirdPersonExampleMap.ThirdPersonExampleMap:PersistentLevel.BoxBrush11.BrushComponent0) Component already registered.
[2018.04.05-20.50.00:805][257]Cmd: TRANSACTION UNDO
[2018.04.05-20.50.00:806][257]LogEditorTransaction: Undo Modifier [Edit]
[2018.04.05-20.50.01:341][272]Cmd: TRANSACTION UNDO
[2018.04.05-20.50.01:341][272]LogEditorTransaction: Undo Modifier [Delete]
[2018.04.05-20.50.01:370][272]LogActorComponent: ~FComponentReregisterContext: (/Game/ThirdPersonBP/Maps/ThirdPersonExampleMap.ThirdPersonExampleMap:PersistentLevel.BoxBrush_7.BrushComponent0) Component already registered.
[2018.04.05-20.50.01:385][272]LogActorComponent: ~FComponentReregisterContext: (/Game/ThirdPersonBP/Maps/ThirdPersonExampleMap.ThirdPersonExampleMap:PersistentLevel.BoxBrush11.BrushComponent0) Component already registered.
[2018.04.05-20.50.10:638][601]Cmd: DELETE
[2018.04.05-20.50.10:648][601]LogGeometryMode:Warning: Unable to find 1 Vertex(s) in new BSP
[2018.04.05-20.50.10:648][601]LogGeometryMode:Warning: Unable to resolve BoxBrush13 Brush in new BSP, see above
[2018.04.05-20.50.10:648][601]LogGeometryMode:Warning: Unable to find all previously selected geometry data, resetting selection
[2018.04.05-20.50.13:767][719]Cmd: DELETE
[2018.04.05-20.50.13:777][719]LogGeometryMode:Warning: Unable to find 1 Vertex(s) in new BSP
[2018.04.05-20.50.13:777][719]LogGeometryMode:Warning: Unable to resolve BoxBrush13 Brush in new BSP, see above
[2018.04.05-20.50.13:777][719]LogGeometryMode:Warning: Unable to find all previously selected geometry data, resetting selection
[2018.04.05-20.50.28:026][198]Cmd: CAMERA ALIGN ACTIVEVIEWPORTONLY
[2018.04.05-20.50.37:549][509]Cmd: CAMERA ALIGN ACTIVEVIEWPORTONLY
[2018.04.05-20.51.08:096][570]LogEditorViewport: Clicking on Actor (LMB): BP_Sky_Sphere_C (SkySphereBlueprint)
[2018.04.05-20.51.28:693][321]Cmd: CAMERA ALIGN ACTIVEVIEWPORTONLY
[2018.04.05-20.51.56:439][213]Cmd: CAMERA ALIGN ACTIVEVIEWPORTONLY
[2018.04.05-20.52.11:635][710]Cmd: CAMERA ALIGN ACTIVEVIEWPORTONLY
[2018.04.05-20.52.32:388][478]Cmd: CAMERA ALIGN ACTIVEVIEWPORTONLY
[2018.04.05-20.52.40:253][724]LogSavePackage: Save=582.04ms
[2018.04.05-20.52.40:253][724]LogSavePackage: Moving '../../../../../../Users/E/Documents/Unreal Projects/gorge/Saved/ThirdPersonExampleMap6E22187E4BABDD9DD302DE9DB7A18082.tmp' to '../../../../../../Users/E/Documents/Unreal Projects/gorge/Content/ThirdPersonBP/Maps/ThirdPersonExampleMap.umap'
[2018.04.05-20.52.40:267][724]LogSavePackage:Display: Finished SavePackage ../../../../../../Users/E/Documents/Unreal Projects/gorge/Content/ThirdPersonBP/Maps/ThirdPersonExampleMap.umap
[2018.04.05-20.52.40:430][724]LogFileHelpers: Saving map 'ThirdPersonExampleMap' took 1.007
[2018.04.05-20.52.42:313][786]LogWindowsTextInputMethodSystem:Display: IME system now deactivated.
[2018.04.05-20.52.42:835][787]Cmd: QUIT_EDITOR
[2018.04.05-20.52.43:107][787]LogExit: Preparing to exit.
[2018.04.05-20.52.43:558][787]LogDirectoryWatcher: A directory notification for 'C:/Users/E/Documents/Unreal Projects/gorge/Content/' was aborted.
[2018.04.05-20.52.43:618][787]LogExit: Editor shut down
[2018.04.05-20.52.43:619][787]LogExit: Transaction tracking system shut down
[2018.04.05-20.52.43:998][787]LogObj: Freed 0b from 0 cluster array pools.
[2018.04.05-20.52.43:998][787]LogExit: Object subsystem successfully closed.
[2018.04.05-20.52.44:028][787]LogD3D11RHI: Shutdown
[2018.04.05-20.52.44:028][787]LogD3D11RHI: CleanupD3DDevice
[2018.04.05-20.52.44:278][787]LogD3D11RHI: ~FD3D11DynamicRHI
[2018.04.05-20.52.44:325][787]LogModuleManager: Shutting down and abandoning module HierarchicalLODOutliner (233)
[2018.04.05-20.52.44:325][787]LogModuleManager: Shutting down and abandoning module CrashTracker (232)
[2018.04.05-20.52.44:325][787]LogModuleManager: Shutting down and abandoning module SceneOutliner (231)
[2018.04.05-20.52.44:325][787]LogModuleManager: Shutting down and abandoning module WidgetCarousel (230)
[2018.04.05-20.52.44:325][787]LogModuleManager: Shutting down and abandoning module AddContentDialog (229)
[2018.04.05-20.52.44:325][787]LogDirectoryWatcher: A directory notification for 'C:/Program Files (x86)/Epic Games/4.13/FeaturePacks/' was aborted.
[2018.04.05-20.52.44:328][787]LogModuleManager: Shutting down and abandoning module GameplayTags (228)
[2018.04.05-20.52.44:328][787]LogModuleManager: Shutting down and abandoning module EditorWidgets (227)
[2018.04.05-20.52.44:328][787]LogModuleManager: Shutting down and abandoning module CollectionManager (226)
[2018.04.05-20.52.44:329][787]LogDirectoryWatcher: A directory notification for 'C:/Users/E/Documents/Unreal Projects/gorge/Content/Collections/' was aborted.
[2018.04.05-20.52.44:329][787]LogDirectoryWatcher: A directory notification for 'C:/Users/E/Documents/Unreal Projects/gorge/Content/Developers/E/Collections/' was aborted.
[2018.04.05-20.52.44:329][787]LogDirectoryWatcher: A directory notification for 'C:/Users/E/Documents/Unreal Projects/gorge/Saved/Collections/' was aborted.
[2018.04.05-20.52.44:329][787]LogModuleManager: Shutting down and abandoning module StatsViewer (225)
[2018.04.05-20.52.44:329][787]LogModuleManager: Shutting down and abandoning module FoliageEdit (224)
[2018.04.05-20.52.44:329][787]LogModuleManager: Shutting down and abandoning module LandscapeEditor (223)
[2018.04.05-20.52.44:330][787]LogModuleManager: Shutting down and abandoning module SceneDepthPickerMode (222)
[2018.04.05-20.52.44:330][787]LogModuleManager: Shutting down and abandoning module ActorPickerMode (221)
[2018.04.05-20.52.44:330][787]LogModuleManager: Shutting down and abandoning module GeometryMode (220)
[2018.04.05-20.52.44:330][787]LogModuleManager: Shutting down and abandoning module TextureAlignMode (219)
[2018.04.05-20.52.44:330][787]LogModuleManager: Shutting down and abandoning module BspMode (218)
[2018.04.05-20.52.44:330][787]LogModuleManager: Shutting down and abandoning module HardwareSurvey (217)
[2018.04.05-20.52.44:330][787]LogModuleManager: Shutting down and abandoning module SequenceRecorderSections (216)
[2018.04.05-20.52.44:330][787]LogModuleManager: Shutting down and abandoning module SequenceRecorder (215)
[2018.04.05-20.52.44:330][787]LogModuleManager: Shutting down and abandoning module AutomationWorker (214)
[2018.04.05-20.52.44:330][787]LogModuleManager: Shutting down and abandoning module MatineeToLevelSequence (213)
[2018.04.05-20.52.44:330][787]LogModuleManager: Shutting down and abandoning module PlacementMode (212)
[2018.04.05-20.52.44:330][787]LogModuleManager: Shutting down and abandoning module LevelSequenceEditor (211)
[2018.04.05-20.52.44:331][787]LogModuleManager: Shutting down and abandoning module WmfMediaFactory (210)
[2018.04.05-20.52.44:331][787]LogModuleManager: Shutting down and abandoning module WmfMediaEditor (209)
[2018.04.05-20.52.44:331][787]LogModuleManager: Shutting down and abandoning module AvfMediaFactory (208)
[2018.04.05-20.52.44:331][787]LogModuleManager: Shutting down and abandoning module AvfMediaEditor (207)
[2018.04.05-20.52.44:331][787]LogModuleManager: Shutting down and abandoning module Media (206)
[2018.04.05-20.52.44:331][787]LogModuleManager: Shutting down and abandoning module AndroidMediaFactory (205)
[2018.04.05-20.52.44:331][787]LogModuleManager: Shutting down and abandoning module AndroidMediaEditor (204)
[2018.04.05-20.52.44:331][787]LogModuleManager: Shutting down and abandoning module CharacterAI (203)
[2018.04.05-20.52.44:331][787]LogModuleManager: Shutting down and abandoning module SmartSnapping (202)
[2018.04.05-20.52.44:331][787]LogModuleManager: Shutting down and abandoning module SessionServices (201)
[2018.04.05-20.52.44:331][787]LogModuleManager: Shutting down and abandoning module ViewportSnapping (200)
[2018.04.05-20.52.44:331][787]LogModuleManager: Shutting down and abandoning module ViewportInteraction (199)
[2018.04.05-20.52.44:331][787]LogModuleManager: Shutting down and abandoning module LogVisualizer (198)
[2018.04.05-20.52.44:331][787]LogModuleManager: Shutting down and abandoning module GameProjectGeneration (197)
[2018.04.05-20.52.44:331][787]LogModuleManager: Shutting down and abandoning module IntroTutorials (196)
[2018.04.05-20.52.44:331][787]LogModuleManager: Shutting down and abandoning module EditorLiveStreaming (195)
[2018.04.05-20.52.44:331][787]LogModuleManager: Shutting down and abandoning module IOSPlatformEditor (194)
[2018.04.05-20.52.44:331][787]LogModuleManager: Shutting down and abandoning module HTML5PlatformEditor (193)
[2018.04.05-20.52.44:331][787]LogModuleManager: Shutting down and abandoning module AndroidDeviceDetection (192)
[2018.04.05-20.52.44:539][787]LogModuleManager: Shutting down and abandoning module AndroidPlatformEditor (191)
[2018.04.05-20.52.44:539][787]LogModuleManager: Shutting down and abandoning module IOSRuntimeSettings (190)
[2018.04.05-20.52.44:539][787]LogModuleManager: Shutting down and abandoning module AndroidRuntimeSettings (189)
[2018.04.05-20.52.44:539][787]LogModuleManager: Shutting down and abandoning module NiagaraEditor (188)
[2018.04.05-20.52.44:539][787]LogModuleManager: Shutting down and abandoning module MergeActors (187)
[2018.04.05-20.52.44:539][787]LogModuleManager: Shutting down and abandoning module SizeMap (186)
[2018.04.05-20.52.44:539][787]LogModuleManager: Shutting down and abandoning module TreeMap (185)
[2018.04.05-20.52.44:539][787]LogModuleManager: Shutting down and abandoning module ReferenceViewer (184)
[2018.04.05-20.52.44:539][787]LogModuleManager: Shutting down and abandoning module LocalizationService (183)
[2018.04.05-20.52.44:539][787]LogModuleManager: Shutting down and abandoning module LocalizationDashboard (182)
[2018.04.05-20.52.44:539][787]LogModuleManager: Shutting down and abandoning module HardwareTargeting (181)
[2018.04.05-20.52.44:540][787]LogModuleManager: Shutting down and abandoning module DeviceProfileEditor (180)
[2018.04.05-20.52.44:540][787]LogModuleManager: Shutting down and abandoning module UndoHistory (179)
[2018.04.05-20.52.44:540][787]LogModuleManager: Shutting down and abandoning module UserFeedback (178)
[2018.04.05-20.52.44:540][787]LogModuleManager: Shutting down and abandoning module XmlParser (177)
[2018.04.05-20.52.44:540][787]LogModuleManager: Shutting down and abandoning module Blutility (176)
[2018.04.05-20.52.44:540][787]LogModuleManager: Shutting down and abandoning module ProjectTargetPlatformEditor (175)
[2018.04.05-20.52.44:540][787]LogModuleManager: Shutting down and abandoning module ProjectSettingsViewer (174)
[2018.04.05-20.52.44:540][787]LogModuleManager: Shutting down and abandoning module InputBindingEditor (173)
[2018.04.05-20.52.44:541][787]LogModuleManager: Shutting down and abandoning module EditorSettingsViewer (172)
[2018.04.05-20.52.44:541][787]LogModuleManager: Shutting down and abandoning module SettingsEditor (171)
[2018.04.05-20.52.44:541][787]LogModuleManager: Shutting down and abandoning module ProjectLauncher (170)
[2018.04.05-20.52.44:541][787]LogModuleManager: Shutting down and abandoning module SessionFrontend (169)
[2018.04.05-20.52.44:541][787]LogModuleManager: Shutting down and abandoning module ProfilerClient (168)
[2018.04.05-20.52.44:541][787]LogModuleManager: Shutting down and abandoning module TargetDeviceServices (167)
[2018.04.05-20.52.44:541][787]LogModuleManager: Shutting down and abandoning module DeviceManager (166)
[2018.04.05-20.52.44:607][787]LogModuleManager: Shutting down and abandoning module AutomationController (165)
[2018.04.05-20.52.44:607][787]LogModuleManager: Shutting down and abandoning module AutomationWindow (164)
[2018.04.05-20.52.44:607][787]LogModuleManager: Shutting down and abandoning module Layers (163)
[2018.04.05-20.52.44:607][787]LogModuleManager: Shutting down and abandoning module ComponentVisualizers (162)
[2018.04.05-20.52.44:607][787]LogModuleManager: Shutting down and abandoning module DetailCustomizations (161)
[2018.04.05-20.52.44:607][787]LogModuleManager: Shutting down and abandoning module PackagesDialog (160)
[2018.04.05-20.52.44:608][787]LogModuleManager: Shutting down and abandoning module AnimGraph (159)
[2018.04.05-20.52.44:608][787]LogModuleManager: Shutting down and abandoning module Persona (158)
[2018.04.05-20.52.44:608][787]LogModuleManager: Shutting down and abandoning module Kismet (157)
[2018.04.05-20.52.44:609][787]LogModuleManager: Shutting down and abandoning module GraphEditor (156)
[2018.04.05-20.52.44:609][787]LogModuleManager: Shutting down and abandoning module ClassViewer (155)
[2018.04.05-20.52.44:609][787]LogModuleManager: Shutting down and abandoning module Toolbox (154)
[2018.04.05-20.52.44:609][787]LogModuleManager: Shutting down and abandoning module ModuleUI (153)
[2018.04.05-20.52.44:609][787]LogModuleManager: Shutting down and abandoning module MovieSceneTools (152)
[2018.04.05-20.52.44:609][787]LogModuleManager: Shutting down and abandoning module OutputLog (151)
[2018.04.05-20.52.44:609][787]LogModuleManager: Shutting down and abandoning module GammaUI (150)
[2018.04.05-20.52.44:610][787]LogModuleManager: Shutting down and abandoning module Documentation (149)
[2018.04.05-20.52.44:610][787]LogModuleManager: Shutting down and abandoning module Niagara (148)
[2018.04.05-20.52.44:610][787]LogModuleManager: Shutting down and abandoning module StreamingPauseRendering (147)
[2018.04.05-20.52.44:610][787]LogModuleManager: Shutting down and abandoning module AnalyticsET (146)
[2018.04.05-20.52.44:610][787]LogModuleManager: Shutting down and abandoning module PortalServices (145)
[2018.04.05-20.52.44:610][787]LogModuleManager: Shutting down and abandoning module PortalRpc (144)
[2018.04.05-20.52.44:610][787]LogModuleManager: Shutting down and abandoning module MessagingRpc (143)
[2018.04.05-20.52.44:610][787]LogModuleManager: Shutting down and abandoning module GameplayDebugger (142)
[2018.04.05-20.52.44:610][787]LogModuleManager: Shutting down and abandoning module AITestSuite (141)
[2018.04.05-20.52.44:610][787]LogModuleManager: Shutting down and abandoning module AIModule (140)
[2018.04.05-20.52.44:610][787]LogModuleManager: Shutting down and abandoning module ProfilerService (139)
[2018.04.05-20.52.44:822][787]LogModuleManager: Shutting down and abandoning module TaskGraph (138)
[2018.04.05-20.52.44:822][787]LogModuleManager: Shutting down and abandoning module SlateRemote (137)
[2018.04.05-20.52.44:822][787]LogModuleManager: Shutting down and abandoning module SteamVRController (136)
[2018.04.05-20.52.44:822][787]LogModuleManager: Shutting down and abandoning module SteamVR (135)
[2018.04.05-20.52.44:822][787]LogModuleManager: Shutting down and abandoning module ProceduralMeshComponentEditor (134)
[2018.04.05-20.52.44:822][787]LogModuleManager: Shutting down and abandoning module ProceduralMeshComponent (133)
[2018.04.05-20.52.44:822][787]LogModuleManager: Shutting down and abandoning module OculusLibrary (132)
[2018.04.05-20.52.44:822][787]LogModuleManager: Shutting down and abandoning module OculusInput (131)
[2018.04.05-20.52.44:822][787]LogModuleManager: Shutting down and abandoning module CustomMeshComponent (130)
[2018.04.05-20.52.44:822][787]LogModuleManager: Shutting down and abandoning module CableComponent (129)
[2018.04.05-20.52.44:822][787]LogModuleManager: Shutting down and abandoning module ArchVisCharacter (128)
[2018.04.05-20.52.44:822][787]LogModuleManager: Shutting down and abandoning module MediaPlayerEditor (126)
[2018.04.05-20.52.44:823][787]LogModuleManager: Shutting down and abandoning module HTML5Networking (125)
[2018.04.05-20.52.44:823][787]LogModuleManager: Shutting down and abandoning module GeometryCacheEd (124)
[2018.04.05-20.52.44:823][787]LogModuleManager: Shutting down and abandoning module GeometryCache (123)
[2018.04.05-20.52.44:823][787]LogModuleManager: Shutting down and abandoning module AlembicLibrary (122)
[2018.04.05-20.52.44:823][787]LogModuleManager: Shutting down and abandoning module AlembicImporter (121)
[2018.04.05-20.52.44:823][787]LogModuleManager: Shutting down and abandoning module SuperSearch (120)
[2018.04.05-20.52.44:823][787]LogModuleManager: Shutting down and abandoning module SuperSearchEditor (119)
[2018.04.05-20.52.44:823][787]LogModuleManager: Shutting down and abandoning module SpeedTreeImporter (118)
[2018.04.05-20.52.44:823][787]LogModuleManager: Shutting down and abandoning module PluginBrowser (117)
[2018.04.05-20.52.44:823][787]LogModuleManager: Shutting down and abandoning module MobileLauncherProfileWizard (116)
[2018.04.05-20.52.44:823][787]LogModuleManager: Shutting down and abandoning module EpicSurvey (115)
[2018.04.05-20.52.44:823][787]LogModuleManager: Shutting down and abandoning module DesktopPlatform (114)
[2018.04.05-20.52.44:823][787]LogModuleManager: Shutting down and abandoning module VisualStudioSourceCodeAccess (113)
[2018.04.05-20.52.44:823][787]LogModuleManager: Shutting down and abandoning module UObjectPlugin (112)
[2018.04.05-20.52.44:823][787]LogModuleManager: Shutting down and abandoning module SubversionSourceControl (111)
[2018.04.05-20.52.44:824][787]LogModuleManager: Shutting down and abandoning module PerforceSourceControl (110)
[2018.04.05-20.52.44:824][787]LogModuleManager: Shutting down and abandoning module SourceControl (109)
[2018.04.05-20.52.44:824][787]LogModuleManager: Shutting down and abandoning module GitSourceControl (108)
[2018.04.05-20.52.44:824][787]LogModuleManager: Shutting down and abandoning module LightPropagationVolumeEditor (107)
[2018.04.05-20.52.44:824][787]LogModuleManager: Shutting down and abandoning module PaperTiledImporter (106)
[2018.04.05-20.52.44:824][787]LogModuleManager: Shutting down and abandoning module PaperSpriteSheetImporter (105)
[2018.04.05-20.52.44:824][787]LogModuleManager: Shutting down and abandoning module MeshPaint (104)
[2018.04.05-20.52.44:824][787]LogModuleManager: Shutting down and abandoning module FbxAutomationBuilderModule (103)
[2018.04.05-20.52.44:824][787]LogModuleManager: Shutting down and abandoning module PixelInspectorModule (102)
[2018.04.05-20.52.44:824][787]LogModuleManager: Shutting down and abandoning module HotReload (101)
[2018.04.05-20.52.44:825][787]LogModuleManager: Shutting down and abandoning module MainFrame (100)
[2018.04.05-20.52.44:826][787]LogModuleManager: Shutting down and abandoning module LevelEditor (99)
[2018.04.05-20.52.44:828][787]LogModuleManager: Shutting down and abandoning module ContentBrowser (98)
[2018.04.05-20.52.44:830][787]LogModuleManager: Shutting down and abandoning module Paper2DEditor (97)
[2018.04.05-20.52.44:830][787]LogModuleManager: Shutting down and abandoning module UdpMessaging (96)
[2018.04.05-20.52.44:931][787]LogModuleManager: Shutting down and abandoning module TcpMessaging (95)
[2018.04.05-20.52.45:031][787]LogModuleManager: Shutting down and abandoning module LightPropagationVolumeRuntime (94)
[2018.04.05-20.52.45:031][787]LogModuleManager: Shutting down and abandoning module Paper2D (93)
[2018.04.05-20.52.45:031][787]LogModuleManager: Shutting down and abandoning module WindowsMoviePlayer (92)
[2018.04.05-20.52.45:031][787]LogModuleManager: Shutting down and abandoning module WmfMedia (91)
[2018.04.05-20.52.45:036][787]LogModuleManager: Shutting down and abandoning module MediaAssets (90)
[2018.04.05-20.52.45:036][787]LogModuleManager: Shutting down and abandoning module GameLiveStreaming (89)
[2018.04.05-20.52.45:037][787]LogModuleManager: Shutting down and abandoning module GameplayTagsEditor (88)
[2018.04.05-20.52.45:037][787]LogModuleManager: Shutting down and abandoning module VREditor (87)
[2018.04.05-20.52.45:037][787]LogModuleManager: Shutting down and abandoning module GameplayTasksEditor (86)
[2018.04.05-20.52.45:037][787]LogModuleManager: Shutting down and abandoning module PropertyEditor (85)
[2018.04.05-20.52.45:037][787]LogModuleManager: Shutting down and abandoning module BehaviorTreeEditor (84)
[2018.04.05-20.52.45:037][787]LogModuleManager: Shutting down and abandoning module FunctionalTesting (83)
[2018.04.05-20.52.45:037][787]LogModuleManager: Shutting down and abandoning module CollisionAnalyzer (82)
[2018.04.05-20.52.45:037][787]LogModuleManager: Shutting down and abandoning module Sequencer (81)
[2018.04.05-20.52.45:037][787]LogModuleManager: Shutting down and abandoning module WorkspaceMenuStructure (80)
[2018.04.05-20.52.45:037][787]LogModuleManager: Shutting down and abandoning module MessageLog (79)
[2018.04.05-20.52.45:038][787]LogModuleManager: Shutting down and abandoning module AssetTools (78)
[2018.04.05-20.52.45:038][787]LogModuleManager: Shutting down and abandoning module UMGEditor (77)
[2018.04.05-20.52.45:038][787]LogModuleManager: Shutting down and abandoning module UMG (76)
[2018.04.05-20.52.45:038][787]LogModuleManager: Shutting down and abandoning module SlateReflector (75)
[2018.04.05-20.52.45:038][787]LogModuleManager: Shutting down and abandoning module Slate (74)
[2018.04.05-20.52.45:038][787]LogModuleManager: Shutting down and abandoning module EditorStyle (73)
[2018.04.05-20.52.45:046][787]LogModuleManager: Shutting down and abandoning module SourceCodeAccess (72)
[2018.04.05-20.52.45:046][787]LogModuleManager: Shutting down and abandoning module HeadMountedDisplay (71)
[2018.04.05-20.52.45:046][787]LogModuleManager: Shutting down and abandoning module XAudio2 (70)
[2018.04.05-20.52.45:046][787]LogModuleManager: Shutting down and abandoning module Networking (68)
[2018.04.05-20.52.45:046][787]LogModuleManager: Shutting down and abandoning module Core (67)
[2018.04.05-20.52.45:046][787]LogModuleManager: Shutting down and abandoning module DirectoryWatcher (66)
[2018.04.05-20.52.45:046][787]LogDirectoryWatcher: A directory notification for '../../../Engine/Content/' was aborted.
[2018.04.05-20.52.45:046][787]LogDirectoryWatcher: A directory notification for '../../../../../../Users/E/Documents/Unreal Projects/gorge/Content/' was aborted.
[2018.04.05-20.52.45:047][787]LogDirectoryWatcher: A directory notification for '../../../Engine/Plugins/2D/Paper2D/Content/' was aborted.
[2018.04.05-20.52.45:048][787]LogModuleManager: Shutting down and abandoning module AssetRegistry (65)
[2018.04.05-20.52.45:311][787]LogModuleManager: Shutting down and abandoning module KismetCompiler (64)
[2018.04.05-20.52.45:311][787]LogModuleManager: Shutting down and abandoning module PhysXFormats (63)
[2018.04.05-20.52.45:311][787]LogModuleManager: Shutting down and abandoning module MeshUtilities (62)
[2018.04.05-20.52.45:312][787]LogModuleManager: Shutting down and abandoning module DerivedDataCache (61)
[2018.04.05-20.52.45:350][787]LogDerivedDataCache: Shutdown
[2018.04.05-20.52.45:351][787]LogModuleManager: Shutting down and abandoning module VulkanShaderFormat (60)
[2018.04.05-20.52.45:351][787]LogModuleManager: Shutting down and abandoning module ShaderFormatOpenGL (59)
[2018.04.05-20.52.45:351][787]LogModuleManager: Shutting down and abandoning module ShaderFormatD3D (58)
[2018.04.05-20.52.45:351][787]LogModuleManager: Shutting down and abandoning module MetalShaderFormat (57)
[2018.04.05-20.52.45:351][787]LogModuleManager: Shutting down and abandoning module TextureFormatUncompressed (56)
[2018.04.05-20.52.45:351][787]LogModuleManager: Shutting down and abandoning module TextureFormatPVR (55)
[2018.04.05-20.52.45:351][787]LogModuleManager: Shutting down and abandoning module TextureFormatDXT (54)
[2018.04.05-20.52.45:351][787]LogModuleManager: Shutting down and abandoning module TextureFormatIntelISPCTexComp (53)
[2018.04.05-20.52.45:352][787]LogModuleManager: Shutting down and abandoning module ImageWrapper (52)
[2018.04.05-20.52.45:352][787]LogModuleManager: Shutting down and abandoning module TextureFormatASTC (51)
[2018.04.05-20.52.45:352][787]LogModuleManager: Shutting down and abandoning module TextureFormatAndroid (50)
[2018.04.05-20.52.45:352][787]LogModuleManager: Shutting down and abandoning module AudioFormatOpus (49)
[2018.04.05-20.52.45:352][787]LogModuleManager: Shutting down and abandoning module AudioFormatOgg (48)
[2018.04.05-20.52.45:352][787]LogModuleManager: Shutting down and abandoning module AudioFormatADPCM (47)
[2018.04.05-20.52.45:352][787]LogModuleManager: Shutting down and abandoning module LinuxTargetPlatform (46)
[2018.04.05-20.52.45:352][787]LogModuleManager: Shutting down and abandoning module LinuxServerTargetPlatform (45)
[2018.04.05-20.52.45:352][787]LogModuleManager: Shutting down and abandoning module LinuxNoEditorTargetPlatform (44)
[2018.04.05-20.52.45:352][787]LogModuleManager: Shutting down and abandoning module LinuxClientTargetPlatform (43)
[2018.04.05-20.52.45:352][787]LogModuleManager: Shutting down and abandoning module TVOSTargetPlatform (42)
[2018.04.05-20.52.45:352][787]LogModuleManager: Shutting down and abandoning module Messaging (41)
[2018.04.05-20.52.45:352][787]LogModuleManager: Shutting down and abandoning module IOSTargetPlatform (40)
[2018.04.05-20.52.45:352][787]LogModuleManager: Shutting down and abandoning module HTML5TargetPlatform (39)
[2018.04.05-20.52.45:352][787]LogModuleManager: Shutting down and abandoning module Android_PVRTCTargetPlatform (38)
[2018.04.05-20.52.45:352][787]LogModuleManager: Shutting down and abandoning module Android_MultiTargetPlatform (37)
[2018.04.05-20.52.45:352][787]LogModuleManager: Shutting down and abandoning module Android_ETC2TargetPlatform (36)
[2018.04.05-20.52.45:352][787]LogModuleManager: Shutting down and abandoning module Android_ETC1TargetPlatform (35)
[2018.04.05-20.52.45:352][787]LogModuleManager: Shutting down and abandoning module Android_DXTTargetPlatform (34)
[2018.04.05-20.52.45:352][787]LogModuleManager: Shutting down and abandoning module Android_ATCTargetPlatform (33)
[2018.04.05-20.52.45:352][787]LogModuleManager: Shutting down and abandoning module Android_ASTCTargetPlatform (32)
[2018.04.05-20.52.45:352][787]LogModuleManager: Shutting down and abandoning module AndroidTargetPlatform (31)
[2018.04.05-20.52.45:352][787]LogModuleManager: Shutting down and abandoning module WindowsTargetPlatform (30)
[2018.04.05-20.52.45:352][787]LogModuleManager: Shutting down and abandoning module WindowsServerTargetPlatform (29)
[2018.04.05-20.52.45:352][787]LogModuleManager: Shutting down and abandoning module WindowsNoEditorTargetPlatform (28)
[2018.04.05-20.52.45:353][787]LogModuleManager: Shutting down and abandoning module WindowsClientTargetPlatform (27)
[2018.04.05-20.52.45:353][787]LogModuleManager: Shutting down and abandoning module AllDesktopTargetPlatform (26)
[2018.04.05-20.52.45:353][787]LogModuleManager: Shutting down and abandoning module TargetPlatform (25)
[2018.04.05-20.52.45:353][787]LogModuleManager: Shutting down and abandoning module InputCore (24)
[2018.04.05-20.52.45:353][787]LogModuleManager: Shutting down and abandoning module Settings (23)
[2018.04.05-20.52.45:353][787]LogModuleManager: Shutting down and abandoning module OculusRift (22)
[2018.04.05-20.52.45:353][787]LogModuleManager: Shutting down and abandoning module GearVR (21)
[2018.04.05-20.52.45:353][787]LogModuleManager: Shutting down and abandoning module ExampleDeviceProfileSelector (20)
[2018.04.05-20.52.45:353][787]LogModuleManager: Shutting down and abandoning module OnlineBlueprintSupport (19)
[2018.04.05-20.52.45:353][787]LogModuleManager: Shutting down and abandoning module OnlineSubsystem (17)
[2018.04.05-20.52.45:353][787]LogOnline:Display: Unloading online subsystem: NULL
[2018.04.05-20.52.45:353][787]LogModuleManager: Shutting down and abandoning module HTTP (16)
[2018.04.05-20.52.45:353][787]LogHttp:Display: Http module shutting down, but needs to wait on 1 outstanding Http requests:
[2018.04.05-20.52.45:353][787]LogHttp:Display: 	verb=[POST] url=[https://datarouter.ol.epicgames.com/datarouter/api/v1/public/data?SessionID=%7B2B953548-4811-7CE2-320C-70835D9EB158%7D&AppID=UEEditor.Rocket.Release&AppVersion=4.13.2-3172292%2B%2B%2BUE4%2BRelease-4.13&UserID=44ce487c4092afbd2190c8867ab4c3f2%7C414d3c5ab47d4357a327ff2aebc54024%7Cedf5556f-7880-427d-8e2a-b9f581e10357&AppEnvironment=datacollector-binary&UploadType=eteventstream] status=Processing
[2018.04.05-20.52.45:392][787]LogModuleManager: Shutting down and abandoning module XMPP (15)
[2018.04.05-20.52.45:392][787]LogModuleManager: Shutting down and abandoning module TextureCompressor (14)
[2018.04.05-20.52.45:392][787]LogModuleManager: Shutting down and abandoning module ShaderCore (13)
[2018.04.05-20.52.45:392][787]LogModuleManager: Shutting down and abandoning module Landscape (12)
[2018.04.05-20.52.45:392][787]LogModuleManager: Shutting down and abandoning module SlateRHIRenderer (11)
[2018.04.05-20.52.45:395][787]LogModuleManager: Shutting down and abandoning module OpenGLDrv (10)
[2018.04.05-20.52.45:395][787]LogModuleManager: Shutting down and abandoning module D3D11RHI (9)
[2018.04.05-20.52.45:395][787]LogModuleManager: Shutting down and abandoning module AnimGraphRuntime (8)
[2018.04.05-20.52.45:395][787]LogModuleManager: Shutting down and abandoning module Renderer (7)
[2018.04.05-20.52.45:395][787]LogModuleManager: Shutting down and abandoning module Engine (6)
[2018.04.05-20.52.45:395][787]LogModuleManager: Shutting down and abandoning module CoreUObject (5)
[2018.04.05-20.52.45:395][787]LogModuleManager: Shutting down and abandoning module NetworkFile (4)
[2018.04.05-20.52.45:395][787]LogModuleManager: Shutting down and abandoning module StreamingFile (3)
[2018.04.05-20.52.45:395][787]LogModuleManager: Shutting down and abandoning module SandboxFile (2)
[2018.04.05-20.52.45:395][787]LogModuleManager: Shutting down and abandoning module PakFile (1)
[2018.04.05-20.52.45:401][787]LogExit: Exiting.
[2018.04.05-20.52.45:406][787]Log file closed, 04/05/18 16:52:45
