Log file open, 04/05/18 16:53:33
LogInit:Display: Running engine for game: gorge
LogPlatformFile: Not using cached read wrapper
LogInit:Display: RandInit(1628404287) SRandInit(1628404287).
LogTaskGraph: Started task graph with 5 named threads and 8 total threads with 1 sets of task threads.
LogStats: Stats thread started at 0.184697
LogPluginManager: Loaded Plugin Paper2D, From C:/Program Files (x86)/Epic Games/4.13/Engine/Plugins/2D/Paper2D/Paper2D.uplugin
LogPluginManager: Loaded Plugin LightPropagationVolume, From C:/Program Files (x86)/Epic Games/4.13/Engine/Plugins/Blendables/LightPropagationVolume/LightPropagationVolume.uplugin
LogPluginManager: Loaded Plugin BlankPlugin, From C:/Program Files (x86)/Epic Games/4.13/Engine/Plugins/Developer/BlankPlugin/BlankPlugin.uplugin
LogPluginManager: Loaded Plugin CodeLiteSourceCodeAccess, From C:/Program Files (x86)/Epic Games/4.13/Engine/Plugins/Developer/CodeLiteSourceCodeAccess/CodeLiteSourceCodeAccess.uplugin
LogPluginManager: Loaded Plugin GitSourceControl, From C:/Program Files (x86)/Epic Games/4.13/Engine/Plugins/Developer/GitSourceControl/GitSourceControl.uplugin
LogPluginManager: Loaded Plugin KDevelopSourceCodeAccess, From C:/Program Files (x86)/Epic Games/4.13/Engine/Plugins/Developer/KDevelopSourceCodeAccess/KDevelopSourceCodeAccess.uplugin
LogPluginManager: Loaded Plugin NullSourceCodeAccess, From C:/Program Files (x86)/Epic Games/4.13/Engine/Plugins/Developer/NullSourceCodeAccess/NullSourceCodeAccess.uplugin
LogPluginManager: Loaded Plugin OneSkyLocalizationService, From C:/Program Files (x86)/Epic Games/4.13/Engine/Plugins/Developer/OneSkyLocalizationService/OneSkyLocalizationService.uplugin
LogPluginManager: Loaded Plugin PerforceSourceControl, From C:/Program Files (x86)/Epic Games/4.13/Engine/Plugins/Developer/PerforceSourceControl/PerforceSourceControl.uplugin
LogPluginManager: Loaded Plugin SubversionSourceControl, From C:/Program Files (x86)/Epic Games/4.13/Engine/Plugins/Developer/SubversionSourceControl/SubversionSourceControl.uplugin
LogPluginManager: Loaded Plugin UObjectPlugin, From C:/Program Files (x86)/Epic Games/4.13/Engine/Plugins/Developer/UObjectPlugin/UObjectPlugin.uplugin
LogPluginManager: Loaded Plugin VisualStudioSourceCodeAccess, From C:/Program Files (x86)/Epic Games/4.13/Engine/Plugins/Developer/VisualStudioSourceCodeAccess/VisualStudioSourceCodeAccess.uplugin
LogPluginManager: Loaded Plugin XCodeSourceCodeAccess, From C:/Program Files (x86)/Epic Games/4.13/Engine/Plugins/Developer/XCodeSourceCodeAccess/XCodeSourceCodeAccess.uplugin
LogPluginManager: Loaded Plugin EpicSurvey, From C:/Program Files (x86)/Epic Games/4.13/Engine/Plugins/Editor/EpicSurvey/EpicSurvey.uplugin
LogPluginManager: Loaded Plugin MacGraphicsSwitching, From C:/Program Files (x86)/Epic Games/4.13/Engine/Plugins/Editor/MacGraphicsSwitching/MacGraphicsSwitching.uplugin
LogPluginManager: Loaded Plugin MobileLauncherProfileWizard, From C:/Program Files (x86)/Epic Games/4.13/Engine/Plugins/Editor/MobileLauncherProfileWizard/MobileLauncherProfileWizard.uplugin
LogPluginManager: Loaded Plugin PluginBrowser, From C:/Program Files (x86)/Epic Games/4.13/Engine/Plugins/Editor/PluginBrowser/PluginBrowser.uplugin
LogPluginManager: Loaded Plugin SpeedTreeImporter, From C:/Program Files (x86)/Epic Games/4.13/Engine/Plugins/Editor/SpeedTreeImporter/SpeedTreeImporter.uplugin
LogPluginManager: Loaded Plugin SuperSearchEditor, From C:/Program Files (x86)/Epic Games/4.13/Engine/Plugins/Editor/SuperSearchEditor/SuperSearchEditor.uplugin
LogPluginManager: Loaded Plugin AlembicImporter, From C:/Program Files (x86)/Epic Games/4.13/Engine/Plugins/Experimental/AlembicImporter/AlembicImporter.uplugin
LogPluginManager: Loaded Plugin BlueprintStats, From C:/Program Files (x86)/Epic Games/4.13/Engine/Plugins/Experimental/BlueprintStats/BlueprintStats.uplugin
LogPluginManager: Loaded Plugin CharacterAI, From C:/Program Files (x86)/Epic Games/4.13/Engine/Plugins/Experimental/CharacterAI/CharacterAI.uplugin
LogPluginManager: Loaded Plugin CodeEditor, From C:/Program Files (x86)/Epic Games/4.13/Engine/Plugins/Experimental/CodeEditor/CodeEditor.uplugin
LogPluginManager: Loaded Plugin CodeView, From C:/Program Files (x86)/Epic Games/4.13/Engine/Plugins/Experimental/CodeView/CodeView.uplugin
LogPluginManager: Loaded Plugin HTML5Networking, From C:/Program Files (x86)/Epic Games/4.13/Engine/Plugins/Experimental/HTML5Networking/HTML5Networking.uplugin
LogPluginManager: Loaded Plugin LiveEditor, From C:/Program Files (x86)/Epic Games/4.13/Engine/Plugins/Experimental/LiveEditor/LiveEditor.uplugin
LogPluginManager: Loaded Plugin OSVR, From C:/Program Files (x86)/Epic Games/4.13/Engine/Plugins/Experimental/OSVR/OSVR.uplugin
LogPluginManager: Loaded Plugin Phya, From C:/Program Files (x86)/Epic Games/4.13/Engine/Plugins/Experimental/Phya/Phya.uplugin
LogPluginManager: Loaded Plugin SignificanceManager, From C:/Program Files (x86)/Epic Games/4.13/Engine/Plugins/Experimental/SignificanceManager/SignificanceManager.uplugin
LogPluginManager: Loaded Plugin SimpleHMD, From C:/Program Files (x86)/Epic Games/4.13/Engine/Plugins/Experimental/SimpleHMD/SimpleHMD.uplugin
LogPluginManager: Loaded Plugin StereoPanorama, From C:/Program Files (x86)/Epic Games/4.13/Engine/Plugins/Experimental/StereoPanorama/StereoPanorama.uplugin
LogPluginManager: Loaded Plugin StructBox, From C:/Program Files (x86)/Epic Games/4.13/Engine/Plugins/Experimental/StructBox/StructBox.uplugin
LogPluginManager: Loaded Plugin AndroidMedia, From C:/Program Files (x86)/Epic Games/4.13/Engine/Plugins/Media/AndroidMedia/AndroidMedia.uplugin
LogPluginManager: Loaded Plugin AvfMedia, From C:/Program Files (x86)/Epic Games/4.13/Engine/Plugins/Media/AvfMedia/AvfMedia.uplugin
LogPluginManager: Loaded Plugin MediaPlayerEditor, From C:/Program Files (x86)/Epic Games/4.13/Engine/Plugins/Media/MediaPlayerEditor/MediaPlayerEditor.uplugin
LogPluginManager: Loaded Plugin WmfMedia, From C:/Program Files (x86)/Epic Games/4.13/Engine/Plugins/Media/WmfMedia/WmfMedia.uplugin
LogPluginManager: Loaded Plugin MessagingDebugger, From C:/Program Files (x86)/Epic Games/4.13/Engine/Plugins/Messaging/MessagingDebugger/MessagingDebugger.uplugin
LogPluginManager: Loaded Plugin TcpMessaging, From C:/Program Files (x86)/Epic Games/4.13/Engine/Plugins/Messaging/TcpMessaging/TcpMessaging.uplugin
LogPluginManager: Loaded Plugin UdpMessaging, From C:/Program Files (x86)/Epic Games/4.13/Engine/Plugins/Messaging/UdpMessaging/UdpMessaging.uplugin
LogPluginManager: Loaded Plugin LevelSequenceEditor, From C:/Program Files (x86)/Epic Games/4.13/Engine/Plugins/MovieScene/LevelSequenceEditor/LevelSequenceEditor.uplugin
LogPluginManager: Loaded Plugin MatineeToLevelSequence, From C:/Program Files (x86)/Epic Games/4.13/Engine/Plugins/MovieScene/MatineeToLevelSequence/MatineeToLevelSequence.uplugin
LogPluginManager: Loaded Plugin NetcodeUnitTest, From C:/Program Files (x86)/Epic Games/4.13/Engine/Plugins/NetcodeUnitTest/NetcodeUnitTest/NetcodeUnitTest.uplugin
LogPluginManager: Loaded Plugin NUTUnrealEngine4, From C:/Program Files (x86)/Epic Games/4.13/Engine/Plugins/NetcodeUnitTest/NUTUnrealEngine4/NUTUnrealEngine4.uplugin
LogPluginManager: Loaded Plugin OnlineSubsystemGooglePlay, From C:/Program Files (x86)/Epic Games/4.13/Engine/Plugins/Online/Android/OnlineSubsystemGooglePlay/OnlineSubsystemGooglePlay.uplugin
LogPluginManager: Loaded Plugin OnlineSubsystemIOS, From C:/Program Files (x86)/Epic Games/4.13/Engine/Plugins/Online/IOS/OnlineSubsystemIOS/OnlineSubsystemIOS.uplugin
LogPluginManager: Loaded Plugin OnlineFramework, From C:/Program Files (x86)/Epic Games/4.13/Engine/Plugins/Online/OnlineFramework/OnlineFramework.uplugin
LogPluginManager: Loaded Plugin OnlineSubsystem, From C:/Program Files (x86)/Epic Games/4.13/Engine/Plugins/Online/OnlineSubsystem/OnlineSubsystem.uplugin
LogPluginManager: Loaded Plugin OnlineSubsystemAmazon, From C:/Program Files (x86)/Epic Games/4.13/Engine/Plugins/Online/OnlineSubsystemAmazon/OnlineSubsystemAmazon.uplugin
LogPluginManager: Loaded Plugin OnlineSubsystemFacebook, From C:/Program Files (x86)/Epic Games/4.13/Engine/Plugins/Online/OnlineSubsystemFacebook/OnlineSubsystemFacebook.uplugin
LogPluginManager: Loaded Plugin OnlineSubsystemNull, From C:/Program Files (x86)/Epic Games/4.13/Engine/Plugins/Online/OnlineSubsystemNull/OnlineSubsystemNull.uplugin
LogPluginManager: Loaded Plugin OnlineSubsystemOculus, From C:/Program Files (x86)/Epic Games/4.13/Engine/Plugins/Online/OnlineSubsystemOculus/OnlineSubsystemOculus.uplugin
LogPluginManager: Loaded Plugin OnlineSubsystemSteam, From C:/Program Files (x86)/Epic Games/4.13/Engine/Plugins/Online/OnlineSubsystemSteam/OnlineSubsystemSteam.uplugin
LogPluginManager: Loaded Plugin OnlineSubsystemUtils, From C:/Program Files (x86)/Epic Games/4.13/Engine/Plugins/Online/OnlineSubsystemUtils/OnlineSubsystemUtils.uplugin
LogPluginManager: Loaded Plugin IOSTapJoy, From C:/Program Files (x86)/Epic Games/4.13/Engine/Plugins/Runtime/Advertising/IOSTapJoy/IOSTapJoy.uplugin
LogPluginManager: Loaded Plugin AnalyticsBlueprintLibrary, From C:/Program Files (x86)/Epic Games/4.13/Engine/Plugins/Runtime/Analytics/AnalyticsBlueprintLibrary/AnalyticsBlueprintLibrary.uplugin
LogPluginManager: Loaded Plugin AnalyticsMulticast, From C:/Program Files (x86)/Epic Games/4.13/Engine/Plugins/Runtime/Analytics/AnalyticsMulticast/AnalyticsMulticast.uplugin
LogPluginManager: Loaded Plugin Apsalar, From C:/Program Files (x86)/Epic Games/4.13/Engine/Plugins/Runtime/Analytics/Apsalar/Apsalar.uplugin
LogPluginManager: Loaded Plugin FileLogging, From C:/Program Files (x86)/Epic Games/4.13/Engine/Plugins/Runtime/Analytics/FileLogging/FileLogging.uplugin
LogPluginManager: Loaded Plugin Flurry, From C:/Program Files (x86)/Epic Games/4.13/Engine/Plugins/Runtime/Analytics/Flurry/Flurry.uplugin
LogPluginManager: Loaded Plugin AndroidDeviceProfileSelector, From C:/Program Files (x86)/Epic Games/4.13/Engine/Plugins/Runtime/AndroidDeviceProfileSelector/AndroidDeviceProfileSelector.uplugin
LogPluginManager: Loaded Plugin AndroidMoviePlayer, From C:/Program Files (x86)/Epic Games/4.13/Engine/Plugins/Runtime/AndroidMoviePlayer/AndroidMoviePlayer.uplugin
LogPluginManager: Loaded Plugin AppleMoviePlayer, From C:/Program Files (x86)/Epic Games/4.13/Engine/Plugins/Runtime/AppleMoviePlayer/AppleMoviePlayer.uplugin
LogPluginManager: Loaded Plugin ArchVisCharacter, From C:/Program Files (x86)/Epic Games/4.13/Engine/Plugins/Runtime/ArchVisCharacter/ArchVisCharacter.uplugin
LogPluginManager: Loaded Plugin CableComponent, From C:/Program Files (x86)/Epic Games/4.13/Engine/Plugins/Runtime/CableComponent/CableComponent.uplugin
LogPluginManager: Loaded Plugin CustomMeshComponent, From C:/Program Files (x86)/Epic Games/4.13/Engine/Plugins/Runtime/CustomMeshComponent/CustomMeshComponent.uplugin
LogPluginManager: Loaded Plugin ExampleDeviceProfileSelector, From C:/Program Files (x86)/Epic Games/4.13/Engine/Plugins/Runtime/ExampleDeviceProfileSelector/ExampleDeviceProfileSelector.uplugin
LogPluginManager: Loaded Plugin GearVR, From C:/Program Files (x86)/Epic Games/4.13/Engine/Plugins/Runtime/GearVR/GearVR.uplugin
LogPluginManager: Loaded Plugin GoogleVRController, From C:/Program Files (x86)/Epic Games/4.13/Engine/Plugins/Runtime/GoogleVR/GoogleVRController/GoogleVRController.uplugin
LogPluginManager: Loaded Plugin GoogleVRHMD, From C:/Program Files (x86)/Epic Games/4.13/Engine/Plugins/Runtime/GoogleVR/GoogleVRHMD/GoogleVRHMD.uplugin
LogPluginManager: Loaded Plugin IOSDeviceProfileSelector, From C:/Program Files (x86)/Epic Games/4.13/Engine/Plugins/Runtime/IOSDeviceProfileSelector/IOSDeviceProfileSelector.uplugin
LogPluginManager: Loaded Plugin LeapMotion, From C:/Program Files (x86)/Epic Games/4.13/Engine/Plugins/Runtime/LeapMotion/LeapMotion.uplugin
LogPluginManager: Loaded Plugin LinuxDeviceProfileSelector, From C:/Program Files (x86)/Epic Games/4.13/Engine/Plugins/Runtime/LinuxDeviceProfileSelector/LinuxDeviceProfileSelector.uplugin
LogPluginManager: Loaded Plugin LiveEditorListenServer, From C:/Program Files (x86)/Epic Games/4.13/Engine/Plugins/Runtime/LiveEditorListenServer/LiveEditorListenServer.uplugin
LogPluginManager: Loaded Plugin OculusAudio, From C:/Program Files (x86)/Epic Games/4.13/Engine/Plugins/Runtime/OculusAudio/OculusAudio.uplugin
LogPluginManager: Loaded Plugin OculusInput, From C:/Program Files (x86)/Epic Games/4.13/Engine/Plugins/Runtime/OculusInput/OculusInput.uplugin
LogPluginManager: Loaded Plugin OculusLibrary, From C:/Program Files (x86)/Epic Games/4.13/Engine/Plugins/Runtime/OculusLibrary/OculusLibrary.uplugin
LogPluginManager: Loaded Plugin OculusRift, From C:/Program Files (x86)/Epic Games/4.13/Engine/Plugins/Runtime/OculusRift/OculusRift.uplugin
LogPluginManager: Loaded Plugin Oodle, From C:/Program Files (x86)/Epic Games/4.13/Engine/Plugins/Runtime/PacketHandlers/CompressionComponents/Oodle/Oodle.uplugin
LogPluginManager: Loaded Plugin ProceduralMeshComponent, From C:/Program Files (x86)/Epic Games/4.13/Engine/Plugins/Runtime/ProceduralMeshComponent/ProceduralMeshComponent.uplugin
LogPluginManager: Loaded Plugin SoundMod, From C:/Program Files (x86)/Epic Games/4.13/Engine/Plugins/Runtime/SoundMod/SoundMod.uplugin
LogPluginManager: Loaded Plugin SoundVisualizations, From C:/Program Files (x86)/Epic Games/4.13/Engine/Plugins/Runtime/SoundVisualizations/SoundVisualizations.uplugin
LogPluginManager: Loaded Plugin SteamController, From C:/Program Files (x86)/Epic Games/4.13/Engine/Plugins/Runtime/Steam/SteamController/SteamController.uplugin
LogPluginManager: Loaded Plugin SteamVR, From C:/Program Files (x86)/Epic Games/4.13/Engine/Plugins/Runtime/Steam/SteamVR/SteamVR.uplugin
LogPluginManager: Loaded Plugin WebBrowserWidget, From C:/Program Files (x86)/Epic Games/4.13/Engine/Plugins/Runtime/WebBrowserWidget/WebBrowserWidget.uplugin
LogPluginManager: Loaded Plugin WindowsDeviceProfileSelector, From C:/Program Files (x86)/Epic Games/4.13/Engine/Plugins/Runtime/WindowsDeviceProfileSelector/WindowsDeviceProfileSelector.uplugin
LogPluginManager: Loaded Plugin WindowsMoviePlayer, From C:/Program Files (x86)/Epic Games/4.13/Engine/Plugins/Runtime/WindowsMoviePlayer/WindowsMoviePlayer.uplugin
LogPluginManager: Loaded Plugin ScriptPlugin, From C:/Program Files (x86)/Epic Games/4.13/Engine/Plugins/ScriptPlugin/ScriptPlugin.uplugin
LogPluginManager: Loaded Plugin SlateRemote, From C:/Program Files (x86)/Epic Games/4.13/Engine/Plugins/Slate/SlateRemote/SlateRemote.uplugin
LogInit: Using libcurl 7.47.1
LogInit:  - built for x86_64-pc-win32
LogInit:  - supports SSL with WinSSL
LogInit:  - other features:
LogInit:      CURL_VERSION_SSL
LogInit:      CURL_VERSION_IPV6
LogInit:      CURL_VERSION_ASYNCHDNS
LogInit:      CURL_VERSION_LARGEFILE
LogInit:      CURL_VERSION_IDN
LogInit:  CurlRequestOptions (configurable via config and command line):
LogInit:  - bVerifyPeer = false  - Libcurl will NOT verify peer certificate
LogInit:  - bUseHttpProxy = false  - Libcurl will NOT use HTTP proxy
LogInit:  - bDontReuseConnections = false  - Libcurl will reuse connections
LogInit:  - CertBundlePath = nullptr  - Libcurl will use whatever was configured at build time.
LogInit: Build: ++UE4+Release-4.13-CL-3172292
LogInit: Engine Version: 4.13.2-3172292+++UE4+Release-4.13
LogInit: Compatible Engine Version: 4.13.0-3106830+++UE4+Release-4.13
LogInit: Net CL: 3172292
LogDevObjectVersion: Number of dev versions registered: 13
LogDevObjectVersion:   Dev-Blueprints (B0D832E4-1F89-4F0D-ACCF-7EB736FD4AA2): 5
LogDevObjectVersion:   Dev-Build (E1C64328-A22C-4D53-A36C-8E866417BD8C): 0
LogDevObjectVersion:   Dev-Core (375EC13C-06E4-48FB-B500-84F0262A717E): 1
LogDevObjectVersion:   Dev-Editor (E4B068ED-F494-42E9-A231-DA0B2E46BB41): 6
LogDevObjectVersion:   Dev-Framework (CFFC743F-43B0-4480-9391-14DF171D2073): 12
LogDevObjectVersion:   Dev-Mobile (B02B49B5-BB20-44E9-A304-32B752E40360): 0
LogDevObjectVersion:   Dev-Networking (A4E4105C-59A1-49B5-A7C5-40C4547EDFEE): 0
LogDevObjectVersion:   Dev-Online (39C831C9-5AE6-47DC-9A44-9C173E1C8E7C): 0
LogDevObjectVersion:   Dev-Physics (78F01B33-EBEA-4F98-B9B4-84EACCB95AA2): 0
LogDevObjectVersion:   Dev-Platform (6631380F-2D4D-43E0-8009-CF276956A95A): 0
LogDevObjectVersion:   Dev-Rendering (12F88B9F-8875-4AFC-A67C-D90C383ABD29): 4
LogDevObjectVersion:   Dev-Sequencer (7B5AE74C-D270-4C10-A958-57980B212A5A): 0
LogDevObjectVersion:   Dev-VR (D7296918-1DD6-4BDD-9DE2-64A83CC13884): 0
LogInit: Compiled (64-bit): Oct 24 2016 14:29:06
LogInit: Compiled with Visual C++: 19.00.23026.00
LogInit: Build Configuration: Development
LogInit: Branch Name: ++UE4+Release-4.13
LogInit: Command line: -EpicPortal 
LogInit: Base directory: C:/Program Files (x86)/Epic Games/4.13/Engine/Binaries/Win64/
LogInit: Installed Engine Build: 1
LogInit: Presizing for max 8388607 objects, including 0 objects not considered by GC, pre-allocating 0 bytes for permanent pool.
LogInit: Object subsystem initialized
[2018.04.05-20.53.34:004][  0]LogInit: Selected Device Profile: [Windows]
[2018.04.05-20.53.34:004][  0]LogInit: Applying CVar settings loaded from the selected device profile: [Windows]
[2018.04.05-20.53.34:054][  0]LogInit: Computer: SHREK
[2018.04.05-20.53.34:054][  0]LogInit: User: E
[2018.04.05-20.53.34:054][  0]LogInit: CPU Page size=65536, Cores=4
[2018.04.05-20.53.34:054][  0]LogInit: High frequency timer resolution =2.435781 MHz
[2018.04.05-20.53.34:055][  0]LogMemory: Memory total: Physical=9.9GB (10GB approx)
[2018.04.05-20.53.34:055][  0]LogMemory: Platform Memory Stats for Windows
[2018.04.05-20.53.34:055][  0]LogMemory: Process Physical Memory: 258.55 MB used, 258.55 MB peak
[2018.04.05-20.53.34:055][  0]LogMemory: Process Virtual Memory: 260.02 MB used, 260.02 MB peak
[2018.04.05-20.53.34:055][  0]LogMemory: Physical Memory: 7214.00 MB used, 10154.03 MB total
[2018.04.05-20.53.34:055][  0]LogMemory: Virtual Memory: 663.01 MB used, 134217728.00 MB total
[2018.04.05-20.53.34:143][  0]LogTextLocalizationManager: No specific translations for ('en-US') exist, so ('en') translations will be used.
[2018.04.05-20.53.36:513][  0]LogD3D11RHI: D3D11 adapters:
[2018.04.05-20.53.36:678][  0]LogD3D11RHI:    0. 'NVIDIA GeForce GTX 860M' (Feature Level 11_0)
[2018.04.05-20.53.36:678][  0]LogD3D11RHI:       4065/0/5077 MB DedicatedVideo/DedicatedSystem/SharedSystem, Outputs:1, VendorId:0x10de
[2018.04.05-20.53.36:696][  0]LogD3D11RHI:    1. 'Intel(R) HD Graphics 4600' (Feature Level 11_0)
[2018.04.05-20.53.36:696][  0]LogD3D11RHI:       112/0/2048 MB DedicatedVideo/DedicatedSystem/SharedSystem, Outputs:0, VendorId:0x8086
[2018.04.05-20.53.36:703][  0]LogD3D11RHI:    2. 'Microsoft Basic Render Driver' (Feature Level 11_0)
[2018.04.05-20.53.36:703][  0]LogD3D11RHI:       0/0/5077 MB DedicatedVideo/DedicatedSystem/SharedSystem, Outputs:0, VendorId:0x1414
[2018.04.05-20.53.36:703][  0]LogD3D11RHI: Chosen D3D11 Adapter: 0
[2018.04.05-20.53.36:732][  0]LogD3D11RHI: Creating new Direct3DDevice
[2018.04.05-20.53.36:732][  0]LogD3D11RHI:     GPU DeviceId: 0x1392 (for the marketing name, search the web for "GPU Device Id")
[2018.04.05-20.53.36:733][  0]LogWindows: EnumDisplayDevices:
[2018.04.05-20.53.36:733][  0]LogWindows:    0. 'Intel(R) HD Graphics 4600' (P:1 D:1)
[2018.04.05-20.53.36:733][  0]LogWindows:    1. 'Intel(R) HD Graphics 4600' (P:0 D:0)
[2018.04.05-20.53.36:734][  0]LogWindows:    2. 'Intel(R) HD Graphics 4600' (P:0 D:0)
[2018.04.05-20.53.36:734][  0]LogWindows: DebugString: GetVideoDriverDetailsInvalid PrimaryIsNotTheChoosenAdapter GetVideoDriverDetailsInvalid PrimaryIsNotTheChoosenAdapter GetVideoDriverDetailsInvalid PrimaryIsNotTheChoosenAdapter FoundDriverCount:0 
[2018.04.05-20.53.36:734][  0]LogD3D11RHI:     Adapter Name: NVIDIA GeForce GTX 860M
[2018.04.05-20.53.36:734][  0]LogD3D11RHI:   Driver Version: Unknown (internal:Unknown, unified:Unknown)
[2018.04.05-20.53.36:734][  0]LogD3D11RHI:      Driver Date: Unknown
[2018.04.05-20.53.36:734][  0]LogRHI: Texture pool is 1361 MB (70% of 1945 MB)
[2018.04.05-20.53.36:840][  0]LogD3D11RHI: Async texture creation enabled
[2018.04.05-20.53.36:876][  0]LogD3D11RHI: GPU Timing Frequency: 1000.000000 (Debug: 2 1)
[2018.04.05-20.53.36:878][  0]LogShaderCompilers: Guid format shader working directory is -16 characters bigger than the processId version (../../../../../../Users/E/Documents/Unreal Projects/gorge/Intermediate/Shaders/WorkingDirectory/10384/).
[2018.04.05-20.53.36:878][  0]LogShaderCompilers: Cleaned the shader compiler working directory 'C:/Users/E/AppData/Local/Temp/UnrealShaderWorkingDir/65F1518E484D5575B8FC45B5D76C0078/'.
[2018.04.05-20.53.36:878][  0]LogShaderCompilers:Display: Using Local Shader Compiler.
[2018.04.05-20.53.40:478][  0]LogTemp:Display: Loaded TP AllDesktopTargetPlatform
[2018.04.05-20.53.40:508][  0]LogTemp:Display: Loaded TP WindowsClientTargetPlatform
[2018.04.05-20.53.40:538][  0]LogTemp:Display: Loaded TP WindowsNoEditorTargetPlatform
[2018.04.05-20.53.40:571][  0]LogTemp:Display: Loaded TP WindowsServerTargetPlatform
[2018.04.05-20.53.40:600][  0]LogTemp:Display: Loaded TP WindowsTargetPlatform
[2018.04.05-20.53.40:627][  0]LogTemp:Display: Loaded TP AndroidTargetPlatform
[2018.04.05-20.53.40:652][  0]LogTemp:Display: Loaded TP Android_ASTCTargetPlatform
[2018.04.05-20.53.40:679][  0]LogTemp:Display: Loaded TP Android_ATCTargetPlatform
[2018.04.05-20.53.40:704][  0]LogTemp:Display: Loaded TP Android_DXTTargetPlatform
[2018.04.05-20.53.40:730][  0]LogTemp:Display: Loaded TP Android_ETC1TargetPlatform
[2018.04.05-20.53.40:756][  0]LogTemp:Display: Loaded TP Android_ETC2TargetPlatform
[2018.04.05-20.53.40:807][  0]LogTemp:Display: Loaded TP Android_MultiTargetPlatform
[2018.04.05-20.53.40:808][  0]LogTemp:Display: Loaded TP Android_PVRTCTargetPlatform
[2018.04.05-20.53.40:811][  0]LogTemp:Display: Loaded TP HTML5TargetPlatform
[2018.04.05-20.53.40:857][  0]LogTemp:Display: Loaded TP IOSTargetPlatform
[2018.04.05-20.53.40:886][  0]LogTemp:Display: Loaded TP TVOSTargetPlatform
[2018.04.05-20.53.40:912][  0]LogTemp:Display: Loaded TP LinuxClientTargetPlatform
[2018.04.05-20.53.40:936][  0]LogTemp:Display: Loaded TP LinuxNoEditorTargetPlatform
[2018.04.05-20.53.40:962][  0]LogTemp:Display: Loaded TP LinuxServerTargetPlatform
[2018.04.05-20.53.40:991][  0]LogTemp:Display: Loaded TP LinuxTargetPlatform
[2018.04.05-20.53.40:991][  0]LogTargetPlatformManager:Display: Building Assets For Windows
[2018.04.05-20.53.41:240][  0]LogDerivedDataCache:Display: Max Cache Size: 512 MB
[2018.04.05-20.53.41:439][  0]LogDerivedDataCache: Loaded boot cache 0.20s 62MB C:/Users/E/AppData/Local/UnrealEngine/4.13/DerivedDataCache/Boot.ddc.
[2018.04.05-20.53.41:439][  0]LogDerivedDataCache:Display: Loaded Boot cache: C:/Users/E/AppData/Local/UnrealEngine/4.13/DerivedDataCache/Boot.ddc
[2018.04.05-20.53.41:440][  0]LogDerivedDataCache: FDerivedDataBackendGraph:  Pak pak cache file ../../../../../../Users/E/Documents/Unreal Projects/gorge/DerivedDataCache/DDC.ddp not found, will not use a pak cache.
[2018.04.05-20.53.41:440][  0]LogDerivedDataCache: Unable to find inner node Pak for hierarchical cache Hierarchy.
[2018.04.05-20.53.41:440][  0]LogDerivedDataCache: FDerivedDataBackendGraph:  CompressedPak pak cache file ../../../../../../Users/E/Documents/Unreal Projects/gorge/DerivedDataCache/Compressed.ddp not found, will not use a pak cache.
[2018.04.05-20.53.41:440][  0]LogDerivedDataCache: Unable to find inner node CompressedPak for hierarchical cache Hierarchy.
[2018.04.05-20.53.41:503][  0]LogDerivedDataCache:Display: Pak cache opened for reading ../../../Engine/DerivedDataCache/Compressed.ddp.
[2018.04.05-20.53.41:517][  0]LogDerivedDataCache: Using Local data cache path C:/Users/E/AppData/Local/UnrealEngine/Common/DerivedDataCache: Writable
[2018.04.05-20.53.42:292][  0]LogInit: Selected Device Profile: [Windows]
[2018.04.05-20.53.42:302][  0]LogContentStreaming: Texture pool size is 0.00 MB
[2018.04.05-20.53.42:650][  0]LogMeshUtilities: No automatic mesh reduction module available
[2018.04.05-20.53.42:650][  0]LogMeshUtilities: No automatic mesh merging module available
[2018.04.05-20.53.42:650][  0]LogMeshUtilities: No distributed automatic mesh merging module available
[2018.04.05-20.53.42:897][  0]LogMaterial: Uniform references updated for custom material expression Custom.
[2018.04.05-20.53.43:843][  0]LogNetVersion: GetLocalNetworkVersion: CL: 3106830, ProjectName: gorge, ProjectVersion: , EngineNetworkVersion: 1, GameNetworkVersion: 0, NetworkChecksum: 17252824
[2018.04.05-20.53.43:920][  0]LogAssetRegistry: FAssetRegistry took 0.0234 seconds to start up
[2018.04.05-20.53.44:036][  0]LogPackageLocalizationCache: Processed 3 localized package path(s) for 2 prioritized culture(s) in 0.105303 seconds
[2018.04.05-20.53.44:057][  0]LogUObjectArray: 29778 objects as part of root set at end of initial load.
[2018.04.05-20.53.44:057][  0]LogUObjectAllocator: 6125456 out of 0 bytes used by permanent object pool.
[2018.04.05-20.53.44:057][  0]LogUObjectArray: CloseDisregardForGC: 0/0 objects in disregard for GC pool
[2018.04.05-20.53.44:078][  0]LogInit: WinSock: version 1.1 (2.2), MaxSocks=32767, MaxUdp=65467
[2018.04.05-20.53.44:825][  0]LogSlate: SlateFontCache - WITH_FREETYPE: 1, WITH_HARFBUZZ: 1
[2018.04.05-20.53.44:825][  0]LogSlate: SlateFontCache - WITH_FREETYPE: 1, WITH_HARFBUZZ: 1
[2018.04.05-20.53.47:360][  0]LogTcpMessaging: Initializing TcpMessaging bridge
[2018.04.05-20.53.47:408][  0]LogUdpMessaging: Initializing bridge on interface 0.0.0.0:0 to multicast group 230.0.0.1:6666.
[2018.04.05-20.53.48:146][  0]SourceControl: Info Source control is disabled
[2018.04.05-20.53.48:149][  0]SourceControl: Info Source control is disabled
[2018.04.05-20.53.48:187][  0]SourceControl: Info Source control is disabled
[2018.04.05-20.53.48:218][  0]SourceControl: Info Source control is disabled
[2018.04.05-20.53.49:469][  0]LogEngine: Initializing Engine...
[2018.04.05-20.53.49:471][  0]LogHMD: Failed to initialize OpenVR with code 110
[2018.04.05-20.53.50:042][  0]LogAIModule: Creating AISystem for world Untitled
[2018.04.05-20.53.50:061][  0]LogInit: XAudio2 using 'Speakers (Realtek High Definition Audio)' : 2 channels at 48 kHz using 32 bits per sample (channel mask 0x3)
[2018.04.05-20.53.50:135][  0]LogInit: FAudioDevice initialized.
[2018.04.05-20.53.50:243][  0]LogDerivedDataCache: Saved boot cache 0.11s 62MB C:/Users/E/AppData/Local/UnrealEngine/4.13/DerivedDataCache/Boot.ddc.
[2018.04.05-20.53.50:274][  0]LogInit: Texture streaming: Enabled
[2018.04.05-20.53.50:408][  0]LogInit: Transaction tracking system initialized
[2018.04.05-20.53.50:501][  0]BlueprintLog: New page: Editor Load
[2018.04.05-20.53.50:852][  0]LocalizationService: Info Localization service is disabled
[2018.04.05-20.53.52:030][  0]LogConsoleResponse:Display: 
[2018.04.05-20.53.52:436][  0]LogCook:Display: Max memory allowance for cook 16384mb min free memory 0mb
[2018.04.05-20.53.52:437][  0]LogCook:Display: Mobile HDR setting 1
[2018.04.05-20.53.52:965][  0]LogFileCache: Scanning file cache for directory 'C:/Users/E/Documents/Unreal Projects/gorge/Content/' took 0.03s
[2018.04.05-20.53.52:965][  0]SourceControl: Info Source control is disabled
[2018.04.05-20.53.52:966][  0]Cmd: MAP LOAD FILE="../../../../../../Users/E/Documents/Unreal Projects/gorge/Content/ThirdPersonBP/Maps/ThirdPersonExampleMap.umap" TEMPLATE=0 SHOWPROGRESS=1 FEATURELEVEL=3
[2018.04.05-20.53.52:968][  0]LightingResults: New page: Lighting Build
[2018.04.05-20.53.52:979][  0]MapCheck: New page: Map Check
[2018.04.05-20.53.52:979][  0]LightingResults: New page: Lighting Build
[2018.04.05-20.53.54:806][  0]LogAIModule: Creating AISystem for world ThirdPersonExampleMap
[2018.04.05-20.53.54:840][  0]LogEditorServer: Finished looking for orphan Actors (0.000 secs)
[2018.04.05-20.53.54:842][  0]Cmd: MAP CHECKDEP NOCLEARLOG
[2018.04.05-20.53.55:024][  0]MapCheck: Info Map check complete: 0 Error(s), 0 Warning(s), took 182.411ms to complete.
[2018.04.05-20.53.55:024][  0]LogFileHelpers: Loading map 'ThirdPersonExampleMap' took 2.059
[2018.04.05-20.53.55:386][  0]LogCollectionManager: Loaded 0 collections in 0.005260 seconds
[2018.04.05-20.53.55:443][  0]LogFileCache: Scanning file cache for directory 'C:/Users/E/Documents/Unreal Projects/gorge/Saved/Collections/' took 0.01s
[2018.04.05-20.53.55:443][  0]LogFileCache: Scanning file cache for directory 'C:/Users/E/Documents/Unreal Projects/gorge/Content/Developers/E/Collections/' took 0.01s
[2018.04.05-20.53.55:443][  0]LogFileCache: Scanning file cache for directory 'C:/Users/E/Documents/Unreal Projects/gorge/Content/Collections/' took 0.01s
[2018.04.05-20.53.55:443][  0]LogCollectionManager: Rebuilt the GUID cache for 0 collections in 0.000010 seconds
[2018.04.05-20.53.55:479][  0]LogContentBrowser: Native class hierarchy populated in 0.0353 seconds. Added 2141 classes and 415 folders.
[2018.04.05-20.53.55:490][  0]LogStats: UGameplayTagsManager::ConstructGameplayTagTree: Construct from data asset -  0.000 s
[2018.04.05-20.53.55:490][  0]LogStats: UGameplayTagsManager::ConstructGameplayTagTree: GameplayTagTreeChangedEvent.Broadcast -  0.000 s
[2018.04.05-20.53.55:492][  0]LogContentBrowser: Native class hierarchy updated for 'GameplayTags' in 0.0017 seconds. Added 12 classes and 0 folders.
[2018.04.05-20.53.55:506][  0]LogContentBrowser: Native class hierarchy updated for 'WidgetCarousel' in 0.0021 seconds. Added 0 classes and 0 folders.
[2018.04.05-20.53.55:661][  0]LogContentBrowser: Native class hierarchy updated for 'AddContentDialog' in 0.0019 seconds. Added 0 classes and 0 folders.
[2018.04.05-20.53.55:677][  0]LogContentBrowser: Native class hierarchy updated for 'SceneOutliner' in 0.0025 seconds. Added 1 classes and 2 folders.
[2018.04.05-20.53.55:734][  0]LogCrashTracker: Crashtracker disabled due to settings.
[2018.04.05-20.53.55:760][  0]LogUObjectGlobals:Warning: Failed to find object 'Class None.'
[2018.04.05-20.53.55:803][  0]LogContentBrowser: Native class hierarchy updated for 'HierarchicalLODOutliner' in 0.0016 seconds. Added 1 classes and 2 folders.
[2018.04.05-20.53.55:803][  0]LogLoad: (Engine Initialization) Total time: 24.53 seconds
[2018.04.05-20.53.55:803][  0]LogLoad: (Engine Initialization) Total Blueprint compile time: 0.47 seconds
[2018.04.05-20.53.55:803][  0]LogExternalProfiler: Found external profiler: VSPerf
[2018.04.05-20.53.55:804][  0]LogExternalProfiler: Using external profiler: VSPerf
[2018.04.05-20.53.55:814][  0]LogWindowsTextInputMethodSystem:Display: IME system now deactivated.
[2018.04.05-20.53.55:817][  0]LogOcInput: OculusInput pre-init called
[2018.04.05-20.53.55:847][  0]LogContentStreaming: Texture pool size now 600 MB
[2018.04.05-20.53.56:397][  0]LogRenderer: Reallocating scene render targets to support 1208x568 (Frame:2).
[2018.04.05-20.53.57:387][  4]LogAssetRegistry: Asset discovery search completed in 13.4911 seconds
[2018.04.05-20.53.57:387][  4]LogCollectionManager: Rebuilt the object cache for 0 collections in 0.000001 seconds (found 0 objects)
[2018.04.05-20.53.57:387][  4]LogCollectionManager: Fixed up redirectors for 0 collections in 0.000081 seconds (updated 0 objects)
[2018.04.05-20.54.06:241][310]Cmd: CAMERA ALIGN ACTIVEVIEWPORTONLY
[2018.04.05-20.56.46:575][515]Cmd: CAMERA ALIGN ACTIVEVIEWPORTONLY
[2018.04.05-20.59.11:952][960]Cmd: TRANSACTION UNDO
[2018.04.05-20.59.11:952][960]LogEditorTransaction: Undo Move Actors
[2018.04.05-20.59.11:988][960]LogActorComponent: ~FComponentReregisterContext: (/Game/ThirdPersonBP/Maps/ThirdPersonExampleMap.ThirdPersonExampleMap:PersistentLevel.BoxBrush4_12.BrushComponent0) Component already registered.
[2018.04.05-20.59.12:002][960]LogActorComponent: ~FComponentReregisterContext: (/Game/ThirdPersonBP/Maps/ThirdPersonExampleMap.ThirdPersonExampleMap:PersistentLevel.BoxBrush21.BrushComponent0) Component already registered.
[2018.04.05-20.59.12:004][960]LogActorComponent: ~FComponentReregisterContext: (/Game/ThirdPersonBP/Maps/ThirdPersonExampleMap.ThirdPersonExampleMap:PersistentLevel.BoxBrush12.BrushComponent0) Component already registered.
[2018.04.05-20.59.12:740][978]Cmd: TRANSACTION UNDO
[2018.04.05-20.59.12:740][978]LogEditorTransaction: Undo Move Actors
[2018.04.05-20.59.12:771][978]LogActorComponent: ~FComponentReregisterContext: (/Game/ThirdPersonBP/Maps/ThirdPersonExampleMap.ThirdPersonExampleMap:PersistentLevel.BoxBrush4_12.BrushComponent0) Component already registered.
[2018.04.05-20.59.12:784][978]LogActorComponent: ~FComponentReregisterContext: (/Game/ThirdPersonBP/Maps/ThirdPersonExampleMap.ThirdPersonExampleMap:PersistentLevel.BoxBrush21.BrushComponent0) Component already registered.
[2018.04.05-20.59.12:786][978]LogActorComponent: ~FComponentReregisterContext: (/Game/ThirdPersonBP/Maps/ThirdPersonExampleMap.ThirdPersonExampleMap:PersistentLevel.BoxBrush12.BrushComponent0) Component already registered.
[2018.04.05-20.59.12:821][978]LogGeometryMode:Warning: Unable to find 1 Vertex(s) in new BSP
[2018.04.05-20.59.12:821][978]LogGeometryMode:Warning: Unable to resolve BoxBrush13 Brush in new BSP, see above
[2018.04.05-20.59.12:821][978]LogGeometryMode:Warning: Unable to find all previously selected geometry data, resetting selection
[2018.04.05-20.59.13:317][994]Cmd: TRANSACTION UNDO
[2018.04.05-20.59.13:317][994]LogEditorTransaction: Undo Move Actors
[2018.04.05-20.59.13:355][994]LogActorComponent: ~FComponentReregisterContext: (/Game/ThirdPersonBP/Maps/ThirdPersonExampleMap.ThirdPersonExampleMap:PersistentLevel.BoxBrush4_12.BrushComponent0) Component already registered.
[2018.04.05-20.59.13:368][994]LogActorComponent: ~FComponentReregisterContext: (/Game/ThirdPersonBP/Maps/ThirdPersonExampleMap.ThirdPersonExampleMap:PersistentLevel.BoxBrush21.BrushComponent0) Component already registered.
[2018.04.05-20.59.13:370][994]LogActorComponent: ~FComponentReregisterContext: (/Game/ThirdPersonBP/Maps/ThirdPersonExampleMap.ThirdPersonExampleMap:PersistentLevel.BoxBrush12.BrushComponent0) Component already registered.
[2018.04.05-20.59.14:638][ 39]Cmd: TRANSACTION UNDO
[2018.04.05-20.59.14:638][ 39]LogEditorTransaction: Undo Move Actors
[2018.04.05-20.59.14:670][ 39]LogActorComponent: ~FComponentReregisterContext: (/Game/ThirdPersonBP/Maps/ThirdPersonExampleMap.ThirdPersonExampleMap:PersistentLevel.BoxBrush4_12.BrushComponent0) Component already registered.
[2018.04.05-20.59.14:683][ 39]LogActorComponent: ~FComponentReregisterContext: (/Game/ThirdPersonBP/Maps/ThirdPersonExampleMap.ThirdPersonExampleMap:PersistentLevel.BoxBrush21.BrushComponent0) Component already registered.
[2018.04.05-20.59.14:685][ 39]LogActorComponent: ~FComponentReregisterContext: (/Game/ThirdPersonBP/Maps/ThirdPersonExampleMap.ThirdPersonExampleMap:PersistentLevel.BoxBrush12.BrushComponent0) Component already registered.
[2018.04.05-20.59.14:718][ 39]LogGeometryMode:Warning: Unable to find 1 Vertex(s) in new BSP
[2018.04.05-20.59.14:718][ 39]LogGeometryMode:Warning: Unable to resolve BoxBrush13 Brush in new BSP, see above
[2018.04.05-20.59.14:718][ 39]LogGeometryMode:Warning: Unable to find all previously selected geometry data, resetting selection
[2018.04.05-20.59.15:238][ 56]Cmd: TRANSACTION UNDO
[2018.04.05-20.59.15:238][ 56]LogEditorTransaction: Undo Modifier [Edit]
[2018.04.05-20.59.15:839][ 73]Cmd: TRANSACTION UNDO
[2018.04.05-20.59.15:839][ 73]LogEditorTransaction: Undo Move Actors
[2018.04.05-20.59.15:869][ 73]LogActorComponent: ~FComponentReregisterContext: (/Game/ThirdPersonBP/Maps/ThirdPersonExampleMap.ThirdPersonExampleMap:PersistentLevel.BoxBrush4_12.BrushComponent0) Component already registered.
[2018.04.05-20.59.15:883][ 73]LogActorComponent: ~FComponentReregisterContext: (/Game/ThirdPersonBP/Maps/ThirdPersonExampleMap.ThirdPersonExampleMap:PersistentLevel.BoxBrush21.BrushComponent0) Component already registered.
[2018.04.05-20.59.15:885][ 73]LogActorComponent: ~FComponentReregisterContext: (/Game/ThirdPersonBP/Maps/ThirdPersonExampleMap.ThirdPersonExampleMap:PersistentLevel.BoxBrush12.BrushComponent0) Component already registered.
[2018.04.05-20.59.15:919][ 73]LogGeometryMode:Warning: Unable to find 2 Vertex(s) in new BSP
[2018.04.05-20.59.15:920][ 73]LogGeometryMode:Warning: Unable to resolve BoxBrush13 Brush in new BSP, see above
[2018.04.05-20.59.15:920][ 73]LogGeometryMode:Warning: Unable to find all previously selected geometry data, resetting selection
[2018.04.05-20.59.16:420][ 89]Cmd: TRANSACTION UNDO
[2018.04.05-20.59.16:421][ 89]LogEditorTransaction: Undo Move Actors
[2018.04.05-20.59.16:454][ 89]LogActorComponent: ~FComponentReregisterContext: (/Game/ThirdPersonBP/Maps/ThirdPersonExampleMap.ThirdPersonExampleMap:PersistentLevel.BoxBrush4_12.BrushComponent0) Component already registered.
[2018.04.05-20.59.16:468][ 89]LogActorComponent: ~FComponentReregisterContext: (/Game/ThirdPersonBP/Maps/ThirdPersonExampleMap.ThirdPersonExampleMap:PersistentLevel.BoxBrush21.BrushComponent0) Component already registered.
[2018.04.05-20.59.16:470][ 89]LogActorComponent: ~FComponentReregisterContext: (/Game/ThirdPersonBP/Maps/ThirdPersonExampleMap.ThirdPersonExampleMap:PersistentLevel.BoxBrush12.BrushComponent0) Component already registered.
[2018.04.05-20.59.16:502][ 89]LogGeometryMode:Warning: Unable to find 2 Vertex(s) in new BSP
[2018.04.05-20.59.16:502][ 89]LogGeometryMode:Warning: Unable to resolve BoxBrush13 Brush in new BSP, see above
[2018.04.05-20.59.16:503][ 89]LogGeometryMode:Warning: Unable to find all previously selected geometry data, resetting selection
[2018.04.05-20.59.16:962][104]Cmd: TRANSACTION UNDO
[2018.04.05-20.59.16:962][104]LogEditorTransaction: Undo Move Actors
[2018.04.05-20.59.16:993][104]LogActorComponent: ~FComponentReregisterContext: (/Game/ThirdPersonBP/Maps/ThirdPersonExampleMap.ThirdPersonExampleMap:PersistentLevel.BoxBrush4_12.BrushComponent0) Component already registered.
[2018.04.05-20.59.17:007][104]LogActorComponent: ~FComponentReregisterContext: (/Game/ThirdPersonBP/Maps/ThirdPersonExampleMap.ThirdPersonExampleMap:PersistentLevel.BoxBrush21.BrushComponent0) Component already registered.
[2018.04.05-20.59.17:009][104]LogActorComponent: ~FComponentReregisterContext: (/Game/ThirdPersonBP/Maps/ThirdPersonExampleMap.ThirdPersonExampleMap:PersistentLevel.BoxBrush12.BrushComponent0) Component already registered.
[2018.04.05-20.59.17:040][104]LogGeometryMode:Warning: Unable to find 2 Vertex(s) in new BSP
[2018.04.05-20.59.17:041][104]LogGeometryMode:Warning: Unable to resolve BoxBrush13 Brush in new BSP, see above
[2018.04.05-20.59.17:041][104]LogGeometryMode:Warning: Unable to find all previously selected geometry data, resetting selection
[2018.04.05-20.59.17:457][117]Cmd: TRANSACTION UNDO
[2018.04.05-20.59.17:457][117]LogEditorTransaction: Undo Modifier [Edit]
[2018.04.05-20.59.17:895][129]Cmd: TRANSACTION UNDO
[2018.04.05-20.59.17:895][129]LogEditorTransaction: Undo Modifier [Edit]
[2018.04.05-20.59.18:354][142]Cmd: TRANSACTION UNDO
[2018.04.05-20.59.18:354][142]LogEditorTransaction: Undo Modifier [Edit]
[2018.04.05-20.59.18:882][158]Cmd: TRANSACTION UNDO
[2018.04.05-20.59.18:883][158]LogEditorTransaction: Undo Modifier [Edit]
[2018.04.05-20.59.19:672][185]Cmd: TRANSACTION UNDO
[2018.04.05-20.59.19:672][185]LogEditorTransaction: Undo Move Actors
[2018.04.05-20.59.19:708][185]LogActorComponent: ~FComponentReregisterContext: (/Game/ThirdPersonBP/Maps/ThirdPersonExampleMap.ThirdPersonExampleMap:PersistentLevel.BoxBrush4_12.BrushComponent0) Component already registered.
[2018.04.05-20.59.19:721][185]LogActorComponent: ~FComponentReregisterContext: (/Game/ThirdPersonBP/Maps/ThirdPersonExampleMap.ThirdPersonExampleMap:PersistentLevel.BoxBrush21.BrushComponent0) Component already registered.
[2018.04.05-20.59.19:723][185]LogActorComponent: ~FComponentReregisterContext: (/Game/ThirdPersonBP/Maps/ThirdPersonExampleMap.ThirdPersonExampleMap:PersistentLevel.BoxBrush12.BrushComponent0) Component already registered.
[2018.04.05-20.59.19:756][185]LogGeometryMode:Warning: Unable to find 2 Vertex(s) in new BSP
[2018.04.05-20.59.19:756][185]LogGeometryMode:Warning: Unable to resolve BoxBrush13 Brush in new BSP, see above
[2018.04.05-20.59.19:756][185]LogGeometryMode:Warning: Unable to find all previously selected geometry data, resetting selection
[2018.04.05-20.59.20:395][206]Cmd: TRANSACTION UNDO
[2018.04.05-20.59.20:395][206]LogEditorTransaction: Undo Move Actors
[2018.04.05-20.59.20:427][206]LogActorComponent: ~FComponentReregisterContext: (/Game/ThirdPersonBP/Maps/ThirdPersonExampleMap.ThirdPersonExampleMap:PersistentLevel.BoxBrush4_12.BrushComponent0) Component already registered.
[2018.04.05-20.59.20:441][206]LogActorComponent: ~FComponentReregisterContext: (/Game/ThirdPersonBP/Maps/ThirdPersonExampleMap.ThirdPersonExampleMap:PersistentLevel.BoxBrush21.BrushComponent0) Component already registered.
[2018.04.05-20.59.20:443][206]LogActorComponent: ~FComponentReregisterContext: (/Game/ThirdPersonBP/Maps/ThirdPersonExampleMap.ThirdPersonExampleMap:PersistentLevel.BoxBrush12.BrushComponent0) Component already registered.
[2018.04.05-20.59.20:479][206]LogGeometryMode:Warning: Unable to find 2 Vertex(s) in new BSP
[2018.04.05-20.59.20:479][206]LogGeometryMode:Warning: Unable to resolve BoxBrush13 Brush in new BSP, see above
[2018.04.05-20.59.20:479][206]LogGeometryMode:Warning: Unable to find all previously selected geometry data, resetting selection
[2018.04.05-20.59.21:271][234]Cmd: TRANSACTION UNDO
[2018.04.05-20.59.21:271][234]LogEditorTransaction: Undo Move Actors
[2018.04.05-20.59.21:304][234]LogActorComponent: ~FComponentReregisterContext: (/Game/ThirdPersonBP/Maps/ThirdPersonExampleMap.ThirdPersonExampleMap:PersistentLevel.BoxBrush4_12.BrushComponent0) Component already registered.
[2018.04.05-20.59.21:317][234]LogActorComponent: ~FComponentReregisterContext: (/Game/ThirdPersonBP/Maps/ThirdPersonExampleMap.ThirdPersonExampleMap:PersistentLevel.BoxBrush21.BrushComponent0) Component already registered.
[2018.04.05-20.59.21:319][234]LogActorComponent: ~FComponentReregisterContext: (/Game/ThirdPersonBP/Maps/ThirdPersonExampleMap.ThirdPersonExampleMap:PersistentLevel.BoxBrush12.BrushComponent0) Component already registered.
[2018.04.05-20.59.21:351][234]LogGeometryMode:Warning: Unable to find 2 Vertex(s) in new BSP
[2018.04.05-20.59.21:351][234]LogGeometryMode:Warning: Unable to resolve BoxBrush13 Brush in new BSP, see above
[2018.04.05-20.59.21:351][234]LogGeometryMode:Warning: Unable to find all previously selected geometry data, resetting selection
[2018.04.05-20.59.21:846][250]Cmd: TRANSACTION UNDO
[2018.04.05-20.59.21:846][250]LogEditorTransaction: Undo Move Actors
[2018.04.05-20.59.21:880][250]LogActorComponent: ~FComponentReregisterContext: (/Game/ThirdPersonBP/Maps/ThirdPersonExampleMap.ThirdPersonExampleMap:PersistentLevel.BoxBrush4_12.BrushComponent0) Component already registered.
[2018.04.05-20.59.21:894][250]LogActorComponent: ~FComponentReregisterContext: (/Game/ThirdPersonBP/Maps/ThirdPersonExampleMap.ThirdPersonExampleMap:PersistentLevel.BoxBrush21.BrushComponent0) Component already registered.
[2018.04.05-20.59.21:895][250]LogActorComponent: ~FComponentReregisterContext: (/Game/ThirdPersonBP/Maps/ThirdPersonExampleMap.ThirdPersonExampleMap:PersistentLevel.BoxBrush12.BrushComponent0) Component already registered.
[2018.04.05-20.59.21:932][250]LogGeometryMode:Warning: Unable to find 2 Vertex(s) in new BSP
[2018.04.05-20.59.21:932][250]LogGeometryMode:Warning: Unable to resolve BoxBrush13 Brush in new BSP, see above
[2018.04.05-20.59.21:932][250]LogGeometryMode:Warning: Unable to find all previously selected geometry data, resetting selection
[2018.04.05-20.59.22:347][263]Cmd: TRANSACTION UNDO
[2018.04.05-20.59.22:347][263]LogEditorTransaction: Undo Move Actors
[2018.04.05-20.59.22:396][263]LogActorComponent: ~FComponentReregisterContext: (/Game/ThirdPersonBP/Maps/ThirdPersonExampleMap.ThirdPersonExampleMap:PersistentLevel.BoxBrush4_12.BrushComponent0) Component already registered.
[2018.04.05-20.59.22:410][263]LogActorComponent: ~FComponentReregisterContext: (/Game/ThirdPersonBP/Maps/ThirdPersonExampleMap.ThirdPersonExampleMap:PersistentLevel.BoxBrush21.BrushComponent0) Component already registered.
[2018.04.05-20.59.22:412][263]LogActorComponent: ~FComponentReregisterContext: (/Game/ThirdPersonBP/Maps/ThirdPersonExampleMap.ThirdPersonExampleMap:PersistentLevel.BoxBrush12.BrushComponent0) Component already registered.
[2018.04.05-20.59.22:451][263]LogGeometryMode:Warning: Unable to find 2 Vertex(s) in new BSP
[2018.04.05-20.59.22:451][263]LogGeometryMode:Warning: Unable to resolve BoxBrush13 Brush in new BSP, see above
[2018.04.05-20.59.22:451][263]LogGeometryMode:Warning: Unable to find all previously selected geometry data, resetting selection
[2018.04.05-20.59.22:769][272]Cmd: TRANSACTION UNDO
[2018.04.05-20.59.22:769][272]LogEditorTransaction: Undo Move Actors
[2018.04.05-20.59.22:799][272]LogActorComponent: ~FComponentReregisterContext: (/Game/ThirdPersonBP/Maps/ThirdPersonExampleMap.ThirdPersonExampleMap:PersistentLevel.BoxBrush4_12.BrushComponent0) Component already registered.
[2018.04.05-20.59.22:812][272]LogActorComponent: ~FComponentReregisterContext: (/Game/ThirdPersonBP/Maps/ThirdPersonExampleMap.ThirdPersonExampleMap:PersistentLevel.BoxBrush21.BrushComponent0) Component already registered.
[2018.04.05-20.59.22:814][272]LogActorComponent: ~FComponentReregisterContext: (/Game/ThirdPersonBP/Maps/ThirdPersonExampleMap.ThirdPersonExampleMap:PersistentLevel.BoxBrush12.BrushComponent0) Component already registered.
[2018.04.05-20.59.22:847][272]LogGeometryMode:Warning: Unable to find 2 Vertex(s) in new BSP
[2018.04.05-20.59.22:847][272]LogGeometryMode:Warning: Unable to resolve BoxBrush13 Brush in new BSP, see above
[2018.04.05-20.59.22:847][272]LogGeometryMode:Warning: Unable to find all previously selected geometry data, resetting selection
[2018.04.05-20.59.23:100][278]Cmd: TRANSACTION UNDO
[2018.04.05-20.59.23:100][278]LogEditorTransaction: Undo Move Actors
[2018.04.05-20.59.23:130][278]LogActorComponent: ~FComponentReregisterContext: (/Game/ThirdPersonBP/Maps/ThirdPersonExampleMap.ThirdPersonExampleMap:PersistentLevel.BoxBrush3.BrushComponent0) Component already registered.
[2018.04.05-20.59.23:143][278]LogActorComponent: ~FComponentReregisterContext: (/Game/ThirdPersonBP/Maps/ThirdPersonExampleMap.ThirdPersonExampleMap:PersistentLevel.BoxBrush21.BrushComponent0) Component already registered.
[2018.04.05-20.59.23:144][278]LogActorComponent: ~FComponentReregisterContext: (/Game/ThirdPersonBP/Maps/ThirdPersonExampleMap.ThirdPersonExampleMap:PersistentLevel.BoxBrush4_12.BrushComponent0) Component already registered.
[2018.04.05-20.59.23:578][291]Cmd: TRANSACTION UNDO
[2018.04.05-20.59.23:578][291]LogEditorTransaction: Undo Modifier [Edit]
[2018.04.05-20.59.24:021][302]Cmd: TRANSACTION UNDO
[2018.04.05-20.59.24:021][302]LogEditorTransaction: Undo Modifier [Edit]
[2018.04.05-20.59.24:395][311]Cmd: TRANSACTION UNDO
[2018.04.05-20.59.24:395][311]LogEditorTransaction: Undo Modifier [Edit]
[2018.04.05-20.59.24:756][321]Cmd: TRANSACTION UNDO
[2018.04.05-20.59.24:756][321]LogEditorTransaction: Undo Select Brush Surface
[2018.04.05-20.59.26:510][400]Cmd: TRANSACTION UNDO
[2018.04.05-20.59.26:511][400]LogEditorTransaction: Undo Select Brush Surface
[2018.04.05-21.00.16:077][ 48]Cmd: CAMERA ALIGN ACTIVEVIEWPORTONLY
[2018.04.05-21.01.13:556][874]Cmd: TRANSACTION UNDO
[2018.04.05-21.01.13:556][874]LogEditorTransaction: Undo Move Actors
[2018.04.05-21.01.13:585][874]LogActorComponent: ~FComponentReregisterContext: (/Game/ThirdPersonBP/Maps/ThirdPersonExampleMap.ThirdPersonExampleMap:PersistentLevel.BoxBrush4_12.BrushComponent0) Component already registered.
[2018.04.05-21.01.13:598][874]LogActorComponent: ~FComponentReregisterContext: (/Game/ThirdPersonBP/Maps/ThirdPersonExampleMap.ThirdPersonExampleMap:PersistentLevel.BoxBrush21.BrushComponent0) Component already registered.
[2018.04.05-21.01.13:601][874]LogActorComponent: ~FComponentReregisterContext: (/Game/ThirdPersonBP/Maps/ThirdPersonExampleMap.ThirdPersonExampleMap:PersistentLevel.BoxBrush12.BrushComponent0) Component already registered.
[2018.04.05-21.01.13:635][874]LogGeometryMode:Warning: Unable to find 2 Vertex(s) in new BSP
[2018.04.05-21.01.13:635][874]LogGeometryMode:Warning: Unable to resolve BoxBrush13 Brush in new BSP, see above
[2018.04.05-21.01.13:635][874]LogGeometryMode:Warning: Unable to find all previously selected geometry data, resetting selection
[2018.04.05-21.01.14:072][883]Cmd: TRANSACTION UNDO
[2018.04.05-21.01.14:072][883]LogEditorTransaction: Undo Move Actors
[2018.04.05-21.01.14:102][883]LogActorComponent: ~FComponentReregisterContext: (/Game/ThirdPersonBP/Maps/ThirdPersonExampleMap.ThirdPersonExampleMap:PersistentLevel.BoxBrush4_12.BrushComponent0) Component already registered.
[2018.04.05-21.01.14:115][883]LogActorComponent: ~FComponentReregisterContext: (/Game/ThirdPersonBP/Maps/ThirdPersonExampleMap.ThirdPersonExampleMap:PersistentLevel.BoxBrush21.BrushComponent0) Component already registered.
[2018.04.05-21.01.14:117][883]LogActorComponent: ~FComponentReregisterContext: (/Game/ThirdPersonBP/Maps/ThirdPersonExampleMap.ThirdPersonExampleMap:PersistentLevel.BoxBrush12.BrushComponent0) Component already registered.
[2018.04.05-21.01.14:150][883]LogGeometryMode:Warning: Unable to find 2 Vertex(s) in new BSP
[2018.04.05-21.01.14:150][883]LogGeometryMode:Warning: Unable to resolve BoxBrush13 Brush in new BSP, see above
[2018.04.05-21.01.14:150][883]LogGeometryMode:Warning: Unable to find all previously selected geometry data, resetting selection
[2018.04.05-21.01.14:575][895]Cmd: TRANSACTION UNDO
[2018.04.05-21.01.14:575][895]LogEditorTransaction: Undo Modifier [Edit]
[2018.04.05-21.01.15:048][908]Cmd: TRANSACTION UNDO
[2018.04.05-21.01.15:048][908]LogEditorTransaction: Undo Modifier [Edit]
[2018.04.05-21.01.15:504][922]Cmd: TRANSACTION UNDO
[2018.04.05-21.01.15:504][922]LogEditorTransaction: Undo Move Actors
[2018.04.05-21.01.15:537][922]LogActorComponent: ~FComponentReregisterContext: (/Game/ThirdPersonBP/Maps/ThirdPersonExampleMap.ThirdPersonExampleMap:PersistentLevel.BoxBrush4_12.BrushComponent0) Component already registered.
[2018.04.05-21.01.15:550][922]LogActorComponent: ~FComponentReregisterContext: (/Game/ThirdPersonBP/Maps/ThirdPersonExampleMap.ThirdPersonExampleMap:PersistentLevel.BoxBrush21.BrushComponent0) Component already registered.
[2018.04.05-21.01.15:552][922]LogActorComponent: ~FComponentReregisterContext: (/Game/ThirdPersonBP/Maps/ThirdPersonExampleMap.ThirdPersonExampleMap:PersistentLevel.BoxBrush12.BrushComponent0) Component already registered.
[2018.04.05-21.01.15:588][922]LogGeometryMode:Warning: Unable to find 1 Poly(s) in new BSP
[2018.04.05-21.01.15:588][922]LogGeometryMode:Warning: Unable to resolve BoxBrush13 Brush in new BSP, see above
[2018.04.05-21.01.15:588][922]LogGeometryMode:Warning: Unable to find all previously selected geometry data, resetting selection
[2018.04.05-21.01.15:989][933]Cmd: TRANSACTION UNDO
[2018.04.05-21.01.15:989][933]LogEditorTransaction: Undo Move Actors
[2018.04.05-21.01.16:023][933]LogActorComponent: ~FComponentReregisterContext: (/Game/ThirdPersonBP/Maps/ThirdPersonExampleMap.ThirdPersonExampleMap:PersistentLevel.BoxBrush4_12.BrushComponent0) Component already registered.
[2018.04.05-21.01.16:037][933]LogActorComponent: ~FComponentReregisterContext: (/Game/ThirdPersonBP/Maps/ThirdPersonExampleMap.ThirdPersonExampleMap:PersistentLevel.BoxBrush21.BrushComponent0) Component already registered.
[2018.04.05-21.01.16:039][933]LogActorComponent: ~FComponentReregisterContext: (/Game/ThirdPersonBP/Maps/ThirdPersonExampleMap.ThirdPersonExampleMap:PersistentLevel.BoxBrush12.BrushComponent0) Component already registered.
[2018.04.05-21.01.16:070][933]LogGeometryMode:Warning: Unable to find 1 Poly(s) in new BSP
[2018.04.05-21.01.16:070][933]LogGeometryMode:Warning: Unable to resolve BoxBrush13 Brush in new BSP, see above
[2018.04.05-21.01.16:070][933]LogGeometryMode:Warning: Unable to find all previously selected geometry data, resetting selection
[2018.04.05-21.01.16:499][946]Cmd: TRANSACTION UNDO
[2018.04.05-21.01.16:499][946]LogEditorTransaction: Undo Move Actors
[2018.04.05-21.01.16:529][946]LogActorComponent: ~FComponentReregisterContext: (/Game/ThirdPersonBP/Maps/ThirdPersonExampleMap.ThirdPersonExampleMap:PersistentLevel.BoxBrush4_12.BrushComponent0) Component already registered.
[2018.04.05-21.01.16:542][946]LogActorComponent: ~FComponentReregisterContext: (/Game/ThirdPersonBP/Maps/ThirdPersonExampleMap.ThirdPersonExampleMap:PersistentLevel.BoxBrush21.BrushComponent0) Component already registered.
[2018.04.05-21.01.16:544][946]LogActorComponent: ~FComponentReregisterContext: (/Game/ThirdPersonBP/Maps/ThirdPersonExampleMap.ThirdPersonExampleMap:PersistentLevel.BoxBrush12.BrushComponent0) Component already registered.
[2018.04.05-21.01.16:579][946]LogGeometryMode:Warning: Unable to find 1 Poly(s) in new BSP
[2018.04.05-21.01.16:579][946]LogGeometryMode:Warning: Unable to resolve BoxBrush13 Brush in new BSP, see above
[2018.04.05-21.01.16:579][946]LogGeometryMode:Warning: Unable to find all previously selected geometry data, resetting selection
[2018.04.05-21.01.17:076][962]Cmd: TRANSACTION UNDO
[2018.04.05-21.01.17:076][962]LogEditorTransaction: Undo Move Actors
[2018.04.05-21.01.17:108][962]LogActorComponent: ~FComponentReregisterContext: (/Game/ThirdPersonBP/Maps/ThirdPersonExampleMap.ThirdPersonExampleMap:PersistentLevel.BoxBrush4_12.BrushComponent0) Component already registered.
[2018.04.05-21.01.17:122][962]LogActorComponent: ~FComponentReregisterContext: (/Game/ThirdPersonBP/Maps/ThirdPersonExampleMap.ThirdPersonExampleMap:PersistentLevel.BoxBrush21.BrushComponent0) Component already registered.
[2018.04.05-21.01.17:123][962]LogActorComponent: ~FComponentReregisterContext: (/Game/ThirdPersonBP/Maps/ThirdPersonExampleMap.ThirdPersonExampleMap:PersistentLevel.BoxBrush12.BrushComponent0) Component already registered.
[2018.04.05-21.01.17:157][962]LogGeometryMode:Warning: Unable to find 1 Poly(s) in new BSP
[2018.04.05-21.01.17:157][962]LogGeometryMode:Warning: Unable to resolve BoxBrush13 Brush in new BSP, see above
[2018.04.05-21.01.17:157][962]LogGeometryMode:Warning: Unable to find all previously selected geometry data, resetting selection
[2018.04.05-21.01.25:667][240]Cmd: BRUSH ADD SELECTNEWBRUSH
[2018.04.05-21.01.46:516][118]Cmd: CAMERA ALIGN ACTIVEVIEWPORTONLY
[2018.04.05-21.01.50:749][294]Cmd: CAMERA ALIGN ACTIVEVIEWPORTONLY
[2018.04.05-21.02.13:202][213]Cmd: TRANSACTION UNDO
[2018.04.05-21.02.13:202][213]LogEditorTransaction: Undo Move Actors
[2018.04.05-21.02.13:248][213]LogActorComponent: ~FComponentReregisterContext: (/Game/ThirdPersonBP/Maps/ThirdPersonExampleMap.ThirdPersonExampleMap:PersistentLevel.BoxBrush6.BrushComponent0) Component already registered.
[2018.04.05-21.02.13:273][213]LogGeometryMode:Warning: Unable to find 1 Poly(s) in new BSP
[2018.04.05-21.02.13:273][213]LogGeometryMode:Warning: Unable to resolve BoxBrush14 Brush in new BSP, see above
[2018.04.05-21.02.13:273][213]LogGeometryMode:Warning: Unable to find all previously selected geometry data, resetting selection
[2018.04.05-21.02.30:524][940]Cmd: CAMERA ALIGN ACTIVEVIEWPORTONLY
[2018.04.05-21.02.56:690][ 41]LogGeometryMode:Warning: Unable to find BoxBrush13 Brush(s) in new BSP
[2018.04.05-21.02.56:690][ 41]LogGeometryMode:Warning: Unable to find all previously selected geometry data, resetting selection
[2018.04.05-21.03.04:382][333]Cmd: CAMERA ALIGN ACTIVEVIEWPORTONLY
[2018.04.05-21.03.57:146][651]Cmd: CAMERA ALIGN ACTIVEVIEWPORTONLY
[2018.04.05-21.04.34:926][385]Cmd: CAMERA ALIGN ACTIVEVIEWPORTONLY
[2018.04.05-21.05.07:796][791]Cmd: TRANSACTION UNDO
[2018.04.05-21.05.07:796][791]LogEditorTransaction: Undo Move Actors
[2018.04.05-21.05.07:843][791]LogActorComponent: ~FComponentReregisterContext: (/Game/ThirdPersonBP/Maps/ThirdPersonExampleMap.ThirdPersonExampleMap:PersistentLevel.BoxBrush6.BrushComponent0) Component already registered.
[2018.04.05-21.05.07:867][791]LogGeometryMode:Warning: Unable to find 1 Poly(s) in new BSP
[2018.04.05-21.05.07:867][791]LogGeometryMode:Warning: Unable to resolve BoxBrush14 Brush in new BSP, see above
[2018.04.05-21.05.07:867][791]LogGeometryMode:Warning: Unable to find all previously selected geometry data, resetting selection
[2018.04.05-21.05.12:948][997]Cmd: CAMERA ALIGN ACTIVEVIEWPORTONLY
[2018.04.05-21.06.02:710][124]Cmd: CAMERA ALIGN ACTIVEVIEWPORTONLY
[2018.04.05-21.06.14:374][614]Cmd: CAMERA ALIGN ACTIVEVIEWPORTONLY
[2018.04.05-21.06.55:107][357]LogSavePackage: Save=624.52ms
[2018.04.05-21.06.55:107][357]LogSavePackage: Moving '../../../../../../Users/E/Documents/Unreal Projects/gorge/Saved/ThirdPersonExampleMap_Auto1D9E7A2D5444ADE48EFE1069DF8D59FEC.tmp' to '../../../../../../Users/E/Documents/Unreal Projects/gorge/Saved/Autosaves/Game/ThirdPersonBP/Maps/ThirdPersonExampleMap_Auto1.umap'
[2018.04.05-21.06.55:116][357]LogSavePackage:Display: Finished SavePackage ../../../../../../Users/E/Documents/Unreal Projects/gorge/Saved/Autosaves/Game/ThirdPersonBP/Maps/ThirdPersonExampleMap_Auto1.umap
[2018.04.05-21.06.55:123][357]LogFileHelpers: Editor autosave (incl. sublevels) for '/Game/ThirdPersonBP/Maps/ThirdPersonExampleMap' took 0.783
[2018.04.05-21.06.55:123][357]LogFileHelpers: Editor autosave (incl. sublevels) for all levels took 0.783
[2018.04.05-21.10.33:951][101]Cmd: CAMERA ALIGN ACTIVEVIEWPORTONLY
[2018.04.05-21.11.09:704][411]LogEditorViewport: Clicking on Actor (context menu): BP_Sky_Sphere_C (SkySphereBlueprint)
[2018.04.05-21.11.45:048][934]Cmd: TRANSACTION UNDO
[2018.04.05-21.11.45:048][934]LogEditorTransaction: Undo Move Actors
[2018.04.05-21.11.53:767][252]Cmd: TRANSACTION UNDO
[2018.04.05-21.11.53:767][252]LogEditorTransaction: Undo Move Actors
[2018.04.05-21.11.57:664][382]LogEditorViewport: Clicking on Actor (LMB): BP_Sky_Sphere_C (SkySphereBlueprint)
[2018.04.05-21.11.59:177][445]LogEditorViewport: Clicking on Actor (LMB): ThirdPersonCharacter_C (ThirdPersonCharacter)
[2018.04.05-21.12.04:616][633]LogEditorViewport: Clicking on Actor (LMB): BP_Sky_Sphere_C (SkySphereBlueprint)
[2018.04.05-21.12.05:776][679]LogEditorViewport: Clicking on Actor (LMB): ThirdPersonCharacter_C (ThirdPersonCharacter)
[2018.04.05-21.12.12:049][888]Cmd: CAMERA ALIGN ACTIVEVIEWPORTONLY
[2018.04.05-21.12.52:352][405]Cmd: CAMERA ALIGN ACTIVEVIEWPORTONLY
[2018.04.05-21.13.59:237][955]Cmd: CAMERA ALIGN ACTIVEVIEWPORTONLY
[2018.04.05-21.14.01:978][ 70]LogEditorViewport: Clicking on Actor (LMB): ThirdPersonCharacter_C (ThirdPersonCharacter)
[2018.04.05-21.14.39:846][489]Cmd: CAMERA ALIGN ACTIVEVIEWPORTONLY
[2018.04.05-21.14.45:873][711]Cmd: TRANSACTION UNDO
[2018.04.05-21.14.45:873][711]LogEditorTransaction: Undo Set actor rotation
[2018.04.05-21.16.02:654][645]Cmd: CAMERA ALIGN ACTIVEVIEWPORTONLY
[2018.04.05-21.16.22:256][447]Cmd: CAMERA ALIGN ACTIVEVIEWPORTONLY
[2018.04.05-21.16.42:489][275]Cmd: CAMERA ALIGN ACTIVEVIEWPORTONLY
[2018.04.05-21.16.47:729][496]Cmd: CAMERA ALIGN ACTIVEVIEWPORTONLY
[2018.04.05-21.16.53:537][749]Cmd: CAMERA ALIGN ACTIVEVIEWPORTONLY
[2018.04.05-21.17.12:662][559]Cmd: CAMERA ALIGN ACTIVEVIEWPORTONLY
[2018.04.05-21.17.16:434][709]Cmd: CAMERA ALIGN ACTIVEVIEWPORTONLY
[2018.04.05-21.17.40:319][681]Cmd: CAMERA ALIGN ACTIVEVIEWPORTONLY
[2018.04.05-21.18.01:932][498]Cmd: CAMERA ALIGN ACTIVEVIEWPORTONLY
[2018.04.05-21.18.30:076][717]Cmd: CAMERA ALIGN ACTIVEVIEWPORTONLY
[2018.04.05-21.18.43:305][255]Cmd: CAMERA ALIGN ACTIVEVIEWPORTONLY
[2018.04.05-21.19.38:684][651]LogSavePackage: Save=769.42ms
[2018.04.05-21.19.38:684][651]LogSavePackage: Moving '../../../../../../Users/E/Documents/Unreal Projects/gorge/Saved/ThirdPersonExampleMap_Auto2372CB8A843791D1D5052C191F038EB80.tmp' to '../../../../../../Users/E/Documents/Unreal Projects/gorge/Saved/Autosaves/Game/ThirdPersonBP/Maps/ThirdPersonExampleMap_Auto2.umap'
[2018.04.05-21.19.38:692][651]LogSavePackage:Display: Finished SavePackage ../../../../../../Users/E/Documents/Unreal Projects/gorge/Saved/Autosaves/Game/ThirdPersonBP/Maps/ThirdPersonExampleMap_Auto2.umap
[2018.04.05-21.19.38:699][651]LogFileHelpers: Editor autosave (incl. sublevels) for '/Game/ThirdPersonBP/Maps/ThirdPersonExampleMap' took 0.917
[2018.04.05-21.19.38:699][651]LogFileHelpers: Editor autosave (incl. sublevels) for all levels took 0.917
[2018.04.05-21.19.54:371][349]LogGeometryMode:Warning: Unable to find BoxBrush13 Brush(s) in new BSP
[2018.04.05-21.19.54:371][349]LogGeometryMode:Warning: Unable to find all previously selected geometry data, resetting selection
[2018.04.05-21.20.16:281][139]Cmd: TRANSACTION UNDO
[2018.04.05-21.20.16:281][139]LogEditorTransaction: Undo Move Actors
[2018.04.05-21.20.16:344][139]LogActorComponent: ~FComponentReregisterContext: (/Game/ThirdPersonBP/Maps/ThirdPersonExampleMap.ThirdPersonExampleMap:PersistentLevel.BoxBrush6.BrushComponent0) Component already registered.
[2018.04.05-21.20.16:378][139]LogGeometryMode:Warning: Unable to find 1 Vertex(s) in new BSP
[2018.04.05-21.20.16:381][139]LogGeometryMode:Warning: Unable to find 11 Poly(s) in new BSP
[2018.04.05-21.20.16:382][139]LogGeometryMode:Warning: Unable to resolve BoxBrush13 Brush in new BSP, see above
[2018.04.05-21.20.16:382][139]LogGeometryMode:Warning: Unable to find all previously selected geometry data, resetting selection
[2018.04.05-21.21.01:241][775]LogGeometryMode:Warning: Unable to find BoxBrush14 Brush(s) in new BSP
[2018.04.05-21.21.01:241][775]LogGeometryMode:Warning: Unable to find all previously selected geometry data, resetting selection
[2018.04.05-21.21.06:507][969]Cmd: CAMERA ALIGN ACTIVEVIEWPORTONLY
[2018.04.05-21.21.32:182][ 88]Cmd: CAMERA ALIGN ACTIVEVIEWPORTONLY
[2018.04.05-21.21.43:974][565]Cmd: CAMERA ALIGN ACTIVEVIEWPORTONLY
[2018.04.05-21.22.04:196][478]Cmd: CAMERA ALIGN ACTIVEVIEWPORTONLY
[2018.04.05-21.22.11:304][749]Cmd: CAMERA ALIGN ACTIVEVIEWPORTONLY
[2018.04.05-21.22.23:646][235]LogSavePackage: Save=778.77ms
[2018.04.05-21.22.23:646][235]LogSavePackage: Moving '../../../../../../Users/E/Documents/Unreal Projects/gorge/Saved/ThirdPersonExampleMapE456AB65481C821DE7D98BAE80DA03A1.tmp' to '../../../../../../Users/E/Documents/Unreal Projects/gorge/Content/ThirdPersonBP/Maps/ThirdPersonExampleMap.umap'
[2018.04.05-21.22.23:686][235]LogSavePackage:Display: Finished SavePackage ../../../../../../Users/E/Documents/Unreal Projects/gorge/Content/ThirdPersonBP/Maps/ThirdPersonExampleMap.umap
[2018.04.05-21.22.23:856][235]LogFileHelpers: Saving map 'ThirdPersonExampleMap' took 1.243
[2018.04.05-21.23.18:358][178]Cmd: CAMERA ALIGN ACTIVEVIEWPORTONLY
[2018.04.05-21.23.36:649][957]Cmd: CAMERA ALIGN ACTIVEVIEWPORTONLY
[2018.04.05-21.24.00:055][907]Cmd: CAMERA ALIGN ACTIVEVIEWPORTONLY
[2018.04.05-21.24.47:169][817]Cmd: CAMERA ALIGN ACTIVEVIEWPORTONLY
[2018.04.05-21.24.55:168][118]Cmd: CAMERA ALIGN ACTIVEVIEWPORTONLY
[2018.04.05-21.25.07:976][633]Cmd: CAMERA ALIGN ACTIVEVIEWPORTONLY
[2018.04.05-21.25.13:946][858]Cmd: CAMERA ALIGN ACTIVEVIEWPORTONLY
[2018.04.05-21.26.25:437][ 22]Cmd: CAMERA ALIGN ACTIVEVIEWPORTONLY
[2018.04.05-21.26.35:897][429]Cmd: CAMERA ALIGN ACTIVEVIEWPORTONLY
[2018.04.05-21.26.53:472][143]Cmd: CAMERA ALIGN ACTIVEVIEWPORTONLY
[2018.04.05-21.27.05:562][617]Cmd: CAMERA ALIGN ACTIVEVIEWPORTONLY
[2018.04.05-21.27.49:124][390]Cmd: CAMERA ALIGN ACTIVEVIEWPORTONLY
[2018.04.05-21.28.30:976][ 28]Cmd: CAMERA ALIGN ACTIVEVIEWPORTONLY
[2018.04.05-21.29.00:559][175]Cmd: CAMERA ALIGN ACTIVEVIEWPORTONLY
[2018.04.05-21.29.03:597][250]LogSavePackage: Save=602.84ms
[2018.04.05-21.29.03:597][250]LogSavePackage: Moving '../../../../../../Users/E/Documents/Unreal Projects/gorge/Saved/ThirdPersonExampleMapA3F64CE748C3247CB7E825A42656F90B.tmp' to '../../../../../../Users/E/Documents/Unreal Projects/gorge/Content/ThirdPersonBP/Maps/ThirdPersonExampleMap.umap'
[2018.04.05-21.29.03:623][250]LogSavePackage:Display: Finished SavePackage ../../../../../../Users/E/Documents/Unreal Projects/gorge/Content/ThirdPersonBP/Maps/ThirdPersonExampleMap.umap
[2018.04.05-21.29.03:764][250]LogFileHelpers: Saving map 'ThirdPersonExampleMap' took 1.078
[2018.04.05-21.29.05:609][294]Cmd: QUIT_EDITOR
[2018.04.05-21.29.05:758][294]LogWindowsTextInputMethodSystem:Display: IME system now deactivated.
[2018.04.05-21.29.05:857][294]LogExit: Preparing to exit.
[2018.04.05-21.29.07:175][294]LogDirectoryWatcher: A directory notification for 'C:/Users/E/Documents/Unreal Projects/gorge/Content/' was aborted.
[2018.04.05-21.29.07:579][294]LogExit: Editor shut down
[2018.04.05-21.29.07:586][294]LogExit: Transaction tracking system shut down
[2018.04.05-21.29.08:281][294]LogObj: Freed 0b from 0 cluster array pools.
[2018.04.05-21.29.08:282][294]LogExit: Object subsystem successfully closed.
[2018.04.05-21.29.08:355][294]LogD3D11RHI: Shutdown
[2018.04.05-21.29.08:355][294]LogD3D11RHI: CleanupD3DDevice
[2018.04.05-21.29.08:658][294]LogD3D11RHI: ~FD3D11DynamicRHI
[2018.04.05-21.29.08:747][294]LogModuleManager: Shutting down and abandoning module HierarchicalLODOutliner (233)
[2018.04.05-21.29.08:747][294]LogModuleManager: Shutting down and abandoning module CrashTracker (232)
[2018.04.05-21.29.08:747][294]LogModuleManager: Shutting down and abandoning module SceneOutliner (231)
[2018.04.05-21.29.08:747][294]LogModuleManager: Shutting down and abandoning module WidgetCarousel (230)
[2018.04.05-21.29.08:747][294]LogModuleManager: Shutting down and abandoning module AddContentDialog (229)
[2018.04.05-21.29.08:748][294]LogDirectoryWatcher: A directory notification for 'C:/Program Files (x86)/Epic Games/4.13/FeaturePacks/' was aborted.
[2018.04.05-21.29.08:775][294]LogModuleManager: Shutting down and abandoning module GameplayTags (228)
[2018.04.05-21.29.08:775][294]LogModuleManager: Shutting down and abandoning module EditorWidgets (227)
[2018.04.05-21.29.08:775][294]LogModuleManager: Shutting down and abandoning module CollectionManager (226)
[2018.04.05-21.29.08:775][294]LogDirectoryWatcher: A directory notification for 'C:/Users/E/Documents/Unreal Projects/gorge/Content/Collections/' was aborted.
[2018.04.05-21.29.08:775][294]LogDirectoryWatcher: A directory notification for 'C:/Users/E/Documents/Unreal Projects/gorge/Content/Developers/E/Collections/' was aborted.
[2018.04.05-21.29.08:776][294]LogDirectoryWatcher: A directory notification for 'C:/Users/E/Documents/Unreal Projects/gorge/Saved/Collections/' was aborted.
[2018.04.05-21.29.08:776][294]LogModuleManager: Shutting down and abandoning module StatsViewer (225)
[2018.04.05-21.29.08:776][294]LogModuleManager: Shutting down and abandoning module FoliageEdit (224)
[2018.04.05-21.29.08:776][294]LogModuleManager: Shutting down and abandoning module LandscapeEditor (223)
[2018.04.05-21.29.08:777][294]LogModuleManager: Shutting down and abandoning module SceneDepthPickerMode (222)
[2018.04.05-21.29.08:778][294]LogModuleManager: Shutting down and abandoning module ActorPickerMode (221)
[2018.04.05-21.29.08:778][294]LogModuleManager: Shutting down and abandoning module GeometryMode (220)
[2018.04.05-21.29.08:778][294]LogModuleManager: Shutting down and abandoning module TextureAlignMode (219)
[2018.04.05-21.29.08:778][294]LogModuleManager: Shutting down and abandoning module BspMode (218)
[2018.04.05-21.29.08:778][294]LogModuleManager: Shutting down and abandoning module HardwareSurvey (217)
[2018.04.05-21.29.08:778][294]LogModuleManager: Shutting down and abandoning module SequenceRecorderSections (216)
[2018.04.05-21.29.08:778][294]LogModuleManager: Shutting down and abandoning module SequenceRecorder (215)
[2018.04.05-21.29.08:779][294]LogModuleManager: Shutting down and abandoning module AutomationWorker (214)
[2018.04.05-21.29.08:779][294]LogModuleManager: Shutting down and abandoning module MatineeToLevelSequence (213)
[2018.04.05-21.29.08:779][294]LogModuleManager: Shutting down and abandoning module PlacementMode (212)
[2018.04.05-21.29.08:779][294]LogModuleManager: Shutting down and abandoning module LevelSequenceEditor (211)
[2018.04.05-21.29.08:780][294]LogModuleManager: Shutting down and abandoning module WmfMediaFactory (210)
[2018.04.05-21.29.08:780][294]LogModuleManager: Shutting down and abandoning module WmfMediaEditor (209)
[2018.04.05-21.29.08:780][294]LogModuleManager: Shutting down and abandoning module AvfMediaFactory (208)
[2018.04.05-21.29.08:780][294]LogModuleManager: Shutting down and abandoning module AvfMediaEditor (207)
[2018.04.05-21.29.08:780][294]LogModuleManager: Shutting down and abandoning module Media (206)
[2018.04.05-21.29.08:780][294]LogModuleManager: Shutting down and abandoning module AndroidMediaFactory (205)
[2018.04.05-21.29.08:780][294]LogModuleManager: Shutting down and abandoning module AndroidMediaEditor (204)
[2018.04.05-21.29.08:781][294]LogModuleManager: Shutting down and abandoning module CharacterAI (203)
[2018.04.05-21.29.08:781][294]LogModuleManager: Shutting down and abandoning module SmartSnapping (202)
[2018.04.05-21.29.08:781][294]LogModuleManager: Shutting down and abandoning module SessionServices (201)
[2018.04.05-21.29.08:781][294]LogModuleManager: Shutting down and abandoning module ViewportSnapping (200)
[2018.04.05-21.29.08:781][294]LogModuleManager: Shutting down and abandoning module ViewportInteraction (199)
[2018.04.05-21.29.08:781][294]LogModuleManager: Shutting down and abandoning module LogVisualizer (198)
[2018.04.05-21.29.08:783][294]LogModuleManager: Shutting down and abandoning module GameProjectGeneration (197)
[2018.04.05-21.29.08:783][294]LogModuleManager: Shutting down and abandoning module IntroTutorials (196)
[2018.04.05-21.29.08:784][294]LogModuleManager: Shutting down and abandoning module EditorLiveStreaming (195)
[2018.04.05-21.29.08:784][294]LogModuleManager: Shutting down and abandoning module IOSPlatformEditor (194)
[2018.04.05-21.29.08:784][294]LogModuleManager: Shutting down and abandoning module HTML5PlatformEditor (193)
[2018.04.05-21.29.08:784][294]LogModuleManager: Shutting down and abandoning module AndroidDeviceDetection (192)
[2018.04.05-21.29.09:006][294]LogModuleManager: Shutting down and abandoning module AndroidPlatformEditor (191)
[2018.04.05-21.29.09:006][294]LogModuleManager: Shutting down and abandoning module IOSRuntimeSettings (190)
[2018.04.05-21.29.09:006][294]LogModuleManager: Shutting down and abandoning module AndroidRuntimeSettings (189)
[2018.04.05-21.29.09:006][294]LogModuleManager: Shutting down and abandoning module NiagaraEditor (188)
[2018.04.05-21.29.09:007][294]LogModuleManager: Shutting down and abandoning module MergeActors (187)
[2018.04.05-21.29.09:007][294]LogModuleManager: Shutting down and abandoning module SizeMap (186)
[2018.04.05-21.29.09:007][294]LogModuleManager: Shutting down and abandoning module TreeMap (185)
[2018.04.05-21.29.09:007][294]LogModuleManager: Shutting down and abandoning module ReferenceViewer (184)
[2018.04.05-21.29.09:007][294]LogModuleManager: Shutting down and abandoning module LocalizationService (183)
[2018.04.05-21.29.09:007][294]LogModuleManager: Shutting down and abandoning module LocalizationDashboard (182)
[2018.04.05-21.29.09:007][294]LogModuleManager: Shutting down and abandoning module HardwareTargeting (181)
[2018.04.05-21.29.09:008][294]LogModuleManager: Shutting down and abandoning module DeviceProfileEditor (180)
[2018.04.05-21.29.09:008][294]LogModuleManager: Shutting down and abandoning module UndoHistory (179)
[2018.04.05-21.29.09:008][294]LogModuleManager: Shutting down and abandoning module UserFeedback (178)
[2018.04.05-21.29.09:008][294]LogModuleManager: Shutting down and abandoning module XmlParser (177)
[2018.04.05-21.29.09:008][294]LogModuleManager: Shutting down and abandoning module Blutility (176)
[2018.04.05-21.29.09:008][294]LogModuleManager: Shutting down and abandoning module ProjectTargetPlatformEditor (175)
[2018.04.05-21.29.09:010][294]LogModuleManager: Shutting down and abandoning module ProjectSettingsViewer (174)
[2018.04.05-21.29.09:010][294]LogModuleManager: Shutting down and abandoning module InputBindingEditor (173)
[2018.04.05-21.29.09:011][294]LogModuleManager: Shutting down and abandoning module EditorSettingsViewer (172)
[2018.04.05-21.29.09:011][294]LogModuleManager: Shutting down and abandoning module SettingsEditor (171)
[2018.04.05-21.29.09:012][294]LogModuleManager: Shutting down and abandoning module ProjectLauncher (170)
[2018.04.05-21.29.09:012][294]LogModuleManager: Shutting down and abandoning module SessionFrontend (169)
[2018.04.05-21.29.09:012][294]LogModuleManager: Shutting down and abandoning module ProfilerClient (168)
[2018.04.05-21.29.09:012][294]LogModuleManager: Shutting down and abandoning module TargetDeviceServices (167)
[2018.04.05-21.29.09:013][294]LogModuleManager: Shutting down and abandoning module DeviceManager (166)
[2018.04.05-21.29.09:083][294]LogModuleManager: Shutting down and abandoning module AutomationController (165)
[2018.04.05-21.29.09:083][294]LogModuleManager: Shutting down and abandoning module AutomationWindow (164)
[2018.04.05-21.29.09:083][294]LogModuleManager: Shutting down and abandoning module Layers (163)
[2018.04.05-21.29.09:083][294]LogModuleManager: Shutting down and abandoning module ComponentVisualizers (162)
[2018.04.05-21.29.09:083][294]LogModuleManager: Shutting down and abandoning module DetailCustomizations (161)
[2018.04.05-21.29.09:083][294]LogModuleManager: Shutting down and abandoning module PackagesDialog (160)
[2018.04.05-21.29.09:084][294]LogModuleManager: Shutting down and abandoning module AnimGraph (159)
[2018.04.05-21.29.09:084][294]LogModuleManager: Shutting down and abandoning module Persona (158)
[2018.04.05-21.29.09:084][294]LogModuleManager: Shutting down and abandoning module Kismet (157)
[2018.04.05-21.29.09:089][294]LogModuleManager: Shutting down and abandoning module GraphEditor (156)
[2018.04.05-21.29.09:090][294]LogModuleManager: Shutting down and abandoning module ClassViewer (155)
[2018.04.05-21.29.09:090][294]LogModuleManager: Shutting down and abandoning module Toolbox (154)
[2018.04.05-21.29.09:090][294]LogModuleManager: Shutting down and abandoning module ModuleUI (153)
[2018.04.05-21.29.09:090][294]LogModuleManager: Shutting down and abandoning module MovieSceneTools (152)
[2018.04.05-21.29.09:090][294]LogModuleManager: Shutting down and abandoning module OutputLog (151)
[2018.04.05-21.29.09:090][294]LogModuleManager: Shutting down and abandoning module GammaUI (150)
[2018.04.05-21.29.09:090][294]LogModuleManager: Shutting down and abandoning module Documentation (149)
[2018.04.05-21.29.09:090][294]LogModuleManager: Shutting down and abandoning module Niagara (148)
[2018.04.05-21.29.09:090][294]LogModuleManager: Shutting down and abandoning module StreamingPauseRendering (147)
[2018.04.05-21.29.09:091][294]LogModuleManager: Shutting down and abandoning module AnalyticsET (146)
[2018.04.05-21.29.09:091][294]LogModuleManager: Shutting down and abandoning module PortalServices (145)
[2018.04.05-21.29.09:091][294]LogModuleManager: Shutting down and abandoning module PortalRpc (144)
[2018.04.05-21.29.09:091][294]LogModuleManager: Shutting down and abandoning module MessagingRpc (143)
[2018.04.05-21.29.09:091][294]LogModuleManager: Shutting down and abandoning module GameplayDebugger (142)
[2018.04.05-21.29.09:091][294]LogModuleManager: Shutting down and abandoning module AITestSuite (141)
[2018.04.05-21.29.09:091][294]LogModuleManager: Shutting down and abandoning module AIModule (140)
[2018.04.05-21.29.09:091][294]LogModuleManager: Shutting down and abandoning module ProfilerService (139)
[2018.04.05-21.29.09:287][294]LogModuleManager: Shutting down and abandoning module TaskGraph (138)
[2018.04.05-21.29.09:287][294]LogModuleManager: Shutting down and abandoning module SlateRemote (137)
[2018.04.05-21.29.09:287][294]LogModuleManager: Shutting down and abandoning module SteamVRController (136)
[2018.04.05-21.29.09:287][294]LogModuleManager: Shutting down and abandoning module SteamVR (135)
[2018.04.05-21.29.09:287][294]LogModuleManager: Shutting down and abandoning module ProceduralMeshComponentEditor (134)
[2018.04.05-21.29.09:288][294]LogModuleManager: Shutting down and abandoning module ProceduralMeshComponent (133)
[2018.04.05-21.29.09:288][294]LogModuleManager: Shutting down and abandoning module OculusLibrary (132)
[2018.04.05-21.29.09:288][294]LogModuleManager: Shutting down and abandoning module OculusInput (131)
[2018.04.05-21.29.09:288][294]LogModuleManager: Shutting down and abandoning module CustomMeshComponent (130)
[2018.04.05-21.29.09:288][294]LogModuleManager: Shutting down and abandoning module CableComponent (129)
[2018.04.05-21.29.09:288][294]LogModuleManager: Shutting down and abandoning module ArchVisCharacter (128)
[2018.04.05-21.29.09:288][294]LogModuleManager: Shutting down and abandoning module MediaPlayerEditor (126)
[2018.04.05-21.29.09:288][294]LogModuleManager: Shutting down and abandoning module HTML5Networking (125)
[2018.04.05-21.29.09:288][294]LogModuleManager: Shutting down and abandoning module GeometryCacheEd (124)
[2018.04.05-21.29.09:288][294]LogModuleManager: Shutting down and abandoning module GeometryCache (123)
[2018.04.05-21.29.09:288][294]LogModuleManager: Shutting down and abandoning module AlembicLibrary (122)
[2018.04.05-21.29.09:289][294]LogModuleManager: Shutting down and abandoning module AlembicImporter (121)
[2018.04.05-21.29.09:289][294]LogModuleManager: Shutting down and abandoning module SuperSearch (120)
[2018.04.05-21.29.09:289][294]LogModuleManager: Shutting down and abandoning module SuperSearchEditor (119)
[2018.04.05-21.29.09:289][294]LogModuleManager: Shutting down and abandoning module SpeedTreeImporter (118)
[2018.04.05-21.29.09:289][294]LogModuleManager: Shutting down and abandoning module PluginBrowser (117)
[2018.04.05-21.29.09:289][294]LogModuleManager: Shutting down and abandoning module MobileLauncherProfileWizard (116)
[2018.04.05-21.29.09:289][294]LogModuleManager: Shutting down and abandoning module EpicSurvey (115)
[2018.04.05-21.29.09:289][294]LogModuleManager: Shutting down and abandoning module DesktopPlatform (114)
[2018.04.05-21.29.09:290][294]LogModuleManager: Shutting down and abandoning module VisualStudioSourceCodeAccess (113)
[2018.04.05-21.29.09:290][294]LogModuleManager: Shutting down and abandoning module UObjectPlugin (112)
[2018.04.05-21.29.09:290][294]LogModuleManager: Shutting down and abandoning module SubversionSourceControl (111)
[2018.04.05-21.29.09:290][294]LogModuleManager: Shutting down and abandoning module PerforceSourceControl (110)
[2018.04.05-21.29.09:290][294]LogModuleManager: Shutting down and abandoning module SourceControl (109)
[2018.04.05-21.29.09:290][294]LogModuleManager: Shutting down and abandoning module GitSourceControl (108)
[2018.04.05-21.29.09:290][294]LogModuleManager: Shutting down and abandoning module LightPropagationVolumeEditor (107)
[2018.04.05-21.29.09:290][294]LogModuleManager: Shutting down and abandoning module PaperTiledImporter (106)
[2018.04.05-21.29.09:290][294]LogModuleManager: Shutting down and abandoning module PaperSpriteSheetImporter (105)
[2018.04.05-21.29.09:290][294]LogModuleManager: Shutting down and abandoning module MeshPaint (104)
[2018.04.05-21.29.09:291][294]LogModuleManager: Shutting down and abandoning module FbxAutomationBuilderModule (103)
[2018.04.05-21.29.09:291][294]LogModuleManager: Shutting down and abandoning module PixelInspectorModule (102)
[2018.04.05-21.29.09:291][294]LogModuleManager: Shutting down and abandoning module HotReload (101)
[2018.04.05-21.29.09:293][294]LogModuleManager: Shutting down and abandoning module MainFrame (100)
[2018.04.05-21.29.09:293][294]LogModuleManager: Shutting down and abandoning module LevelEditor (99)
[2018.04.05-21.29.09:300][294]LogModuleManager: Shutting down and abandoning module ContentBrowser (98)
[2018.04.05-21.29.09:310][294]LogModuleManager: Shutting down and abandoning module Paper2DEditor (97)
[2018.04.05-21.29.09:310][294]LogModuleManager: Shutting down and abandoning module UdpMessaging (96)
[2018.04.05-21.29.09:411][294]LogModuleManager: Shutting down and abandoning module TcpMessaging (95)
[2018.04.05-21.29.09:512][294]LogModuleManager: Shutting down and abandoning module LightPropagationVolumeRuntime (94)
[2018.04.05-21.29.09:512][294]LogModuleManager: Shutting down and abandoning module Paper2D (93)
[2018.04.05-21.29.09:512][294]LogModuleManager: Shutting down and abandoning module WindowsMoviePlayer (92)
[2018.04.05-21.29.09:512][294]LogModuleManager: Shutting down and abandoning module WmfMedia (91)
[2018.04.05-21.29.09:543][294]LogModuleManager: Shutting down and abandoning module MediaAssets (90)
[2018.04.05-21.29.09:543][294]LogModuleManager: Shutting down and abandoning module GameLiveStreaming (89)
[2018.04.05-21.29.09:544][294]LogModuleManager: Shutting down and abandoning module GameplayTagsEditor (88)
[2018.04.05-21.29.09:544][294]LogModuleManager: Shutting down and abandoning module VREditor (87)
[2018.04.05-21.29.09:544][294]LogModuleManager: Shutting down and abandoning module GameplayTasksEditor (86)
[2018.04.05-21.29.09:544][294]LogModuleManager: Shutting down and abandoning module PropertyEditor (85)
[2018.04.05-21.29.09:544][294]LogModuleManager: Shutting down and abandoning module BehaviorTreeEditor (84)
[2018.04.05-21.29.09:544][294]LogModuleManager: Shutting down and abandoning module FunctionalTesting (83)
[2018.04.05-21.29.09:545][294]LogModuleManager: Shutting down and abandoning module CollisionAnalyzer (82)
[2018.04.05-21.29.09:545][294]LogModuleManager: Shutting down and abandoning module Sequencer (81)
[2018.04.05-21.29.09:546][294]LogModuleManager: Shutting down and abandoning module WorkspaceMenuStructure (80)
[2018.04.05-21.29.09:550][294]LogModuleManager: Shutting down and abandoning module MessageLog (79)
[2018.04.05-21.29.09:551][294]LogModuleManager: Shutting down and abandoning module AssetTools (78)
[2018.04.05-21.29.09:551][294]LogModuleManager: Shutting down and abandoning module UMGEditor (77)
[2018.04.05-21.29.09:551][294]LogModuleManager: Shutting down and abandoning module UMG (76)
[2018.04.05-21.29.09:553][294]LogModuleManager: Shutting down and abandoning module SlateReflector (75)
[2018.04.05-21.29.09:559][294]LogModuleManager: Shutting down and abandoning module Slate (74)
[2018.04.05-21.29.09:559][294]LogModuleManager: Shutting down and abandoning module EditorStyle (73)
[2018.04.05-21.29.09:581][294]LogModuleManager: Shutting down and abandoning module SourceCodeAccess (72)
[2018.04.05-21.29.09:581][294]LogModuleManager: Shutting down and abandoning module HeadMountedDisplay (71)
[2018.04.05-21.29.09:581][294]LogModuleManager: Shutting down and abandoning module XAudio2 (70)
[2018.04.05-21.29.09:582][294]LogModuleManager: Shutting down and abandoning module Networking (68)
[2018.04.05-21.29.09:582][294]LogModuleManager: Shutting down and abandoning module Core (67)
[2018.04.05-21.29.09:582][294]LogModuleManager: Shutting down and abandoning module DirectoryWatcher (66)
[2018.04.05-21.29.09:582][294]LogDirectoryWatcher: A directory notification for '../../../Engine/Content/' was aborted.
[2018.04.05-21.29.09:586][294]LogDirectoryWatcher: A directory notification for '../../../../../../Users/E/Documents/Unreal Projects/gorge/Content/' was aborted.
[2018.04.05-21.29.09:589][294]LogDirectoryWatcher: A directory notification for '../../../Engine/Plugins/2D/Paper2D/Content/' was aborted.
[2018.04.05-21.29.09:629][294]LogModuleManager: Shutting down and abandoning module AssetRegistry (65)
[2018.04.05-21.29.10:161][294]LogModuleManager: Shutting down and abandoning module KismetCompiler (64)
[2018.04.05-21.29.10:161][294]LogModuleManager: Shutting down and abandoning module PhysXFormats (63)
[2018.04.05-21.29.10:162][294]LogModuleManager: Shutting down and abandoning module MeshUtilities (62)
[2018.04.05-21.29.10:162][294]LogModuleManager: Shutting down and abandoning module DerivedDataCache (61)
[2018.04.05-21.29.10:224][294]LogDerivedDataCache: Shutdown
[2018.04.05-21.29.10:224][294]LogModuleManager: Shutting down and abandoning module VulkanShaderFormat (60)
[2018.04.05-21.29.10:224][294]LogModuleManager: Shutting down and abandoning module ShaderFormatOpenGL (59)
[2018.04.05-21.29.10:224][294]LogModuleManager: Shutting down and abandoning module ShaderFormatD3D (58)
[2018.04.05-21.29.10:224][294]LogModuleManager: Shutting down and abandoning module MetalShaderFormat (57)
[2018.04.05-21.29.10:224][294]LogModuleManager: Shutting down and abandoning module TextureFormatUncompressed (56)
[2018.04.05-21.29.10:224][294]LogModuleManager: Shutting down and abandoning module TextureFormatPVR (55)
[2018.04.05-21.29.10:224][294]LogModuleManager: Shutting down and abandoning module TextureFormatDXT (54)
[2018.04.05-21.29.10:224][294]LogModuleManager: Shutting down and abandoning module TextureFormatIntelISPCTexComp (53)
[2018.04.05-21.29.10:225][294]LogModuleManager: Shutting down and abandoning module ImageWrapper (52)
[2018.04.05-21.29.10:225][294]LogModuleManager: Shutting down and abandoning module TextureFormatASTC (51)
[2018.04.05-21.29.10:225][294]LogModuleManager: Shutting down and abandoning module TextureFormatAndroid (50)
[2018.04.05-21.29.10:225][294]LogModuleManager: Shutting down and abandoning module AudioFormatOpus (49)
[2018.04.05-21.29.10:225][294]LogModuleManager: Shutting down and abandoning module AudioFormatOgg (48)
[2018.04.05-21.29.10:226][294]LogModuleManager: Shutting down and abandoning module AudioFormatADPCM (47)
[2018.04.05-21.29.10:226][294]LogModuleManager: Shutting down and abandoning module LinuxTargetPlatform (46)
[2018.04.05-21.29.10:226][294]LogModuleManager: Shutting down and abandoning module LinuxServerTargetPlatform (45)
[2018.04.05-21.29.10:226][294]LogModuleManager: Shutting down and abandoning module LinuxNoEditorTargetPlatform (44)
[2018.04.05-21.29.10:226][294]LogModuleManager: Shutting down and abandoning module LinuxClientTargetPlatform (43)
[2018.04.05-21.29.10:226][294]LogModuleManager: Shutting down and abandoning module TVOSTargetPlatform (42)
[2018.04.05-21.29.10:226][294]LogModuleManager: Shutting down and abandoning module Messaging (41)
[2018.04.05-21.29.10:226][294]LogModuleManager: Shutting down and abandoning module IOSTargetPlatform (40)
[2018.04.05-21.29.10:226][294]LogModuleManager: Shutting down and abandoning module HTML5TargetPlatform (39)
[2018.04.05-21.29.10:226][294]LogModuleManager: Shutting down and abandoning module Android_PVRTCTargetPlatform (38)
[2018.04.05-21.29.10:227][294]LogModuleManager: Shutting down and abandoning module Android_MultiTargetPlatform (37)
[2018.04.05-21.29.10:227][294]LogModuleManager: Shutting down and abandoning module Android_ETC2TargetPlatform (36)
[2018.04.05-21.29.10:227][294]LogModuleManager: Shutting down and abandoning module Android_ETC1TargetPlatform (35)
[2018.04.05-21.29.10:227][294]LogModuleManager: Shutting down and abandoning module Android_DXTTargetPlatform (34)
[2018.04.05-21.29.10:227][294]LogModuleManager: Shutting down and abandoning module Android_ATCTargetPlatform (33)
[2018.04.05-21.29.10:227][294]LogModuleManager: Shutting down and abandoning module Android_ASTCTargetPlatform (32)
[2018.04.05-21.29.10:227][294]LogModuleManager: Shutting down and abandoning module AndroidTargetPlatform (31)
[2018.04.05-21.29.10:227][294]LogModuleManager: Shutting down and abandoning module WindowsTargetPlatform (30)
[2018.04.05-21.29.10:227][294]LogModuleManager: Shutting down and abandoning module WindowsServerTargetPlatform (29)
[2018.04.05-21.29.10:227][294]LogModuleManager: Shutting down and abandoning module WindowsNoEditorTargetPlatform (28)
[2018.04.05-21.29.10:228][294]LogModuleManager: Shutting down and abandoning module WindowsClientTargetPlatform (27)
[2018.04.05-21.29.10:228][294]LogModuleManager: Shutting down and abandoning module AllDesktopTargetPlatform (26)
[2018.04.05-21.29.10:228][294]LogModuleManager: Shutting down and abandoning module TargetPlatform (25)
[2018.04.05-21.29.10:228][294]LogModuleManager: Shutting down and abandoning module InputCore (24)
[2018.04.05-21.29.10:228][294]LogModuleManager: Shutting down and abandoning module Settings (23)
[2018.04.05-21.29.10:228][294]LogModuleManager: Shutting down and abandoning module OculusRift (22)
[2018.04.05-21.29.10:228][294]LogModuleManager: Shutting down and abandoning module GearVR (21)
[2018.04.05-21.29.10:228][294]LogModuleManager: Shutting down and abandoning module ExampleDeviceProfileSelector (20)
[2018.04.05-21.29.10:228][294]LogModuleManager: Shutting down and abandoning module OnlineBlueprintSupport (19)
[2018.04.05-21.29.10:228][294]LogModuleManager: Shutting down and abandoning module OnlineSubsystem (17)
[2018.04.05-21.29.10:229][294]LogOnline:Display: Unloading online subsystem: NULL
[2018.04.05-21.29.10:229][294]LogModuleManager: Shutting down and abandoning module HTTP (16)
[2018.04.05-21.29.10:229][294]LogHttp:Display: Http module shutting down, but needs to wait on 1 outstanding Http requests:
[2018.04.05-21.29.10:229][294]LogHttp:Display: 	verb=[POST] url=[https://datarouter.ol.epicgames.com/datarouter/api/v1/public/data?SessionID=%7B2384EC49-4C2F-7889-3DC1-84ACFFCE28DB%7D&AppID=UEEditor.Rocket.Release&AppVersion=4.13.2-3172292%2B%2B%2BUE4%2BRelease-4.13&UserID=44ce487c4092afbd2190c8867ab4c3f2%7C414d3c5ab47d4357a327ff2aebc54024%7Cedf5556f-7880-427d-8e2a-b9f581e10357&AppEnvironment=datacollector-binary&UploadType=eteventstream] status=Processing
[2018.04.05-21.29.10:278][294]LogModuleManager: Shutting down and abandoning module XMPP (15)
[2018.04.05-21.29.10:278][294]LogModuleManager: Shutting down and abandoning module TextureCompressor (14)
[2018.04.05-21.29.10:279][294]LogModuleManager: Shutting down and abandoning module ShaderCore (13)
[2018.04.05-21.29.10:279][294]LogModuleManager: Shutting down and abandoning module Landscape (12)
[2018.04.05-21.29.10:279][294]LogModuleManager: Shutting down and abandoning module SlateRHIRenderer (11)
[2018.04.05-21.29.10:298][294]LogModuleManager: Shutting down and abandoning module OpenGLDrv (10)
[2018.04.05-21.29.10:298][294]LogModuleManager: Shutting down and abandoning module D3D11RHI (9)
[2018.04.05-21.29.10:299][294]LogModuleManager: Shutting down and abandoning module AnimGraphRuntime (8)
[2018.04.05-21.29.10:299][294]LogModuleManager: Shutting down and abandoning module Renderer (7)
[2018.04.05-21.29.10:299][294]LogModuleManager: Shutting down and abandoning module Engine (6)
[2018.04.05-21.29.10:299][294]LogModuleManager: Shutting down and abandoning module CoreUObject (5)
[2018.04.05-21.29.10:299][294]LogModuleManager: Shutting down and abandoning module NetworkFile (4)
[2018.04.05-21.29.10:299][294]LogModuleManager: Shutting down and abandoning module StreamingFile (3)
[2018.04.05-21.29.10:299][294]LogModuleManager: Shutting down and abandoning module SandboxFile (2)
[2018.04.05-21.29.10:299][294]LogModuleManager: Shutting down and abandoning module PakFile (1)
[2018.04.05-21.29.10:324][294]LogExit: Exiting.
[2018.04.05-21.29.10:351][294]Log file closed, 04/05/18 17:29:10
