Log file open, 04/02/18 16:04:15
LogInit:Display: Running engine for game: gorge
LogPlatformFile: Not using cached read wrapper
LogInit:Display: RandInit(-1382200645) SRandInit(-1382200645).
LogTaskGraph: Started task graph with 5 named threads and 8 total threads with 1 sets of task threads.
LogStats: Stats thread started at 0.168277
LogPluginManager: Loaded Plugin Paper2D, From C:/Program Files (x86)/Epic Games/4.13/Engine/Plugins/2D/Paper2D/Paper2D.uplugin
LogPluginManager: Loaded Plugin LightPropagationVolume, From C:/Program Files (x86)/Epic Games/4.13/Engine/Plugins/Blendables/LightPropagationVolume/LightPropagationVolume.uplugin
LogPluginManager: Loaded Plugin BlankPlugin, From C:/Program Files (x86)/Epic Games/4.13/Engine/Plugins/Developer/BlankPlugin/BlankPlugin.uplugin
LogPluginManager: Loaded Plugin CodeLiteSourceCodeAccess, From C:/Program Files (x86)/Epic Games/4.13/Engine/Plugins/Developer/CodeLiteSourceCodeAccess/CodeLiteSourceCodeAccess.uplugin
LogPluginManager: Loaded Plugin GitSourceControl, From C:/Program Files (x86)/Epic Games/4.13/Engine/Plugins/Developer/GitSourceControl/GitSourceControl.uplugin
LogPluginManager: Loaded Plugin KDevelopSourceCodeAccess, From C:/Program Files (x86)/Epic Games/4.13/Engine/Plugins/Developer/KDevelopSourceCodeAccess/KDevelopSourceCodeAccess.uplugin
LogPluginManager: Loaded Plugin NullSourceCodeAccess, From C:/Program Files (x86)/Epic Games/4.13/Engine/Plugins/Developer/NullSourceCodeAccess/NullSourceCodeAccess.uplugin
LogPluginManager: Loaded Plugin OneSkyLocalizationService, From C:/Program Files (x86)/Epic Games/4.13/Engine/Plugins/Developer/OneSkyLocalizationService/OneSkyLocalizationService.uplugin
LogPluginManager: Loaded Plugin PerforceSourceControl, From C:/Program Files (x86)/Epic Games/4.13/Engine/Plugins/Developer/PerforceSourceControl/PerforceSourceControl.uplugin
LogPluginManager: Loaded Plugin SubversionSourceControl, From C:/Program Files (x86)/Epic Games/4.13/Engine/Plugins/Developer/SubversionSourceControl/SubversionSourceControl.uplugin
LogPluginManager: Loaded Plugin UObjectPlugin, From C:/Program Files (x86)/Epic Games/4.13/Engine/Plugins/Developer/UObjectPlugin/UObjectPlugin.uplugin
LogPluginManager: Loaded Plugin VisualStudioSourceCodeAccess, From C:/Program Files (x86)/Epic Games/4.13/Engine/Plugins/Developer/VisualStudioSourceCodeAccess/VisualStudioSourceCodeAccess.uplugin
LogPluginManager: Loaded Plugin XCodeSourceCodeAccess, From C:/Program Files (x86)/Epic Games/4.13/Engine/Plugins/Developer/XCodeSourceCodeAccess/XCodeSourceCodeAccess.uplugin
LogPluginManager: Loaded Plugin EpicSurvey, From C:/Program Files (x86)/Epic Games/4.13/Engine/Plugins/Editor/EpicSurvey/EpicSurvey.uplugin
LogPluginManager: Loaded Plugin MacGraphicsSwitching, From C:/Program Files (x86)/Epic Games/4.13/Engine/Plugins/Editor/MacGraphicsSwitching/MacGraphicsSwitching.uplugin
LogPluginManager: Loaded Plugin MobileLauncherProfileWizard, From C:/Program Files (x86)/Epic Games/4.13/Engine/Plugins/Editor/MobileLauncherProfileWizard/MobileLauncherProfileWizard.uplugin
LogPluginManager: Loaded Plugin PluginBrowser, From C:/Program Files (x86)/Epic Games/4.13/Engine/Plugins/Editor/PluginBrowser/PluginBrowser.uplugin
LogPluginManager: Loaded Plugin SpeedTreeImporter, From C:/Program Files (x86)/Epic Games/4.13/Engine/Plugins/Editor/SpeedTreeImporter/SpeedTreeImporter.uplugin
LogPluginManager: Loaded Plugin SuperSearchEditor, From C:/Program Files (x86)/Epic Games/4.13/Engine/Plugins/Editor/SuperSearchEditor/SuperSearchEditor.uplugin
LogPluginManager: Loaded Plugin AlembicImporter, From C:/Program Files (x86)/Epic Games/4.13/Engine/Plugins/Experimental/AlembicImporter/AlembicImporter.uplugin
LogPluginManager: Loaded Plugin BlueprintStats, From C:/Program Files (x86)/Epic Games/4.13/Engine/Plugins/Experimental/BlueprintStats/BlueprintStats.uplugin
LogPluginManager: Loaded Plugin CharacterAI, From C:/Program Files (x86)/Epic Games/4.13/Engine/Plugins/Experimental/CharacterAI/CharacterAI.uplugin
LogPluginManager: Loaded Plugin CodeEditor, From C:/Program Files (x86)/Epic Games/4.13/Engine/Plugins/Experimental/CodeEditor/CodeEditor.uplugin
LogPluginManager: Loaded Plugin CodeView, From C:/Program Files (x86)/Epic Games/4.13/Engine/Plugins/Experimental/CodeView/CodeView.uplugin
LogPluginManager: Loaded Plugin HTML5Networking, From C:/Program Files (x86)/Epic Games/4.13/Engine/Plugins/Experimental/HTML5Networking/HTML5Networking.uplugin
LogPluginManager: Loaded Plugin LiveEditor, From C:/Program Files (x86)/Epic Games/4.13/Engine/Plugins/Experimental/LiveEditor/LiveEditor.uplugin
LogPluginManager: Loaded Plugin OSVR, From C:/Program Files (x86)/Epic Games/4.13/Engine/Plugins/Experimental/OSVR/OSVR.uplugin
LogPluginManager: Loaded Plugin Phya, From C:/Program Files (x86)/Epic Games/4.13/Engine/Plugins/Experimental/Phya/Phya.uplugin
LogPluginManager: Loaded Plugin SignificanceManager, From C:/Program Files (x86)/Epic Games/4.13/Engine/Plugins/Experimental/SignificanceManager/SignificanceManager.uplugin
LogPluginManager: Loaded Plugin SimpleHMD, From C:/Program Files (x86)/Epic Games/4.13/Engine/Plugins/Experimental/SimpleHMD/SimpleHMD.uplugin
LogPluginManager: Loaded Plugin StereoPanorama, From C:/Program Files (x86)/Epic Games/4.13/Engine/Plugins/Experimental/StereoPanorama/StereoPanorama.uplugin
LogPluginManager: Loaded Plugin StructBox, From C:/Program Files (x86)/Epic Games/4.13/Engine/Plugins/Experimental/StructBox/StructBox.uplugin
LogPluginManager: Loaded Plugin AndroidMedia, From C:/Program Files (x86)/Epic Games/4.13/Engine/Plugins/Media/AndroidMedia/AndroidMedia.uplugin
LogPluginManager: Loaded Plugin AvfMedia, From C:/Program Files (x86)/Epic Games/4.13/Engine/Plugins/Media/AvfMedia/AvfMedia.uplugin
LogPluginManager: Loaded Plugin MediaPlayerEditor, From C:/Program Files (x86)/Epic Games/4.13/Engine/Plugins/Media/MediaPlayerEditor/MediaPlayerEditor.uplugin
LogPluginManager: Loaded Plugin WmfMedia, From C:/Program Files (x86)/Epic Games/4.13/Engine/Plugins/Media/WmfMedia/WmfMedia.uplugin
LogPluginManager: Loaded Plugin MessagingDebugger, From C:/Program Files (x86)/Epic Games/4.13/Engine/Plugins/Messaging/MessagingDebugger/MessagingDebugger.uplugin
LogPluginManager: Loaded Plugin TcpMessaging, From C:/Program Files (x86)/Epic Games/4.13/Engine/Plugins/Messaging/TcpMessaging/TcpMessaging.uplugin
LogPluginManager: Loaded Plugin UdpMessaging, From C:/Program Files (x86)/Epic Games/4.13/Engine/Plugins/Messaging/UdpMessaging/UdpMessaging.uplugin
LogPluginManager: Loaded Plugin LevelSequenceEditor, From C:/Program Files (x86)/Epic Games/4.13/Engine/Plugins/MovieScene/LevelSequenceEditor/LevelSequenceEditor.uplugin
LogPluginManager: Loaded Plugin MatineeToLevelSequence, From C:/Program Files (x86)/Epic Games/4.13/Engine/Plugins/MovieScene/MatineeToLevelSequence/MatineeToLevelSequence.uplugin
LogPluginManager: Loaded Plugin NetcodeUnitTest, From C:/Program Files (x86)/Epic Games/4.13/Engine/Plugins/NetcodeUnitTest/NetcodeUnitTest/NetcodeUnitTest.uplugin
LogPluginManager: Loaded Plugin NUTUnrealEngine4, From C:/Program Files (x86)/Epic Games/4.13/Engine/Plugins/NetcodeUnitTest/NUTUnrealEngine4/NUTUnrealEngine4.uplugin
LogPluginManager: Loaded Plugin OnlineSubsystemGooglePlay, From C:/Program Files (x86)/Epic Games/4.13/Engine/Plugins/Online/Android/OnlineSubsystemGooglePlay/OnlineSubsystemGooglePlay.uplugin
LogPluginManager: Loaded Plugin OnlineSubsystemIOS, From C:/Program Files (x86)/Epic Games/4.13/Engine/Plugins/Online/IOS/OnlineSubsystemIOS/OnlineSubsystemIOS.uplugin
LogPluginManager: Loaded Plugin OnlineFramework, From C:/Program Files (x86)/Epic Games/4.13/Engine/Plugins/Online/OnlineFramework/OnlineFramework.uplugin
LogPluginManager: Loaded Plugin OnlineSubsystem, From C:/Program Files (x86)/Epic Games/4.13/Engine/Plugins/Online/OnlineSubsystem/OnlineSubsystem.uplugin
LogPluginManager: Loaded Plugin OnlineSubsystemAmazon, From C:/Program Files (x86)/Epic Games/4.13/Engine/Plugins/Online/OnlineSubsystemAmazon/OnlineSubsystemAmazon.uplugin
LogPluginManager: Loaded Plugin OnlineSubsystemFacebook, From C:/Program Files (x86)/Epic Games/4.13/Engine/Plugins/Online/OnlineSubsystemFacebook/OnlineSubsystemFacebook.uplugin
LogPluginManager: Loaded Plugin OnlineSubsystemNull, From C:/Program Files (x86)/Epic Games/4.13/Engine/Plugins/Online/OnlineSubsystemNull/OnlineSubsystemNull.uplugin
LogPluginManager: Loaded Plugin OnlineSubsystemOculus, From C:/Program Files (x86)/Epic Games/4.13/Engine/Plugins/Online/OnlineSubsystemOculus/OnlineSubsystemOculus.uplugin
LogPluginManager: Loaded Plugin OnlineSubsystemSteam, From C:/Program Files (x86)/Epic Games/4.13/Engine/Plugins/Online/OnlineSubsystemSteam/OnlineSubsystemSteam.uplugin
LogPluginManager: Loaded Plugin OnlineSubsystemUtils, From C:/Program Files (x86)/Epic Games/4.13/Engine/Plugins/Online/OnlineSubsystemUtils/OnlineSubsystemUtils.uplugin
LogPluginManager: Loaded Plugin IOSTapJoy, From C:/Program Files (x86)/Epic Games/4.13/Engine/Plugins/Runtime/Advertising/IOSTapJoy/IOSTapJoy.uplugin
LogPluginManager: Loaded Plugin AnalyticsBlueprintLibrary, From C:/Program Files (x86)/Epic Games/4.13/Engine/Plugins/Runtime/Analytics/AnalyticsBlueprintLibrary/AnalyticsBlueprintLibrary.uplugin
LogPluginManager: Loaded Plugin AnalyticsMulticast, From C:/Program Files (x86)/Epic Games/4.13/Engine/Plugins/Runtime/Analytics/AnalyticsMulticast/AnalyticsMulticast.uplugin
LogPluginManager: Loaded Plugin Apsalar, From C:/Program Files (x86)/Epic Games/4.13/Engine/Plugins/Runtime/Analytics/Apsalar/Apsalar.uplugin
LogPluginManager: Loaded Plugin FileLogging, From C:/Program Files (x86)/Epic Games/4.13/Engine/Plugins/Runtime/Analytics/FileLogging/FileLogging.uplugin
LogPluginManager: Loaded Plugin Flurry, From C:/Program Files (x86)/Epic Games/4.13/Engine/Plugins/Runtime/Analytics/Flurry/Flurry.uplugin
LogPluginManager: Loaded Plugin AndroidDeviceProfileSelector, From C:/Program Files (x86)/Epic Games/4.13/Engine/Plugins/Runtime/AndroidDeviceProfileSelector/AndroidDeviceProfileSelector.uplugin
LogPluginManager: Loaded Plugin AndroidMoviePlayer, From C:/Program Files (x86)/Epic Games/4.13/Engine/Plugins/Runtime/AndroidMoviePlayer/AndroidMoviePlayer.uplugin
LogPluginManager: Loaded Plugin AppleMoviePlayer, From C:/Program Files (x86)/Epic Games/4.13/Engine/Plugins/Runtime/AppleMoviePlayer/AppleMoviePlayer.uplugin
LogPluginManager: Loaded Plugin ArchVisCharacter, From C:/Program Files (x86)/Epic Games/4.13/Engine/Plugins/Runtime/ArchVisCharacter/ArchVisCharacter.uplugin
LogPluginManager: Loaded Plugin CableComponent, From C:/Program Files (x86)/Epic Games/4.13/Engine/Plugins/Runtime/CableComponent/CableComponent.uplugin
LogPluginManager: Loaded Plugin CustomMeshComponent, From C:/Program Files (x86)/Epic Games/4.13/Engine/Plugins/Runtime/CustomMeshComponent/CustomMeshComponent.uplugin
LogPluginManager: Loaded Plugin ExampleDeviceProfileSelector, From C:/Program Files (x86)/Epic Games/4.13/Engine/Plugins/Runtime/ExampleDeviceProfileSelector/ExampleDeviceProfileSelector.uplugin
LogPluginManager: Loaded Plugin GearVR, From C:/Program Files (x86)/Epic Games/4.13/Engine/Plugins/Runtime/GearVR/GearVR.uplugin
LogPluginManager: Loaded Plugin GoogleVRController, From C:/Program Files (x86)/Epic Games/4.13/Engine/Plugins/Runtime/GoogleVR/GoogleVRController/GoogleVRController.uplugin
LogPluginManager: Loaded Plugin GoogleVRHMD, From C:/Program Files (x86)/Epic Games/4.13/Engine/Plugins/Runtime/GoogleVR/GoogleVRHMD/GoogleVRHMD.uplugin
LogPluginManager: Loaded Plugin IOSDeviceProfileSelector, From C:/Program Files (x86)/Epic Games/4.13/Engine/Plugins/Runtime/IOSDeviceProfileSelector/IOSDeviceProfileSelector.uplugin
LogPluginManager: Loaded Plugin LeapMotion, From C:/Program Files (x86)/Epic Games/4.13/Engine/Plugins/Runtime/LeapMotion/LeapMotion.uplugin
LogPluginManager: Loaded Plugin LinuxDeviceProfileSelector, From C:/Program Files (x86)/Epic Games/4.13/Engine/Plugins/Runtime/LinuxDeviceProfileSelector/LinuxDeviceProfileSelector.uplugin
LogPluginManager: Loaded Plugin LiveEditorListenServer, From C:/Program Files (x86)/Epic Games/4.13/Engine/Plugins/Runtime/LiveEditorListenServer/LiveEditorListenServer.uplugin
LogPluginManager: Loaded Plugin OculusAudio, From C:/Program Files (x86)/Epic Games/4.13/Engine/Plugins/Runtime/OculusAudio/OculusAudio.uplugin
LogPluginManager: Loaded Plugin OculusInput, From C:/Program Files (x86)/Epic Games/4.13/Engine/Plugins/Runtime/OculusInput/OculusInput.uplugin
LogPluginManager: Loaded Plugin OculusLibrary, From C:/Program Files (x86)/Epic Games/4.13/Engine/Plugins/Runtime/OculusLibrary/OculusLibrary.uplugin
LogPluginManager: Loaded Plugin OculusRift, From C:/Program Files (x86)/Epic Games/4.13/Engine/Plugins/Runtime/OculusRift/OculusRift.uplugin
LogPluginManager: Loaded Plugin Oodle, From C:/Program Files (x86)/Epic Games/4.13/Engine/Plugins/Runtime/PacketHandlers/CompressionComponents/Oodle/Oodle.uplugin
LogPluginManager: Loaded Plugin ProceduralMeshComponent, From C:/Program Files (x86)/Epic Games/4.13/Engine/Plugins/Runtime/ProceduralMeshComponent/ProceduralMeshComponent.uplugin
LogPluginManager: Loaded Plugin SoundMod, From C:/Program Files (x86)/Epic Games/4.13/Engine/Plugins/Runtime/SoundMod/SoundMod.uplugin
LogPluginManager: Loaded Plugin SoundVisualizations, From C:/Program Files (x86)/Epic Games/4.13/Engine/Plugins/Runtime/SoundVisualizations/SoundVisualizations.uplugin
LogPluginManager: Loaded Plugin SteamController, From C:/Program Files (x86)/Epic Games/4.13/Engine/Plugins/Runtime/Steam/SteamController/SteamController.uplugin
LogPluginManager: Loaded Plugin SteamVR, From C:/Program Files (x86)/Epic Games/4.13/Engine/Plugins/Runtime/Steam/SteamVR/SteamVR.uplugin
LogPluginManager: Loaded Plugin WebBrowserWidget, From C:/Program Files (x86)/Epic Games/4.13/Engine/Plugins/Runtime/WebBrowserWidget/WebBrowserWidget.uplugin
LogPluginManager: Loaded Plugin WindowsDeviceProfileSelector, From C:/Program Files (x86)/Epic Games/4.13/Engine/Plugins/Runtime/WindowsDeviceProfileSelector/WindowsDeviceProfileSelector.uplugin
LogPluginManager: Loaded Plugin WindowsMoviePlayer, From C:/Program Files (x86)/Epic Games/4.13/Engine/Plugins/Runtime/WindowsMoviePlayer/WindowsMoviePlayer.uplugin
LogPluginManager: Loaded Plugin ScriptPlugin, From C:/Program Files (x86)/Epic Games/4.13/Engine/Plugins/ScriptPlugin/ScriptPlugin.uplugin
LogPluginManager: Loaded Plugin SlateRemote, From C:/Program Files (x86)/Epic Games/4.13/Engine/Plugins/Slate/SlateRemote/SlateRemote.uplugin
LogInit: Using libcurl 7.47.1
LogInit:  - built for x86_64-pc-win32
LogInit:  - supports SSL with WinSSL
LogInit:  - other features:
LogInit:      CURL_VERSION_SSL
LogInit:      CURL_VERSION_IPV6
LogInit:      CURL_VERSION_ASYNCHDNS
LogInit:      CURL_VERSION_LARGEFILE
LogInit:      CURL_VERSION_IDN
LogInit:  CurlRequestOptions (configurable via config and command line):
LogInit:  - bVerifyPeer = false  - Libcurl will NOT verify peer certificate
LogInit:  - bUseHttpProxy = false  - Libcurl will NOT use HTTP proxy
LogInit:  - bDontReuseConnections = false  - Libcurl will reuse connections
LogInit:  - CertBundlePath = nullptr  - Libcurl will use whatever was configured at build time.
LogInit: Build: ++UE4+Release-4.13-CL-3172292
LogInit: Engine Version: 4.13.2-3172292+++UE4+Release-4.13
LogInit: Compatible Engine Version: 4.13.0-3106830+++UE4+Release-4.13
LogInit: Net CL: 3172292
LogDevObjectVersion: Number of dev versions registered: 13
LogDevObjectVersion:   Dev-Blueprints (B0D832E4-1F89-4F0D-ACCF-7EB736FD4AA2): 5
LogDevObjectVersion:   Dev-Build (E1C64328-A22C-4D53-A36C-8E866417BD8C): 0
LogDevObjectVersion:   Dev-Core (375EC13C-06E4-48FB-B500-84F0262A717E): 1
LogDevObjectVersion:   Dev-Editor (E4B068ED-F494-42E9-A231-DA0B2E46BB41): 6
LogDevObjectVersion:   Dev-Framework (CFFC743F-43B0-4480-9391-14DF171D2073): 12
LogDevObjectVersion:   Dev-Mobile (B02B49B5-BB20-44E9-A304-32B752E40360): 0
LogDevObjectVersion:   Dev-Networking (A4E4105C-59A1-49B5-A7C5-40C4547EDFEE): 0
LogDevObjectVersion:   Dev-Online (39C831C9-5AE6-47DC-9A44-9C173E1C8E7C): 0
LogDevObjectVersion:   Dev-Physics (78F01B33-EBEA-4F98-B9B4-84EACCB95AA2): 0
LogDevObjectVersion:   Dev-Platform (6631380F-2D4D-43E0-8009-CF276956A95A): 0
LogDevObjectVersion:   Dev-Rendering (12F88B9F-8875-4AFC-A67C-D90C383ABD29): 4
LogDevObjectVersion:   Dev-Sequencer (7B5AE74C-D270-4C10-A958-57980B212A5A): 0
LogDevObjectVersion:   Dev-VR (D7296918-1DD6-4BDD-9DE2-64A83CC13884): 0
LogInit: Compiled (64-bit): Oct 24 2016 14:29:06
LogInit: Compiled with Visual C++: 19.00.23026.00
LogInit: Build Configuration: Development
LogInit: Branch Name: ++UE4+Release-4.13
LogInit: Command line: -EpicPortal 
LogInit: Base directory: C:/Program Files (x86)/Epic Games/4.13/Engine/Binaries/Win64/
LogInit: Installed Engine Build: 1
LogInit: Presizing for max 8388607 objects, including 0 objects not considered by GC, pre-allocating 0 bytes for permanent pool.
LogInit: Object subsystem initialized
[2018.04.02-20.04.15:853][  0]LogInit: Selected Device Profile: [Windows]
[2018.04.02-20.04.15:853][  0]LogInit: Applying CVar settings loaded from the selected device profile: [Windows]
[2018.04.02-20.04.15:932][  0]LogInit: Computer: SHREK
[2018.04.02-20.04.15:932][  0]LogInit: User: E
[2018.04.02-20.04.15:932][  0]LogInit: CPU Page size=65536, Cores=4
[2018.04.02-20.04.15:932][  0]LogInit: High frequency timer resolution =2.435781 MHz
[2018.04.02-20.04.15:933][  0]LogMemory: Memory total: Physical=9.9GB (10GB approx)
[2018.04.02-20.04.15:933][  0]LogMemory: Platform Memory Stats for Windows
[2018.04.02-20.04.15:933][  0]LogMemory: Process Physical Memory: 258.54 MB used, 258.54 MB peak
[2018.04.02-20.04.15:933][  0]LogMemory: Process Virtual Memory: 260.00 MB used, 260.00 MB peak
[2018.04.02-20.04.15:933][  0]LogMemory: Physical Memory: 7499.63 MB used, 10154.03 MB total
[2018.04.02-20.04.15:933][  0]LogMemory: Virtual Memory: 663.01 MB used, 134217728.00 MB total
[2018.04.02-20.04.16:037][  0]LogTextLocalizationManager: No specific translations for ('en-US') exist, so ('en') translations will be used.
[2018.04.02-20.04.18:710][  0]LogD3D11RHI: D3D11 adapters:
[2018.04.02-20.04.18:892][  0]LogD3D11RHI:    0. 'NVIDIA GeForce GTX 860M' (Feature Level 11_0)
[2018.04.02-20.04.18:892][  0]LogD3D11RHI:       4065/0/5077 MB DedicatedVideo/DedicatedSystem/SharedSystem, Outputs:1, VendorId:0x10de
[2018.04.02-20.04.18:917][  0]LogD3D11RHI:    1. 'Intel(R) HD Graphics 4600' (Feature Level 11_0)
[2018.04.02-20.04.18:917][  0]LogD3D11RHI:       112/0/2048 MB DedicatedVideo/DedicatedSystem/SharedSystem, Outputs:0, VendorId:0x8086
[2018.04.02-20.04.18:928][  0]LogD3D11RHI:    2. 'Microsoft Basic Render Driver' (Feature Level 11_0)
[2018.04.02-20.04.18:928][  0]LogD3D11RHI:       0/0/5077 MB DedicatedVideo/DedicatedSystem/SharedSystem, Outputs:0, VendorId:0x1414
[2018.04.02-20.04.18:928][  0]LogD3D11RHI: Chosen D3D11 Adapter: 0
[2018.04.02-20.04.18:967][  0]LogD3D11RHI: Creating new Direct3DDevice
[2018.04.02-20.04.18:967][  0]LogD3D11RHI:     GPU DeviceId: 0x1392 (for the marketing name, search the web for "GPU Device Id")
[2018.04.02-20.04.18:967][  0]LogWindows: EnumDisplayDevices:
[2018.04.02-20.04.18:968][  0]LogWindows:    0. 'Intel(R) HD Graphics 4600' (P:1 D:1)
[2018.04.02-20.04.18:968][  0]LogWindows:    1. 'Intel(R) HD Graphics 4600' (P:0 D:0)
[2018.04.02-20.04.18:969][  0]LogWindows:    2. 'Intel(R) HD Graphics 4600' (P:0 D:0)
[2018.04.02-20.04.18:970][  0]LogWindows: DebugString: GetVideoDriverDetailsInvalid PrimaryIsNotTheChoosenAdapter GetVideoDriverDetailsInvalid PrimaryIsNotTheChoosenAdapter GetVideoDriverDetailsInvalid PrimaryIsNotTheChoosenAdapter FoundDriverCount:0 
[2018.04.02-20.04.18:970][  0]LogD3D11RHI:     Adapter Name: NVIDIA GeForce GTX 860M
[2018.04.02-20.04.18:970][  0]LogD3D11RHI:   Driver Version: Unknown (internal:Unknown, unified:Unknown)
[2018.04.02-20.04.18:970][  0]LogD3D11RHI:      Driver Date: Unknown
[2018.04.02-20.04.18:970][  0]LogRHI: Texture pool is 1361 MB (70% of 1945 MB)
[2018.04.02-20.04.19:098][  0]LogD3D11RHI: Async texture creation enabled
[2018.04.02-20.04.19:139][  0]LogD3D11RHI: GPU Timing Frequency: 1000.000000 (Debug: 2 1)
[2018.04.02-20.04.19:141][  0]LogShaderCompilers: Guid format shader working directory is -16 characters bigger than the processId version (../../../../../../Users/E/Documents/Unreal Projects/gorge/Intermediate/Shaders/WorkingDirectory/17308/).
[2018.04.02-20.04.19:142][  0]LogShaderCompilers: Cleaned the shader compiler working directory 'C:/Users/E/AppData/Local/Temp/UnrealShaderWorkingDir/63E43C744A44BF39F08D219205F5A630/'.
[2018.04.02-20.04.19:142][  0]LogShaderCompilers:Display: Using Local Shader Compiler.
[2018.04.02-20.04.23:261][  0]LogTemp:Display: Loaded TP AllDesktopTargetPlatform
[2018.04.02-20.04.23:291][  0]LogTemp:Display: Loaded TP WindowsClientTargetPlatform
[2018.04.02-20.04.23:317][  0]LogTemp:Display: Loaded TP WindowsNoEditorTargetPlatform
[2018.04.02-20.04.23:348][  0]LogTemp:Display: Loaded TP WindowsServerTargetPlatform
[2018.04.02-20.04.23:369][  0]LogTemp:Display: Loaded TP WindowsTargetPlatform
[2018.04.02-20.04.23:389][  0]LogTemp:Display: Loaded TP AndroidTargetPlatform
[2018.04.02-20.04.23:419][  0]LogTemp:Display: Loaded TP Android_ASTCTargetPlatform
[2018.04.02-20.04.23:451][  0]LogTemp:Display: Loaded TP Android_ATCTargetPlatform
[2018.04.02-20.04.23:475][  0]LogTemp:Display: Loaded TP Android_DXTTargetPlatform
[2018.04.02-20.04.23:506][  0]LogTemp:Display: Loaded TP Android_ETC1TargetPlatform
[2018.04.02-20.04.23:523][  0]LogTemp:Display: Loaded TP Android_ETC2TargetPlatform
[2018.04.02-20.04.23:559][  0]LogTemp:Display: Loaded TP Android_MultiTargetPlatform
[2018.04.02-20.04.23:559][  0]LogTemp:Display: Loaded TP Android_PVRTCTargetPlatform
[2018.04.02-20.04.23:561][  0]LogTemp:Display: Loaded TP HTML5TargetPlatform
[2018.04.02-20.04.23:601][  0]LogTemp:Display: Loaded TP IOSTargetPlatform
[2018.04.02-20.04.23:623][  0]LogTemp:Display: Loaded TP TVOSTargetPlatform
[2018.04.02-20.04.23:647][  0]LogTemp:Display: Loaded TP LinuxClientTargetPlatform
[2018.04.02-20.04.23:669][  0]LogTemp:Display: Loaded TP LinuxNoEditorTargetPlatform
[2018.04.02-20.04.23:693][  0]LogTemp:Display: Loaded TP LinuxServerTargetPlatform
[2018.04.02-20.04.23:714][  0]LogTemp:Display: Loaded TP LinuxTargetPlatform
[2018.04.02-20.04.23:714][  0]LogTargetPlatformManager:Display: Building Assets For Windows
[2018.04.02-20.04.23:898][  0]LogDerivedDataCache:Display: Max Cache Size: 512 MB
[2018.04.02-20.04.24:043][  0]LogDerivedDataCache: Loaded boot cache 0.14s 62MB C:/Users/E/AppData/Local/UnrealEngine/4.13/DerivedDataCache/Boot.ddc.
[2018.04.02-20.04.24:043][  0]LogDerivedDataCache:Display: Loaded Boot cache: C:/Users/E/AppData/Local/UnrealEngine/4.13/DerivedDataCache/Boot.ddc
[2018.04.02-20.04.24:043][  0]LogDerivedDataCache: FDerivedDataBackendGraph:  Pak pak cache file ../../../../../../Users/E/Documents/Unreal Projects/gorge/DerivedDataCache/DDC.ddp not found, will not use a pak cache.
[2018.04.02-20.04.24:043][  0]LogDerivedDataCache: Unable to find inner node Pak for hierarchical cache Hierarchy.
[2018.04.02-20.04.24:043][  0]LogDerivedDataCache: FDerivedDataBackendGraph:  CompressedPak pak cache file ../../../../../../Users/E/Documents/Unreal Projects/gorge/DerivedDataCache/Compressed.ddp not found, will not use a pak cache.
[2018.04.02-20.04.24:043][  0]LogDerivedDataCache: Unable to find inner node CompressedPak for hierarchical cache Hierarchy.
[2018.04.02-20.04.24:088][  0]LogDerivedDataCache:Display: Pak cache opened for reading ../../../Engine/DerivedDataCache/Compressed.ddp.
[2018.04.02-20.04.24:102][  0]LogDerivedDataCache: Using Local data cache path C:/Users/E/AppData/Local/UnrealEngine/Common/DerivedDataCache: Writable
[2018.04.02-20.04.24:616][  0]LogInit: Selected Device Profile: [Windows]
[2018.04.02-20.04.24:623][  0]LogContentStreaming: Texture pool size is 0.00 MB
[2018.04.02-20.04.24:900][  0]LogMeshUtilities: No automatic mesh reduction module available
[2018.04.02-20.04.24:900][  0]LogMeshUtilities: No automatic mesh merging module available
[2018.04.02-20.04.24:900][  0]LogMeshUtilities: No distributed automatic mesh merging module available
[2018.04.02-20.04.25:085][  0]LogMaterial: Uniform references updated for custom material expression Custom.
[2018.04.02-20.04.26:277][  0]LogNetVersion: GetLocalNetworkVersion: CL: 3106830, ProjectName: gorge, ProjectVersion: , EngineNetworkVersion: 1, GameNetworkVersion: 0, NetworkChecksum: 17252824
[2018.04.02-20.04.26:376][  0]LogAssetRegistry: FAssetRegistry took 0.0245 seconds to start up
[2018.04.02-20.04.26:560][  0]LogPackageLocalizationCache: Processed 3 localized package path(s) for 2 prioritized culture(s) in 0.171268 seconds
[2018.04.02-20.04.26:582][  0]LogUObjectArray: 29778 objects as part of root set at end of initial load.
[2018.04.02-20.04.26:582][  0]LogUObjectAllocator: 6125448 out of 0 bytes used by permanent object pool.
[2018.04.02-20.04.26:582][  0]LogUObjectArray: CloseDisregardForGC: 0/0 objects in disregard for GC pool
[2018.04.02-20.04.26:614][  0]LogInit: WinSock: version 1.1 (2.2), MaxSocks=32767, MaxUdp=65467
[2018.04.02-20.04.27:471][  0]LogSlate: SlateFontCache - WITH_FREETYPE: 1, WITH_HARFBUZZ: 1
[2018.04.02-20.04.27:471][  0]LogSlate: SlateFontCache - WITH_FREETYPE: 1, WITH_HARFBUZZ: 1
[2018.04.02-20.04.30:109][  0]LogTcpMessaging: Initializing TcpMessaging bridge
[2018.04.02-20.04.30:149][  0]LogUdpMessaging: Initializing bridge on interface 0.0.0.0:0 to multicast group 230.0.0.1:6666.
[2018.04.02-20.04.31:006][  0]SourceControl: Info Source control is disabled
[2018.04.02-20.04.31:009][  0]SourceControl: Info Source control is disabled
[2018.04.02-20.04.31:042][  0]SourceControl: Info Source control is disabled
[2018.04.02-20.04.31:078][  0]SourceControl: Info Source control is disabled
[2018.04.02-20.04.32:153][  0]LogEngine: Initializing Engine...
[2018.04.02-20.04.32:155][  0]LogHMD: Failed to initialize OpenVR with code 110
[2018.04.02-20.04.32:711][  0]LogAIModule: Creating AISystem for world Untitled
[2018.04.02-20.04.32:730][  0]LogInit: XAudio2 using 'Speakers (Realtek High Definition Audio)' : 2 channels at 48 kHz using 32 bits per sample (channel mask 0x3)
[2018.04.02-20.04.32:806][  0]LogInit: FAudioDevice initialized.
[2018.04.02-20.04.32:913][  0]LogDerivedDataCache: Saved boot cache 0.11s 62MB C:/Users/E/AppData/Local/UnrealEngine/4.13/DerivedDataCache/Boot.ddc.
[2018.04.02-20.04.32:943][  0]LogInit: Texture streaming: Enabled
[2018.04.02-20.04.33:036][  0]LogInit: Transaction tracking system initialized
[2018.04.02-20.04.33:116][  0]BlueprintLog: New page: Editor Load
[2018.04.02-20.04.33:408][  0]LocalizationService: Info Localization service is disabled
[2018.04.02-20.04.34:618][  0]LogConsoleResponse:Display: 
[2018.04.02-20.04.35:056][  0]LogCook:Display: Max memory allowance for cook 16384mb min free memory 0mb
[2018.04.02-20.04.35:056][  0]LogCook:Display: Mobile HDR setting 1
[2018.04.02-20.04.35:687][  0]LogFileCache: Scanning file cache for directory 'C:/Users/E/Documents/Unreal Projects/gorge/Content/' took 0.04s
[2018.04.02-20.04.35:708][  0]SourceControl: Info Source control is disabled
[2018.04.02-20.04.35:709][  0]Cmd: MAP LOAD FILE="../../../../../../Users/E/Documents/Unreal Projects/gorge/Content/ThirdPersonBP/Maps/ThirdPersonExampleMap.umap" TEMPLATE=0 SHOWPROGRESS=1 FEATURELEVEL=3
[2018.04.02-20.04.35:729][  0]LightingResults: New page: Lighting Build
[2018.04.02-20.04.35:737][  0]MapCheck: New page: Map Check
[2018.04.02-20.04.35:737][  0]LightingResults: New page: Lighting Build
[2018.04.02-20.04.38:812][  0]LogAIModule: Creating AISystem for world ThirdPersonExampleMap
[2018.04.02-20.04.38:855][  0]LogEditorServer: Finished looking for orphan Actors (0.000 secs)
[2018.04.02-20.04.38:858][  0]Cmd: MAP CHECKDEP NOCLEARLOG
[2018.04.02-20.04.39:049][  0]MapCheck: Info Map check complete: 0 Error(s), 0 Warning(s), took 191.141ms to complete.
[2018.04.02-20.04.39:049][  0]LogFileHelpers: Loading map 'ThirdPersonExampleMap' took 3.341
[2018.04.02-20.04.39:517][  0]LogCollectionManager: Loaded 0 collections in 0.007379 seconds
[2018.04.02-20.04.39:614][  0]LogFileCache: Scanning file cache for directory 'C:/Users/E/Documents/Unreal Projects/gorge/Saved/Collections/' took 0.01s
[2018.04.02-20.04.39:614][  0]LogFileCache: Scanning file cache for directory 'C:/Users/E/Documents/Unreal Projects/gorge/Content/Developers/E/Collections/' took 0.01s
[2018.04.02-20.04.39:614][  0]LogFileCache: Scanning file cache for directory 'C:/Users/E/Documents/Unreal Projects/gorge/Content/Collections/' took 0.01s
[2018.04.02-20.04.39:614][  0]LogCollectionManager: Rebuilt the GUID cache for 0 collections in 0.000011 seconds
[2018.04.02-20.04.39:655][  0]LogContentBrowser: Native class hierarchy populated in 0.0379 seconds. Added 2141 classes and 415 folders.
[2018.04.02-20.04.39:671][  0]LogStats: UGameplayTagsManager::ConstructGameplayTagTree: Construct from data asset -  0.000 s
[2018.04.02-20.04.39:671][  0]LogStats: UGameplayTagsManager::ConstructGameplayTagTree: GameplayTagTreeChangedEvent.Broadcast -  0.000 s
[2018.04.02-20.04.39:674][  0]LogContentBrowser: Native class hierarchy updated for 'GameplayTags' in 0.0019 seconds. Added 12 classes and 0 folders.
[2018.04.02-20.04.39:695][  0]LogContentBrowser: Native class hierarchy updated for 'WidgetCarousel' in 0.0015 seconds. Added 0 classes and 0 folders.
[2018.04.02-20.04.41:130][  0]LogContentBrowser: Native class hierarchy updated for 'AddContentDialog' in 0.0026 seconds. Added 0 classes and 0 folders.
[2018.04.02-20.04.41:158][  0]LogContentBrowser: Native class hierarchy updated for 'SceneOutliner' in 0.0017 seconds. Added 1 classes and 2 folders.
[2018.04.02-20.04.41:291][  0]LogCrashTracker: Crashtracker disabled due to settings.
[2018.04.02-20.04.41:321][  0]LogUObjectGlobals:Warning: Failed to find object 'Class None.'
[2018.04.02-20.04.41:366][  0]LogContentBrowser: Native class hierarchy updated for 'HierarchicalLODOutliner' in 0.0018 seconds. Added 1 classes and 2 folders.
[2018.04.02-20.04.41:367][  0]LogLoad: (Engine Initialization) Total time: 28.68 seconds
[2018.04.02-20.04.41:367][  0]LogLoad: (Engine Initialization) Total Blueprint compile time: 0.59 seconds
[2018.04.02-20.04.41:368][  0]LogExternalProfiler: Found external profiler: VSPerf
[2018.04.02-20.04.41:368][  0]LogExternalProfiler: Using external profiler: VSPerf
[2018.04.02-20.04.41:389][  0]LogWindowsTextInputMethodSystem:Display: IME system now deactivated.
[2018.04.02-20.04.41:391][  0]LogOcInput: OculusInput pre-init called
[2018.04.02-20.04.41:440][  0]LogContentStreaming: Texture pool size now 600 MB
[2018.04.02-20.04.42:388][  0]LogRenderer: Reallocating scene render targets to support 1208x568 (Frame:2).
[2018.04.02-20.04.43:981][  5]LogAssetRegistry: Asset discovery search completed in 17.6288 seconds
[2018.04.02-20.04.43:981][  5]LogCollectionManager: Rebuilt the object cache for 0 collections in 0.000001 seconds (found 0 objects)
[2018.04.02-20.04.43:981][  5]LogCollectionManager: Fixed up redirectors for 0 collections in 0.000080 seconds (updated 0 objects)
[2018.04.02-21.11.45:819][ 45]Cmd: CAMERA ALIGN ACTIVEVIEWPORTONLY
[2018.04.02-21.11.59:674][571]Cmd: BRUSH ADD SELECTNEWBRUSH
[2018.04.02-21.12.34:992][ 34]Cmd: CAMERA ALIGN ACTIVEVIEWPORTONLY
[2018.04.02-21.12.51:956][726]Cmd: TRANSACTION UNDO
[2018.04.02-21.12.51:956][726]LogEditorTransaction: Undo Move Actors
[2018.04.02-21.13.19:076][760]Cmd: CAMERA ALIGN ACTIVEVIEWPORTONLY
[2018.04.02-21.13.39:695][554]LogEditorViewport: Clicking on Actor (LMB): BP_Sky_Sphere_C (SkySphereBlueprint)
[2018.04.02-21.14.09:369][769]Cmd: CAMERA ALIGN ACTIVEVIEWPORTONLY
[2018.04.02-21.14.21:885][274]Cmd: BRUSH ADD SELECTNEWBRUSH
[2018.04.02-21.14.34:986][804]Cmd: CAMERA ALIGN ACTIVEVIEWPORTONLY
[2018.04.02-21.14.56:114][622]Cmd: CAMERA ALIGN ACTIVEVIEWPORTONLY
[2018.04.02-21.15.03:235][892]Cmd: CAMERA ALIGN ACTIVEVIEWPORTONLY
[2018.04.02-21.16.06:888][411]Cmd: CAMERA ALIGN ACTIVEVIEWPORTONLY
[2018.04.02-21.16.27:626][212]Cmd: TRANSACTION UNDO
[2018.04.02-21.16.27:626][212]LogEditorTransaction: Undo Move Actors
[2018.04.02-21.16.27:682][212]LogGeometryMode:Warning: Unable to find 2 Vertex(s) in new BSP
[2018.04.02-21.16.27:682][212]LogGeometryMode:Warning: Unable to resolve BoxBrush8 Brush in new BSP, see above
[2018.04.02-21.16.27:683][212]LogGeometryMode:Warning: Unable to find all previously selected geometry data, resetting selection
[2018.04.02-21.16.46:247][933]LogEditorViewport: Clicking on Actor (LMB): BP_Sky_Sphere_C (SkySphereBlueprint)
[2018.04.02-21.17.13:128][983]Cmd: TRANSACTION UNDO
[2018.04.02-21.17.13:128][983]LogEditorTransaction: Undo Move Actors
[2018.04.02-21.17.23:307][364]Cmd: CAMERA ALIGN ACTIVEVIEWPORTONLY
[2018.04.02-21.17.31:257][668]Cmd: TRANSACTION UNDO
[2018.04.02-21.17.31:257][668]LogEditorTransaction: Undo Move Actors
[2018.04.02-21.17.51:089][408]LogActorComponent: UnregisterComponent: (/Engine/Transient.SphereBrushComponent) Not registered. Aborting.
[2018.04.02-21.17.57:468][681]LogEditorViewport: Clicking on Actor (LMB): BP_Sky_Sphere_C (SkySphereBlueprint)
[2018.04.02-21.18.06:390][ 27]Cmd: TRANSACTION UNDO
[2018.04.02-21.18.06:390][ 27]LogEditorTransaction: Undo Move Actors
[2018.04.02-21.18.06:425][ 27]LogActorComponent: ~FComponentReregisterContext: (/Game/ThirdPersonBP/Maps/ThirdPersonExampleMap.ThirdPersonExampleMap:PersistentLevel.BoxBrush_7.BrushComponent0) Component already registered.
[2018.04.02-21.18.06:426][ 27]LogActorComponent: ~FComponentReregisterContext: (/Game/ThirdPersonBP/Maps/ThirdPersonExampleMap.ThirdPersonExampleMap:PersistentLevel.BoxBrush5.BrushComponent0) Component already registered.
[2018.04.02-21.18.28:549][855]Cmd: BRUSH ADD SELECTNEWBRUSH
[2018.04.02-21.18.45:526][550]Cmd: CAMERA ALIGN ACTIVEVIEWPORTONLY
[2018.04.02-21.18.48:980][685]Cmd: CAMERA ALIGN ACTIVEVIEWPORTONLY
[2018.04.02-21.19.03:728][275]Cmd: TRANSACTION UNDO
[2018.04.02-21.19.03:728][275]LogEditorTransaction: Undo Move Actors
[2018.04.02-21.19.03:765][275]LogActorComponent: ~FComponentReregisterContext: (/Game/ThirdPersonBP/Maps/ThirdPersonExampleMap.ThirdPersonExampleMap:PersistentLevel.BoxBrush8.BrushComponent0) Component already registered.
[2018.04.02-21.19.03:767][275]LogActorComponent: ~FComponentReregisterContext: (/Game/ThirdPersonBP/Maps/ThirdPersonExampleMap.ThirdPersonExampleMap:PersistentLevel.BoxBrush5.BrushComponent0) Component already registered.
[2018.04.02-21.19.07:168][404]Cmd: TRANSACTION UNDO
[2018.04.02-21.19.07:168][404]LogEditorTransaction: Undo Move Actors
[2018.04.02-21.19.07:202][404]LogActorComponent: ~FComponentReregisterContext: (/Game/ThirdPersonBP/Maps/ThirdPersonExampleMap.ThirdPersonExampleMap:PersistentLevel.BoxBrush8.BrushComponent0) Component already registered.
[2018.04.02-21.19.07:204][404]LogActorComponent: ~FComponentReregisterContext: (/Game/ThirdPersonBP/Maps/ThirdPersonExampleMap.ThirdPersonExampleMap:PersistentLevel.BoxBrush5.BrushComponent0) Component already registered.
[2018.04.02-21.19.17:028][766]Cmd: CAMERA ALIGN ACTIVEVIEWPORTONLY
[2018.04.02-21.19.34:599][467]Cmd: CAMERA ALIGN ACTIVEVIEWPORTONLY
[2018.04.02-21.19.51:538][139]Cmd: CAMERA ALIGN ACTIVEVIEWPORTONLY
[2018.04.02-21.20.21:956][303]LogEditorViewport: Clicking on Actor (LMB): BP_Sky_Sphere_C (SkySphereBlueprint)
[2018.04.02-21.20.22:682][324]Cmd: CAMERA ALIGN ACTIVEVIEWPORTONLY
[2018.04.02-21.20.27:309][490]Cmd: CAMERA ALIGN ACTIVEVIEWPORTONLY
[2018.04.02-21.20.55:660][573]LogEditorViewport: Clicking on Actor (LMB): BP_Sky_Sphere_C (SkySphereBlueprint)
[2018.04.02-21.21.08:109][997]Cmd: TRANSACTION UNDO
[2018.04.02-21.21.08:109][997]LogEditorTransaction: Undo Move Actors
[2018.04.02-21.21.08:171][997]LogGeometryMode:Warning: Unable to find 1 Poly(s) in new BSP
[2018.04.02-21.21.08:171][997]LogGeometryMode:Warning: Unable to resolve BoxBrush9 Brush in new BSP, see above
[2018.04.02-21.21.08:171][997]LogGeometryMode:Warning: Unable to find all previously selected geometry data, resetting selection
[2018.04.02-21.21.51:649][726]LogEditorViewport: Clicking on Actor (LMB): BP_Sky_Sphere_C (SkySphereBlueprint)
[2018.04.02-21.22.03:512][202]Cmd: CAMERA ALIGN ACTIVEVIEWPORTONLY
[2018.04.02-21.23.05:333][693]Cmd: TRANSACTION UNDO
[2018.04.02-21.23.05:333][693]LogEditorTransaction: Undo Move Actors
[2018.04.02-21.23.05:372][693]LogActorComponent: ~FComponentReregisterContext: (/Game/ThirdPersonBP/Maps/ThirdPersonExampleMap.ThirdPersonExampleMap:PersistentLevel.BoxBrush10.BrushComponent0) Component already registered.
[2018.04.02-21.23.16:196][125]Cmd: TRANSACTION UNDO
[2018.04.02-21.23.16:196][125]LogEditorTransaction: Undo Move Actors
[2018.04.02-21.23.16:237][125]LogActorComponent: ~FComponentReregisterContext: (/Game/ThirdPersonBP/Maps/ThirdPersonExampleMap.ThirdPersonExampleMap:PersistentLevel.BoxBrush10.BrushComponent0) Component already registered.
[2018.04.02-21.23.16:834][139]Cmd: TRANSACTION UNDO
[2018.04.02-21.23.16:834][139]LogEditorTransaction: Undo Move Actors
[2018.04.02-21.23.16:874][139]LogActorComponent: ~FComponentReregisterContext: (/Game/ThirdPersonBP/Maps/ThirdPersonExampleMap.ThirdPersonExampleMap:PersistentLevel.BoxBrush10.BrushComponent0) Component already registered.
[2018.04.02-21.23.45:686][292]LogEditorViewport: Clicking on Actor (LMB): BP_Sky_Sphere_C (SkySphereBlueprint)
[2018.04.02-21.24.10:843][236]LogSavePackage: Save=1071.49ms
[2018.04.02-21.24.10:843][236]LogSavePackage: Moving '../../../../../../Users/E/Documents/Unreal Projects/gorge/Saved/ThirdPersonExampleMap876969844B23242922A7E099296BE0F2.tmp' to '../../../../../../Users/E/Documents/Unreal Projects/gorge/Content/ThirdPersonBP/Maps/ThirdPersonExampleMap.umap'
[2018.04.02-21.24.10:879][236]LogSavePackage:Display: Finished SavePackage ../../../../../../Users/E/Documents/Unreal Projects/gorge/Content/ThirdPersonBP/Maps/ThirdPersonExampleMap.umap
[2018.04.02-21.24.11:121][236]LogFileHelpers: Saving map 'ThirdPersonExampleMap' took 1.707
[2018.04.02-21.38.54:625][638]Cmd: BRUSH ADD SELECTNEWBRUSH
[2018.04.02-21.40.36:359][947]LogSavePackage: Save=432.83ms
[2018.04.02-21.40.36:359][947]LogSavePackage: Moving '../../../../../../Users/E/Documents/Unreal Projects/gorge/Saved/ThirdPersonExampleMap_Auto1CE0126004148AFF6831F86B288413F14.tmp' to '../../../../../../Users/E/Documents/Unreal Projects/gorge/Saved/Autosaves/Game/ThirdPersonBP/Maps/ThirdPersonExampleMap_Auto1.umap'
[2018.04.02-21.40.36:367][947]LogSavePackage:Display: Finished SavePackage ../../../../../../Users/E/Documents/Unreal Projects/gorge/Saved/Autosaves/Game/ThirdPersonBP/Maps/ThirdPersonExampleMap_Auto1.umap
[2018.04.02-21.40.36:374][947]LogFileHelpers: Editor autosave (incl. sublevels) for '/Game/ThirdPersonBP/Maps/ThirdPersonExampleMap' took 0.584
[2018.04.02-21.40.36:374][947]LogFileHelpers: Editor autosave (incl. sublevels) for all levels took 0.584
[2018.04.02-21.40.50:361][531]Cmd: TRANSACTION UNDO
[2018.04.02-21.40.50:361][531]LogEditorTransaction: Undo Select Brush Surface
[2018.04.02-21.40.52:558][611]Cmd: TRANSACTION UNDO
[2018.04.02-21.40.52:558][611]LogEditorTransaction: Undo Clicking on Actors
[2018.04.02-21.40.54:037][677]Cmd: TRANSACTION UNDO
[2018.04.02-21.40.54:037][677]LogEditorTransaction: Undo Clicking on Actors
[2018.04.02-21.40.57:056][804]Cmd: TRANSACTION UNDO
[2018.04.02-21.40.57:056][804]LogEditorTransaction: Undo Clicking on Actors
[2018.04.02-21.42.59:809][380]LogEditorViewport: Clicking on Actor (LMB): BP_Sky_Sphere_C (SkySphereBlueprint)
[2018.04.02-21.50.37:738][340]LogSavePackage: Save=448.10ms
[2018.04.02-21.50.37:738][340]LogSavePackage: Moving '../../../../../../Users/E/Documents/Unreal Projects/gorge/Saved/ThirdPersonExampleMap_Auto2BB13352449C938CC917539A02B17BD62.tmp' to '../../../../../../Users/E/Documents/Unreal Projects/gorge/Saved/Autosaves/Game/ThirdPersonBP/Maps/ThirdPersonExampleMap_Auto2.umap'
[2018.04.02-21.50.37:746][340]LogSavePackage:Display: Finished SavePackage ../../../../../../Users/E/Documents/Unreal Projects/gorge/Saved/Autosaves/Game/ThirdPersonBP/Maps/ThirdPersonExampleMap_Auto2.umap
[2018.04.02-21.50.37:753][340]LogFileHelpers: Editor autosave (incl. sublevels) for '/Game/ThirdPersonBP/Maps/ThirdPersonExampleMap' took 0.558
[2018.04.02-21.50.37:753][340]LogFileHelpers: Editor autosave (incl. sublevels) for all levels took 0.558
[2018.04.03-00.51.27:443][483]LogHttp:Warning: 0000024842BCE200: request failed, libcurl error: 6 (Couldn't resolve host name)
[2018.04.03-00.51.27:443][483]LogHttp:Warning: 0000024842BCE200: libcurl info message cache 1 (Connection 22 seems to be dead!)
[2018.04.03-00.51.27:443][483]LogHttp:Warning: 0000024842BCE200: libcurl info message cache 2 (Closing connection 22)
[2018.04.03-00.51.27:444][483]LogHttp:Warning: 0000024842BCE200: libcurl info message cache 3 (schannel: shutting down SSL/TLS connection with datarouter.ol.epicgames.com port 443)
[2018.04.03-00.51.27:444][483]LogHttp:Warning: 0000024842BCE200: libcurl info message cache 4 (Send failure: Connection was reset)
[2018.04.03-00.51.27:444][483]LogHttp:Warning: 0000024842BCE200: libcurl info message cache 5 (schannel: failed to send close msg: Failed sending data to the peer (bytes written: -1))
[2018.04.03-00.51.27:444][483]LogHttp:Warning: 0000024842BCE200: libcurl info message cache 6 (schannel: clear security context handle)
[2018.04.03-00.51.27:444][483]LogHttp:Warning: 0000024842BCE200: libcurl info message cache 7 (schannel: decremented credential handle refcount = 0)
[2018.04.03-00.51.27:444][483]LogHttp:Warning: 0000024842BCE200: libcurl info message cache 8 (Could not resolve host: datarouter.ol.epicgames.com)
[2018.04.03-00.51.27:444][483]LogHttp:Warning: 0000024842BCE200: libcurl info message cache 9 (Closing connection 23)
[2018.04.03-14.15.24:909][497]LogHttp:Warning: 0000024842BCE200: request failed, libcurl error: 6 (Couldn't resolve host name)
[2018.04.03-14.15.24:909][497]LogHttp:Warning: 0000024842BCE200: libcurl info message cache 8 (Could not resolve host: datarouter.ol.epicgames.com)
[2018.04.03-14.15.24:909][497]LogHttp:Warning: 0000024842BCE200: libcurl info message cache 9 (Closing connection 24)
[2018.04.03-14.43.33:162][712]LogSavePackage: Save=432.86ms
[2018.04.03-14.43.33:163][712]LogSavePackage: Moving '../../../../../../Users/E/Documents/Unreal Projects/gorge/Saved/ThirdPersonExampleMap442B5F6640A290FD027FBCA5D9602738.tmp' to '../../../../../../Users/E/Documents/Unreal Projects/gorge/Content/ThirdPersonBP/Maps/ThirdPersonExampleMap.umap'
[2018.04.03-14.43.33:176][712]LogSavePackage:Display: Finished SavePackage ../../../../../../Users/E/Documents/Unreal Projects/gorge/Content/ThirdPersonBP/Maps/ThirdPersonExampleMap.umap
[2018.04.03-14.43.33:330][712]LogFileHelpers: Saving map 'ThirdPersonExampleMap' took 0.937
[2018.04.03-14.43.35:149][780]LogWindowsTextInputMethodSystem:Display: IME system now deactivated.
[2018.04.03-14.43.35:658][781]Cmd: QUIT_EDITOR
[2018.04.03-14.43.35:939][781]LogExit: Preparing to exit.
[2018.04.03-14.43.37:104][781]LogDirectoryWatcher: A directory notification for 'C:/Users/E/Documents/Unreal Projects/gorge/Content/' was aborted.
[2018.04.03-14.43.37:573][781]LogExit: Editor shut down
[2018.04.03-14.43.37:580][781]LogExit: Transaction tracking system shut down
[2018.04.03-14.43.38:378][781]LogObj: Freed 0b from 0 cluster array pools.
[2018.04.03-14.43.38:379][781]LogExit: Object subsystem successfully closed.
[2018.04.03-14.43.38:449][781]LogD3D11RHI: Shutdown
[2018.04.03-14.43.38:449][781]LogD3D11RHI: CleanupD3DDevice
[2018.04.03-14.43.38:749][781]LogD3D11RHI: ~FD3D11DynamicRHI
[2018.04.03-14.43.38:846][781]LogModuleManager: Shutting down and abandoning module HierarchicalLODOutliner (233)
[2018.04.03-14.43.38:846][781]LogModuleManager: Shutting down and abandoning module CrashTracker (232)
[2018.04.03-14.43.38:846][781]LogModuleManager: Shutting down and abandoning module SceneOutliner (231)
[2018.04.03-14.43.38:847][781]LogModuleManager: Shutting down and abandoning module WidgetCarousel (230)
[2018.04.03-14.43.38:847][781]LogModuleManager: Shutting down and abandoning module AddContentDialog (229)
[2018.04.03-14.43.38:848][781]LogDirectoryWatcher: A directory notification for 'C:/Program Files (x86)/Epic Games/4.13/FeaturePacks/' was aborted.
[2018.04.03-14.43.38:869][781]LogModuleManager: Shutting down and abandoning module GameplayTags (228)
[2018.04.03-14.43.38:869][781]LogModuleManager: Shutting down and abandoning module EditorWidgets (227)
[2018.04.03-14.43.38:869][781]LogModuleManager: Shutting down and abandoning module CollectionManager (226)
[2018.04.03-14.43.38:870][781]LogDirectoryWatcher: A directory notification for 'C:/Users/E/Documents/Unreal Projects/gorge/Content/Collections/' was aborted.
[2018.04.03-14.43.38:870][781]LogDirectoryWatcher: A directory notification for 'C:/Users/E/Documents/Unreal Projects/gorge/Content/Developers/E/Collections/' was aborted.
[2018.04.03-14.43.38:871][781]LogDirectoryWatcher: A directory notification for 'C:/Users/E/Documents/Unreal Projects/gorge/Saved/Collections/' was aborted.
[2018.04.03-14.43.38:871][781]LogModuleManager: Shutting down and abandoning module StatsViewer (225)
[2018.04.03-14.43.38:872][781]LogModuleManager: Shutting down and abandoning module FoliageEdit (224)
[2018.04.03-14.43.38:872][781]LogModuleManager: Shutting down and abandoning module LandscapeEditor (223)
[2018.04.03-14.43.38:874][781]LogModuleManager: Shutting down and abandoning module SceneDepthPickerMode (222)
[2018.04.03-14.43.38:874][781]LogModuleManager: Shutting down and abandoning module ActorPickerMode (221)
[2018.04.03-14.43.38:874][781]LogModuleManager: Shutting down and abandoning module GeometryMode (220)
[2018.04.03-14.43.38:874][781]LogModuleManager: Shutting down and abandoning module TextureAlignMode (219)
[2018.04.03-14.43.38:874][781]LogModuleManager: Shutting down and abandoning module BspMode (218)
[2018.04.03-14.43.38:874][781]LogModuleManager: Shutting down and abandoning module HardwareSurvey (217)
[2018.04.03-14.43.38:875][781]LogModuleManager: Shutting down and abandoning module SequenceRecorderSections (216)
[2018.04.03-14.43.38:875][781]LogModuleManager: Shutting down and abandoning module SequenceRecorder (215)
[2018.04.03-14.43.38:876][781]LogModuleManager: Shutting down and abandoning module AutomationWorker (214)
[2018.04.03-14.43.38:876][781]LogModuleManager: Shutting down and abandoning module MatineeToLevelSequence (213)
[2018.04.03-14.43.38:877][781]LogModuleManager: Shutting down and abandoning module PlacementMode (212)
[2018.04.03-14.43.38:877][781]LogModuleManager: Shutting down and abandoning module LevelSequenceEditor (211)
[2018.04.03-14.43.38:880][781]LogModuleManager: Shutting down and abandoning module WmfMediaFactory (210)
[2018.04.03-14.43.38:880][781]LogModuleManager: Shutting down and abandoning module WmfMediaEditor (209)
[2018.04.03-14.43.38:880][781]LogModuleManager: Shutting down and abandoning module AvfMediaFactory (208)
[2018.04.03-14.43.38:880][781]LogModuleManager: Shutting down and abandoning module AvfMediaEditor (207)
[2018.04.03-14.43.38:880][781]LogModuleManager: Shutting down and abandoning module Media (206)
[2018.04.03-14.43.38:880][781]LogModuleManager: Shutting down and abandoning module AndroidMediaFactory (205)
[2018.04.03-14.43.38:880][781]LogModuleManager: Shutting down and abandoning module AndroidMediaEditor (204)
[2018.04.03-14.43.38:880][781]LogModuleManager: Shutting down and abandoning module CharacterAI (203)
[2018.04.03-14.43.38:880][781]LogModuleManager: Shutting down and abandoning module SmartSnapping (202)
[2018.04.03-14.43.38:880][781]LogModuleManager: Shutting down and abandoning module SessionServices (201)
[2018.04.03-14.43.38:880][781]LogModuleManager: Shutting down and abandoning module ViewportSnapping (200)
[2018.04.03-14.43.38:880][781]LogModuleManager: Shutting down and abandoning module ViewportInteraction (199)
[2018.04.03-14.43.38:880][781]LogModuleManager: Shutting down and abandoning module LogVisualizer (198)
[2018.04.03-14.43.38:882][781]LogModuleManager: Shutting down and abandoning module GameProjectGeneration (197)
[2018.04.03-14.43.38:883][781]LogModuleManager: Shutting down and abandoning module IntroTutorials (196)
[2018.04.03-14.43.38:884][781]LogModuleManager: Shutting down and abandoning module EditorLiveStreaming (195)
[2018.04.03-14.43.38:884][781]LogModuleManager: Shutting down and abandoning module IOSPlatformEditor (194)
[2018.04.03-14.43.38:885][781]LogModuleManager: Shutting down and abandoning module HTML5PlatformEditor (193)
[2018.04.03-14.43.38:885][781]LogModuleManager: Shutting down and abandoning module AndroidDeviceDetection (192)
[2018.04.03-14.43.39:723][781]LogModuleManager: Shutting down and abandoning module AndroidPlatformEditor (191)
[2018.04.03-14.43.39:724][781]LogModuleManager: Shutting down and abandoning module IOSRuntimeSettings (190)
[2018.04.03-14.43.39:724][781]LogModuleManager: Shutting down and abandoning module AndroidRuntimeSettings (189)
[2018.04.03-14.43.39:724][781]LogModuleManager: Shutting down and abandoning module NiagaraEditor (188)
[2018.04.03-14.43.39:725][781]LogModuleManager: Shutting down and abandoning module MergeActors (187)
[2018.04.03-14.43.39:726][781]LogModuleManager: Shutting down and abandoning module SizeMap (186)
[2018.04.03-14.43.39:726][781]LogModuleManager: Shutting down and abandoning module TreeMap (185)
[2018.04.03-14.43.39:728][781]LogModuleManager: Shutting down and abandoning module ReferenceViewer (184)
[2018.04.03-14.43.39:728][781]LogModuleManager: Shutting down and abandoning module LocalizationService (183)
[2018.04.03-14.43.39:728][781]LogModuleManager: Shutting down and abandoning module LocalizationDashboard (182)
[2018.04.03-14.43.39:729][781]LogModuleManager: Shutting down and abandoning module HardwareTargeting (181)
[2018.04.03-14.43.39:730][781]LogModuleManager: Shutting down and abandoning module DeviceProfileEditor (180)
[2018.04.03-14.43.39:731][781]LogModuleManager: Shutting down and abandoning module UndoHistory (179)
[2018.04.03-14.43.39:732][781]LogModuleManager: Shutting down and abandoning module UserFeedback (178)
[2018.04.03-14.43.39:732][781]LogModuleManager: Shutting down and abandoning module XmlParser (177)
[2018.04.03-14.43.39:733][781]LogModuleManager: Shutting down and abandoning module Blutility (176)
[2018.04.03-14.43.39:733][781]LogModuleManager: Shutting down and abandoning module ProjectTargetPlatformEditor (175)
[2018.04.03-14.43.39:735][781]LogModuleManager: Shutting down and abandoning module ProjectSettingsViewer (174)
[2018.04.03-14.43.39:735][781]LogModuleManager: Shutting down and abandoning module InputBindingEditor (173)
[2018.04.03-14.43.39:738][781]LogModuleManager: Shutting down and abandoning module EditorSettingsViewer (172)
[2018.04.03-14.43.39:738][781]LogModuleManager: Shutting down and abandoning module SettingsEditor (171)
[2018.04.03-14.43.39:740][781]LogModuleManager: Shutting down and abandoning module ProjectLauncher (170)
[2018.04.03-14.43.39:741][781]LogModuleManager: Shutting down and abandoning module SessionFrontend (169)
[2018.04.03-14.43.39:742][781]LogModuleManager: Shutting down and abandoning module ProfilerClient (168)
[2018.04.03-14.43.39:743][781]LogModuleManager: Shutting down and abandoning module TargetDeviceServices (167)
[2018.04.03-14.43.39:743][781]LogModuleManager: Shutting down and abandoning module DeviceManager (166)
[2018.04.03-14.43.39:813][781]LogModuleManager: Shutting down and abandoning module AutomationController (165)
[2018.04.03-14.43.39:814][781]LogModuleManager: Shutting down and abandoning module AutomationWindow (164)
[2018.04.03-14.43.39:815][781]LogModuleManager: Shutting down and abandoning module Layers (163)
[2018.04.03-14.43.39:817][781]LogModuleManager: Shutting down and abandoning module ComponentVisualizers (162)
[2018.04.03-14.43.39:817][781]LogModuleManager: Shutting down and abandoning module DetailCustomizations (161)
[2018.04.03-14.43.39:818][781]LogModuleManager: Shutting down and abandoning module PackagesDialog (160)
[2018.04.03-14.43.39:819][781]LogModuleManager: Shutting down and abandoning module AnimGraph (159)
[2018.04.03-14.43.39:819][781]LogModuleManager: Shutting down and abandoning module Persona (158)
[2018.04.03-14.43.39:822][781]LogModuleManager: Shutting down and abandoning module Kismet (157)
[2018.04.03-14.43.39:825][781]LogModuleManager: Shutting down and abandoning module GraphEditor (156)
[2018.04.03-14.43.39:828][781]LogModuleManager: Shutting down and abandoning module ClassViewer (155)
[2018.04.03-14.43.39:828][781]LogModuleManager: Shutting down and abandoning module Toolbox (154)
[2018.04.03-14.43.39:829][781]LogModuleManager: Shutting down and abandoning module ModuleUI (153)
[2018.04.03-14.43.39:829][781]LogModuleManager: Shutting down and abandoning module MovieSceneTools (152)
[2018.04.03-14.43.39:831][781]LogModuleManager: Shutting down and abandoning module OutputLog (151)
[2018.04.03-14.43.39:831][781]LogModuleManager: Shutting down and abandoning module GammaUI (150)
[2018.04.03-14.43.39:832][781]LogModuleManager: Shutting down and abandoning module Documentation (149)
[2018.04.03-14.43.39:832][781]LogModuleManager: Shutting down and abandoning module Niagara (148)
[2018.04.03-14.43.39:832][781]LogModuleManager: Shutting down and abandoning module StreamingPauseRendering (147)
[2018.04.03-14.43.39:833][781]LogModuleManager: Shutting down and abandoning module AnalyticsET (146)
[2018.04.03-14.43.39:833][781]LogModuleManager: Shutting down and abandoning module PortalServices (145)
[2018.04.03-14.43.39:833][781]LogModuleManager: Shutting down and abandoning module PortalRpc (144)
[2018.04.03-14.43.39:833][781]LogModuleManager: Shutting down and abandoning module MessagingRpc (143)
[2018.04.03-14.43.39:833][781]LogModuleManager: Shutting down and abandoning module GameplayDebugger (142)
[2018.04.03-14.43.39:834][781]LogModuleManager: Shutting down and abandoning module AITestSuite (141)
[2018.04.03-14.43.39:834][781]LogModuleManager: Shutting down and abandoning module AIModule (140)
[2018.04.03-14.43.39:834][781]LogModuleManager: Shutting down and abandoning module ProfilerService (139)
[2018.04.03-14.43.39:956][781]LogModuleManager: Shutting down and abandoning module TaskGraph (138)
[2018.04.03-14.43.39:958][781]LogModuleManager: Shutting down and abandoning module SlateRemote (137)
[2018.04.03-14.43.39:958][781]LogModuleManager: Shutting down and abandoning module SteamVRController (136)
[2018.04.03-14.43.39:958][781]LogModuleManager: Shutting down and abandoning module SteamVR (135)
[2018.04.03-14.43.39:958][781]LogModuleManager: Shutting down and abandoning module ProceduralMeshComponentEditor (134)
[2018.04.03-14.43.39:958][781]LogModuleManager: Shutting down and abandoning module ProceduralMeshComponent (133)
[2018.04.03-14.43.39:958][781]LogModuleManager: Shutting down and abandoning module OculusLibrary (132)
[2018.04.03-14.43.39:958][781]LogModuleManager: Shutting down and abandoning module OculusInput (131)
[2018.04.03-14.43.39:958][781]LogModuleManager: Shutting down and abandoning module CustomMeshComponent (130)
[2018.04.03-14.43.39:959][781]LogModuleManager: Shutting down and abandoning module CableComponent (129)
[2018.04.03-14.43.39:959][781]LogModuleManager: Shutting down and abandoning module ArchVisCharacter (128)
[2018.04.03-14.43.39:959][781]LogModuleManager: Shutting down and abandoning module MediaPlayerEditor (126)
[2018.04.03-14.43.39:962][781]LogModuleManager: Shutting down and abandoning module HTML5Networking (125)
[2018.04.03-14.43.39:962][781]LogModuleManager: Shutting down and abandoning module GeometryCacheEd (124)
[2018.04.03-14.43.39:962][781]LogModuleManager: Shutting down and abandoning module GeometryCache (123)
[2018.04.03-14.43.39:962][781]LogModuleManager: Shutting down and abandoning module AlembicLibrary (122)
[2018.04.03-14.43.39:962][781]LogModuleManager: Shutting down and abandoning module AlembicImporter (121)
[2018.04.03-14.43.39:962][781]LogModuleManager: Shutting down and abandoning module SuperSearch (120)
[2018.04.03-14.43.39:963][781]LogModuleManager: Shutting down and abandoning module SuperSearchEditor (119)
[2018.04.03-14.43.39:963][781]LogModuleManager: Shutting down and abandoning module SpeedTreeImporter (118)
[2018.04.03-14.43.39:963][781]LogModuleManager: Shutting down and abandoning module PluginBrowser (117)
[2018.04.03-14.43.39:964][781]LogModuleManager: Shutting down and abandoning module MobileLauncherProfileWizard (116)
[2018.04.03-14.43.39:965][781]LogModuleManager: Shutting down and abandoning module EpicSurvey (115)
[2018.04.03-14.43.39:966][781]LogModuleManager: Shutting down and abandoning module DesktopPlatform (114)
[2018.04.03-14.43.39:967][781]LogModuleManager: Shutting down and abandoning module VisualStudioSourceCodeAccess (113)
[2018.04.03-14.43.39:967][781]LogModuleManager: Shutting down and abandoning module UObjectPlugin (112)
[2018.04.03-14.43.39:967][781]LogModuleManager: Shutting down and abandoning module SubversionSourceControl (111)
[2018.04.03-14.43.39:968][781]LogModuleManager: Shutting down and abandoning module PerforceSourceControl (110)
[2018.04.03-14.43.39:970][781]LogModuleManager: Shutting down and abandoning module SourceControl (109)
[2018.04.03-14.43.39:971][781]LogModuleManager: Shutting down and abandoning module GitSourceControl (108)
[2018.04.03-14.43.39:971][781]LogModuleManager: Shutting down and abandoning module LightPropagationVolumeEditor (107)
[2018.04.03-14.43.39:971][781]LogModuleManager: Shutting down and abandoning module PaperTiledImporter (106)
[2018.04.03-14.43.39:972][781]LogModuleManager: Shutting down and abandoning module PaperSpriteSheetImporter (105)
[2018.04.03-14.43.39:972][781]LogModuleManager: Shutting down and abandoning module MeshPaint (104)
[2018.04.03-14.43.39:972][781]LogModuleManager: Shutting down and abandoning module FbxAutomationBuilderModule (103)
[2018.04.03-14.43.39:973][781]LogModuleManager: Shutting down and abandoning module PixelInspectorModule (102)
[2018.04.03-14.43.39:974][781]LogModuleManager: Shutting down and abandoning module HotReload (101)
[2018.04.03-14.43.39:975][781]LogModuleManager: Shutting down and abandoning module MainFrame (100)
[2018.04.03-14.43.39:975][781]LogModuleManager: Shutting down and abandoning module LevelEditor (99)
[2018.04.03-14.43.39:979][781]LogModuleManager: Shutting down and abandoning module ContentBrowser (98)
[2018.04.03-14.43.39:984][781]LogModuleManager: Shutting down and abandoning module Paper2DEditor (97)
[2018.04.03-14.43.39:986][781]LogModuleManager: Shutting down and abandoning module UdpMessaging (96)
[2018.04.03-14.43.40:087][781]LogModuleManager: Shutting down and abandoning module TcpMessaging (95)
[2018.04.03-14.43.40:188][781]LogModuleManager: Shutting down and abandoning module LightPropagationVolumeRuntime (94)
[2018.04.03-14.43.40:188][781]LogModuleManager: Shutting down and abandoning module Paper2D (93)
[2018.04.03-14.43.40:188][781]LogModuleManager: Shutting down and abandoning module WindowsMoviePlayer (92)
[2018.04.03-14.43.40:189][781]LogModuleManager: Shutting down and abandoning module WmfMedia (91)
[2018.04.03-14.43.40:195][781]LogModuleManager: Shutting down and abandoning module MediaAssets (90)
[2018.04.03-14.43.40:195][781]LogModuleManager: Shutting down and abandoning module GameLiveStreaming (89)
[2018.04.03-14.43.40:195][781]LogModuleManager: Shutting down and abandoning module GameplayTagsEditor (88)
[2018.04.03-14.43.40:196][781]LogModuleManager: Shutting down and abandoning module VREditor (87)
[2018.04.03-14.43.40:196][781]LogModuleManager: Shutting down and abandoning module GameplayTasksEditor (86)
[2018.04.03-14.43.40:196][781]LogModuleManager: Shutting down and abandoning module PropertyEditor (85)
[2018.04.03-14.43.40:196][781]LogModuleManager: Shutting down and abandoning module BehaviorTreeEditor (84)
[2018.04.03-14.43.40:198][781]LogModuleManager: Shutting down and abandoning module FunctionalTesting (83)
[2018.04.03-14.43.40:198][781]LogModuleManager: Shutting down and abandoning module CollisionAnalyzer (82)
[2018.04.03-14.43.40:200][781]LogModuleManager: Shutting down and abandoning module Sequencer (81)
[2018.04.03-14.43.40:202][781]LogModuleManager: Shutting down and abandoning module WorkspaceMenuStructure (80)
[2018.04.03-14.43.40:202][781]LogModuleManager: Shutting down and abandoning module MessageLog (79)
[2018.04.03-14.43.40:202][781]LogModuleManager: Shutting down and abandoning module AssetTools (78)
[2018.04.03-14.43.40:205][781]LogModuleManager: Shutting down and abandoning module UMGEditor (77)
[2018.04.03-14.43.40:207][781]LogModuleManager: Shutting down and abandoning module UMG (76)
[2018.04.03-14.43.40:208][781]LogModuleManager: Shutting down and abandoning module SlateReflector (75)
[2018.04.03-14.43.40:211][781]LogModuleManager: Shutting down and abandoning module Slate (74)
[2018.04.03-14.43.40:211][781]LogModuleManager: Shutting down and abandoning module EditorStyle (73)
[2018.04.03-14.43.40:221][781]LogModuleManager: Shutting down and abandoning module SourceCodeAccess (72)
[2018.04.03-14.43.40:221][781]LogModuleManager: Shutting down and abandoning module HeadMountedDisplay (71)
[2018.04.03-14.43.40:221][781]LogModuleManager: Shutting down and abandoning module XAudio2 (70)
[2018.04.03-14.43.40:221][781]LogModuleManager: Shutting down and abandoning module Networking (68)
[2018.04.03-14.43.40:221][781]LogModuleManager: Shutting down and abandoning module Core (67)
[2018.04.03-14.43.40:221][781]LogModuleManager: Shutting down and abandoning module DirectoryWatcher (66)
[2018.04.03-14.43.40:222][781]LogDirectoryWatcher: A directory notification for '../../../Engine/Content/' was aborted.
[2018.04.03-14.43.40:224][781]LogDirectoryWatcher: A directory notification for '../../../../../../Users/E/Documents/Unreal Projects/gorge/Content/' was aborted.
[2018.04.03-14.43.40:226][781]LogDirectoryWatcher: A directory notification for '../../../Engine/Plugins/2D/Paper2D/Content/' was aborted.
[2018.04.03-14.43.40:244][781]LogModuleManager: Shutting down and abandoning module AssetRegistry (65)
[2018.04.03-14.43.40:725][781]LogModuleManager: Shutting down and abandoning module KismetCompiler (64)
[2018.04.03-14.43.40:725][781]LogModuleManager: Shutting down and abandoning module PhysXFormats (63)
[2018.04.03-14.43.40:725][781]LogModuleManager: Shutting down and abandoning module MeshUtilities (62)
[2018.04.03-14.43.40:726][781]LogModuleManager: Shutting down and abandoning module DerivedDataCache (61)
[2018.04.03-14.43.40:741][781]LogDerivedDataCache: Shutdown
[2018.04.03-14.43.40:741][781]LogModuleManager: Shutting down and abandoning module VulkanShaderFormat (60)
[2018.04.03-14.43.40:742][781]LogModuleManager: Shutting down and abandoning module ShaderFormatOpenGL (59)
[2018.04.03-14.43.40:743][781]LogModuleManager: Shutting down and abandoning module ShaderFormatD3D (58)
[2018.04.03-14.43.40:744][781]LogModuleManager: Shutting down and abandoning module MetalShaderFormat (57)
[2018.04.03-14.43.40:745][781]LogModuleManager: Shutting down and abandoning module TextureFormatUncompressed (56)
[2018.04.03-14.43.40:745][781]LogModuleManager: Shutting down and abandoning module TextureFormatPVR (55)
[2018.04.03-14.43.40:745][781]LogModuleManager: Shutting down and abandoning module TextureFormatDXT (54)
[2018.04.03-14.43.40:746][781]LogModuleManager: Shutting down and abandoning module TextureFormatIntelISPCTexComp (53)
[2018.04.03-14.43.40:748][781]LogModuleManager: Shutting down and abandoning module ImageWrapper (52)
[2018.04.03-14.43.40:748][781]LogModuleManager: Shutting down and abandoning module TextureFormatASTC (51)
[2018.04.03-14.43.40:748][781]LogModuleManager: Shutting down and abandoning module TextureFormatAndroid (50)
[2018.04.03-14.43.40:748][781]LogModuleManager: Shutting down and abandoning module AudioFormatOpus (49)
[2018.04.03-14.43.40:749][781]LogModuleManager: Shutting down and abandoning module AudioFormatOgg (48)
[2018.04.03-14.43.40:750][781]LogModuleManager: Shutting down and abandoning module AudioFormatADPCM (47)
[2018.04.03-14.43.40:750][781]LogModuleManager: Shutting down and abandoning module LinuxTargetPlatform (46)
[2018.04.03-14.43.40:750][781]LogModuleManager: Shutting down and abandoning module LinuxServerTargetPlatform (45)
[2018.04.03-14.43.40:751][781]LogModuleManager: Shutting down and abandoning module LinuxNoEditorTargetPlatform (44)
[2018.04.03-14.43.40:752][781]LogModuleManager: Shutting down and abandoning module LinuxClientTargetPlatform (43)
[2018.04.03-14.43.40:752][781]LogModuleManager: Shutting down and abandoning module TVOSTargetPlatform (42)
[2018.04.03-14.43.40:752][781]LogModuleManager: Shutting down and abandoning module Messaging (41)
[2018.04.03-14.43.40:753][781]LogModuleManager: Shutting down and abandoning module IOSTargetPlatform (40)
[2018.04.03-14.43.40:753][781]LogModuleManager: Shutting down and abandoning module HTML5TargetPlatform (39)
[2018.04.03-14.43.40:753][781]LogModuleManager: Shutting down and abandoning module Android_PVRTCTargetPlatform (38)
[2018.04.03-14.43.40:753][781]LogModuleManager: Shutting down and abandoning module Android_MultiTargetPlatform (37)
[2018.04.03-14.43.40:753][781]LogModuleManager: Shutting down and abandoning module Android_ETC2TargetPlatform (36)
[2018.04.03-14.43.40:753][781]LogModuleManager: Shutting down and abandoning module Android_ETC1TargetPlatform (35)
[2018.04.03-14.43.40:753][781]LogModuleManager: Shutting down and abandoning module Android_DXTTargetPlatform (34)
[2018.04.03-14.43.40:753][781]LogModuleManager: Shutting down and abandoning module Android_ATCTargetPlatform (33)
[2018.04.03-14.43.40:754][781]LogModuleManager: Shutting down and abandoning module Android_ASTCTargetPlatform (32)
[2018.04.03-14.43.40:754][781]LogModuleManager: Shutting down and abandoning module AndroidTargetPlatform (31)
[2018.04.03-14.43.40:754][781]LogModuleManager: Shutting down and abandoning module WindowsTargetPlatform (30)
[2018.04.03-14.43.40:754][781]LogModuleManager: Shutting down and abandoning module WindowsServerTargetPlatform (29)
[2018.04.03-14.43.40:755][781]LogModuleManager: Shutting down and abandoning module WindowsNoEditorTargetPlatform (28)
[2018.04.03-14.43.40:755][781]LogModuleManager: Shutting down and abandoning module WindowsClientTargetPlatform (27)
[2018.04.03-14.43.40:755][781]LogModuleManager: Shutting down and abandoning module AllDesktopTargetPlatform (26)
[2018.04.03-14.43.40:756][781]LogModuleManager: Shutting down and abandoning module TargetPlatform (25)
[2018.04.03-14.43.40:756][781]LogModuleManager: Shutting down and abandoning module InputCore (24)
[2018.04.03-14.43.40:756][781]LogModuleManager: Shutting down and abandoning module Settings (23)
[2018.04.03-14.43.40:756][781]LogModuleManager: Shutting down and abandoning module OculusRift (22)
[2018.04.03-14.43.40:756][781]LogModuleManager: Shutting down and abandoning module GearVR (21)
[2018.04.03-14.43.40:757][781]LogModuleManager: Shutting down and abandoning module ExampleDeviceProfileSelector (20)
[2018.04.03-14.43.40:757][781]LogModuleManager: Shutting down and abandoning module OnlineBlueprintSupport (19)
[2018.04.03-14.43.40:757][781]LogModuleManager: Shutting down and abandoning module OnlineSubsystem (17)
[2018.04.03-14.43.40:757][781]LogOnline:Display: Unloading online subsystem: NULL
[2018.04.03-14.43.40:759][781]LogModuleManager: Shutting down and abandoning module HTTP (16)
[2018.04.03-14.43.40:759][781]LogHttp:Display: Http module shutting down, but needs to wait on 1 outstanding Http requests:
[2018.04.03-14.43.40:759][781]LogHttp:Display: 	verb=[POST] url=[https://datarouter.ol.epicgames.com/datarouter/api/v1/public/data?SessionID=%7BF67551E0-4543-6FAC-A703-A183411E8394%7D&AppID=UEEditor.Rocket.Release&AppVersion=4.13.2-3172292%2B%2B%2BUE4%2BRelease-4.13&UserID=44ce487c4092afbd2190c8867ab4c3f2%7C414d3c5ab47d4357a327ff2aebc54024%7Cedf5556f-7880-427d-8e2a-b9f581e10357&AppEnvironment=datacollector-binary&UploadType=eteventstream] status=Processing
[2018.04.03-14.43.40:794][781]LogModuleManager: Shutting down and abandoning module XMPP (15)
[2018.04.03-14.43.40:795][781]LogModuleManager: Shutting down and abandoning module TextureCompressor (14)
[2018.04.03-14.43.40:797][781]LogModuleManager: Shutting down and abandoning module ShaderCore (13)
[2018.04.03-14.43.40:797][781]LogModuleManager: Shutting down and abandoning module Landscape (12)
[2018.04.03-14.43.40:797][781]LogModuleManager: Shutting down and abandoning module SlateRHIRenderer (11)
[2018.04.03-14.43.40:813][781]LogModuleManager: Shutting down and abandoning module OpenGLDrv (10)
[2018.04.03-14.43.40:814][781]LogModuleManager: Shutting down and abandoning module D3D11RHI (9)
[2018.04.03-14.43.40:814][781]LogModuleManager: Shutting down and abandoning module AnimGraphRuntime (8)
[2018.04.03-14.43.40:814][781]LogModuleManager: Shutting down and abandoning module Renderer (7)
[2018.04.03-14.43.40:814][781]LogModuleManager: Shutting down and abandoning module Engine (6)
[2018.04.03-14.43.40:814][781]LogModuleManager: Shutting down and abandoning module CoreUObject (5)
[2018.04.03-14.43.40:814][781]LogModuleManager: Shutting down and abandoning module NetworkFile (4)
[2018.04.03-14.43.40:815][781]LogModuleManager: Shutting down and abandoning module StreamingFile (3)
[2018.04.03-14.43.40:815][781]LogModuleManager: Shutting down and abandoning module SandboxFile (2)
[2018.04.03-14.43.40:816][781]LogModuleManager: Shutting down and abandoning module PakFile (1)
[2018.04.03-14.43.40:824][781]LogExit: Exiting.
[2018.04.03-14.43.40:840][781]Log file closed, 04/03/18 10:43:40
