Log file open, 04/16/18 14:55:42
LogWindows: Failed to load 'aqProf.dll' (GetLastError=126)
LogWindows: File 'aqProf.dll' does not exist
LogWindows: Failed to load 'VtuneApi.dll' (GetLastError=126)
LogWindows: File 'VtuneApi.dll' does not exist
LogWindows: Failed to load 'VtuneApi32e.dll' (GetLastError=126)
LogWindows: File 'VtuneApi32e.dll' does not exist
LogInit: Display: Running engine for game: gorge
LogPlatformFile: Not using cached read wrapper
LogInit: Display: RandInit(-764205411) SRandInit(-764205411).
LogInit: Read version file with build ID '3944462'
LogInit: Overriding engine version to CL 3989454, compatible CL 3944462
LogInit: Registered custom module enumerator with build ID '3944462'
LogTaskGraph: Started task graph with 5 named threads and 23 total threads with 3 sets of task threads.
LogStats: Stats thread started at 0.265634
LogD3D11RHI: Aftermath initialized
LogICUInternationalization: Display: ICU TimeZone Detection - Raw Offset: -5:00, Platform Override: ''
LogModuleManager: Display: Found up-to-date module file ../../../Engine/Plugins/2D/Paper2D/Binaries/Win64/UE4Editor-Paper2D.dll (API version 3944462).
LogModuleManager: Display: Found up-to-date module file ../../../Engine/Plugins/2D/Paper2D/Binaries/Win64/UE4Editor-Paper2DEditor.dll (API version 3944462).
LogModuleManager: Display: Found up-to-date module file ../../../Engine/Plugins/2D/Paper2D/Binaries/Win64/UE4Editor-PaperSpriteSheetImporter.dll (API version 3944462).
LogModuleManager: Display: Found up-to-date module file ../../../Engine/Plugins/2D/Paper2D/Binaries/Win64/UE4Editor-PaperTiledImporter.dll (API version 3944462).
LogModuleManager: Display: Found up-to-date module file ../../../Engine/Plugins/2D/Paper2D/Binaries/Win64/UE4Editor-SmartSnapping.dll (API version 3944462).
LogModuleManager: Display: Found up-to-date module file ../../../Engine/Plugins/Blendables/LightPropagationVolume/Binaries/Win64/UE4Editor-LightPropagationVolumeRuntime.dll (API version 3944462).
LogModuleManager: Display: Found up-to-date module file ../../../Engine/Plugins/Blendables/LightPropagationVolume/Binaries/Win64/UE4Editor-LightPropagationVolumeEditor.dll (API version 3944462).
LogModuleManager: Display: Found up-to-date module file ../../../Engine/Plugins/Developer/CLionSourceCodeAccess/Binaries/Win64/UE4Editor-CLionSourceCodeAccess.dll (API version 3944462).
LogModuleManager: Display: Found up-to-date module file ../../../Engine/Plugins/Developer/GitSourceControl/Binaries/Win64/UE4Editor-GitSourceControl.dll (API version 3944462).
LogModuleManager: Display: Found up-to-date module file ../../../Engine/Plugins/Developer/PerforceSourceControl/Binaries/Win64/UE4Editor-PerforceSourceControl.dll (API version 3944462).
LogModuleManager: Display: Found up-to-date module file ../../../Engine/Plugins/Developer/SubversionSourceControl/Binaries/Win64/UE4Editor-SubversionSourceControl.dll (API version 3944462).
LogModuleManager: Display: Found up-to-date module file ../../../Engine/Plugins/Developer/UObjectPlugin/Binaries/Win64/UE4Editor-UObjectPlugin.dll (API version 3944462).
LogModuleManager: Display: Found up-to-date module file ../../../Engine/Plugins/Developer/VisualStudioCodeSourceCodeAccess/Binaries/Win64/UE4Editor-VisualStudioCodeSourceCodeAccess.dll (API version 3944462).
LogModuleManager: Display: Found up-to-date module file ../../../Engine/Plugins/Developer/VisualStudioSourceCodeAccess/Binaries/Win64/UE4Editor-VisualStudioSourceCodeAccess.dll (API version 3944462).
LogModuleManager: Display: Found up-to-date module file ../../../Engine/Plugins/Editor/AssetManagerEditor/Binaries/Win64/UE4Editor-AssetManagerEditor.dll (API version 3944462).
LogModuleManager: Display: Found up-to-date module file ../../../Engine/Plugins/Editor/CryptoKeys/Binaries/Win64/UE4Editor-CryptoKeys.dll (API version 3944462).
LogModuleManager: Display: Found up-to-date module file ../../../Engine/Plugins/Editor/CryptoKeys/Binaries/Win64/UE4Editor-CryptoKeysOpenSSL.dll (API version 3944462).
LogModuleManager: Display: Found up-to-date module file ../../../Engine/Plugins/Editor/DataValidation/Binaries/Win64/UE4Editor-DataValidation.dll (API version 3944462).
LogModuleManager: Display: Found up-to-date module file ../../../Engine/Plugins/Editor/FacialAnimation/Binaries/Win64/UE4Editor-FacialAnimation.dll (API version 3944462).
LogModuleManager: Display: Found up-to-date module file ../../../Engine/Plugins/Editor/FacialAnimation/Binaries/Win64/UE4Editor-FacialAnimationEditor.dll (API version 3944462).
LogModuleManager: Display: Found up-to-date module file ../../../Engine/Plugins/Editor/GameplayTagsEditor/Binaries/Win64/UE4Editor-GameplayTagsEditor.dll (API version 3944462).
LogModuleManager: Display: Found up-to-date module file ../../../Engine/Plugins/Editor/MobileLauncherProfileWizard/Binaries/Win64/UE4Editor-MobileLauncherProfileWizard.dll (API version 3944462).
LogModuleManager: Display: Found up-to-date module file ../../../Engine/Plugins/Editor/PluginBrowser/Binaries/Win64/UE4Editor-PluginBrowser.dll (API version 3944462).
LogModuleManager: Display: Found up-to-date module file ../../../Engine/Plugins/Editor/SpeedTreeImporter/Binaries/Win64/UE4Editor-SpeedTreeImporter.dll (API version 3944462).
LogModuleManager: Display: Found up-to-date module file ../../../Engine/Plugins/Enterprise/DatasmithContent/Binaries/Win64/UE4Editor-DatasmithContent.dll (API version 3944462).
LogModuleManager: Display: Found up-to-date module file ../../../Engine/Plugins/Experimental/AlembicImporter/Binaries/Win64/UE4Editor-AlembicImporter.dll (API version 3944462).
LogModuleManager: Display: Found up-to-date module file ../../../Engine/Plugins/Experimental/AlembicImporter/Binaries/Win64/UE4Editor-AlembicLibrary.dll (API version 3944462).
LogModuleManager: Display: Found up-to-date module file ../../../Engine/Plugins/Experimental/CharacterAI/Binaries/Win64/UE4Editor-CharacterAI.dll (API version 3944462).
LogModuleManager: Display: Found up-to-date module file ../../../Engine/Plugins/Experimental/HTML5Networking/Binaries/Win64/UE4Editor-HTML5Networking.dll (API version 3944462).
LogModuleManager: Display: Found up-to-date module file ../../../Engine/Plugins/Media/AndroidMedia/Binaries/Win64/UE4Editor-AndroidMediaEditor.dll (API version 3944462).
LogModuleManager: Display: Found up-to-date module file ../../../Engine/Plugins/Media/AndroidMedia/Binaries/Win64/UE4Editor-AndroidMediaFactory.dll (API version 3944462).
LogModuleManager: Display: Found up-to-date module file ../../../Engine/Plugins/Media/AvfMedia/Binaries/Win64/UE4Editor-AvfMediaEditor.dll (API version 3944462).
LogModuleManager: Display: Found up-to-date module file ../../../Engine/Plugins/Media/AvfMedia/Binaries/Win64/UE4Editor-AvfMediaFactory.dll (API version 3944462).
LogModuleManager: Display: Found up-to-date module file ../../../Engine/Plugins/Media/AvfMedia/Binaries/Win64/UE4Editor-AvfMediaFactory.dll (API version 3944462).
LogModuleManager: Display: Found up-to-date module file ../../../Engine/Plugins/Media/ImgMedia/Binaries/Win64/UE4Editor-ImgMedia.dll (API version 3944462).
LogModuleManager: Display: Found up-to-date module file ../../../Engine/Plugins/Media/ImgMedia/Binaries/Win64/UE4Editor-ImgMediaEditor.dll (API version 3944462).
LogModuleManager: Display: Found up-to-date module file ../../../Engine/Plugins/Media/ImgMedia/Binaries/Win64/UE4Editor-ImgMediaFactory.dll (API version 3944462).
LogModuleManager: Display: Found up-to-date module file ../../../Engine/Plugins/Media/ImgMedia/Binaries/Win64/UE4Editor-ImgMediaFactory.dll (API version 3944462).
LogModuleManager: Display: Found up-to-date module file ../../../Engine/Plugins/Media/ImgMedia/Binaries/Win64/UE4Editor-OpenExrWrapper.dll (API version 3944462).
LogModuleManager: Display: Found up-to-date module file ../../../Engine/Plugins/Media/LinearTimecode/Binaries/Win64/UE4Editor-LinearTimecode.dll (API version 3944462).
LogModuleManager: Display: Found up-to-date module file ../../../Engine/Plugins/Media/MediaCompositing/Binaries/Win64/UE4Editor-MediaCompositing.dll (API version 3944462).
LogModuleManager: Display: Found up-to-date module file ../../../Engine/Plugins/Media/MediaCompositing/Binaries/Win64/UE4Editor-MediaCompositingEditor.dll (API version 3944462).
LogModuleManager: Display: Found up-to-date module file ../../../Engine/Plugins/Media/MediaPlayerEditor/Binaries/Win64/UE4Editor-MediaPlayerEditor.dll (API version 3944462).
LogModuleManager: Display: Found up-to-date module file ../../../Engine/Plugins/Media/WmfMedia/Binaries/Win64/UE4Editor-WmfMedia.dll (API version 3944462).
LogModuleManager: Display: Found up-to-date module file ../../../Engine/Plugins/Media/WmfMedia/Binaries/Win64/UE4Editor-WmfMediaEditor.dll (API version 3944462).
LogModuleManager: Display: Found up-to-date module file ../../../Engine/Plugins/Media/WmfMedia/Binaries/Win64/UE4Editor-WmfMediaFactory.dll (API version 3944462).
LogModuleManager: Display: Found up-to-date module file ../../../Engine/Plugins/Media/WmfMedia/Binaries/Win64/UE4Editor-WmfMediaFactory.dll (API version 3944462).
LogModuleManager: Display: Found up-to-date module file ../../../Engine/Plugins/Messaging/TcpMessaging/Binaries/Win64/UE4Editor-TcpMessaging.dll (API version 3944462).
LogModuleManager: Display: Found up-to-date module file ../../../Engine/Plugins/Messaging/UdpMessaging/Binaries/Win64/UE4Editor-UdpMessaging.dll (API version 3944462).
LogModuleManager: Display: Found up-to-date module file ../../../Engine/Plugins/MovieScene/ActorSequence/Binaries/Win64/UE4Editor-ActorSequence.dll (API version 3944462).
LogModuleManager: Display: Found up-to-date module file ../../../Engine/Plugins/MovieScene/LevelSequenceEditor/Binaries/Win64/UE4Editor-LevelSequenceEditor.dll (API version 3944462).
LogModuleManager: Display: Found up-to-date module file ../../../Engine/Plugins/MovieScene/MatineeToLevelSequence/Binaries/Win64/UE4Editor-MatineeToLevelSequence.dll (API version 3944462).
LogModuleManager: Display: Found up-to-date module file ../../../Engine/Plugins/NetcodeUnitTest/NetcodeUnitTest/Binaries/Win64/UE4Editor-NetcodeUnitTest.dll (API version 3944462).
LogModuleManager: Display: Found up-to-date module file ../../../Engine/Plugins/NetcodeUnitTest/NUTUnrealEngine4/Binaries/Win64/UE4Editor-NUTUnrealEngine4.dll (API version 3944462).
LogModuleManager: Display: Found up-to-date module file ../../../Engine/Plugins/Online/OnlineSubsystem/Binaries/Win64/UE4Editor-OnlineSubsystem.dll (API version 3944462).
LogModuleManager: Display: Found up-to-date module file ../../../Engine/Plugins/Runtime/AndroidPermission/Binaries/Win64/UE4Editor-AndroidPermission.dll (API version 3944462).
LogModuleManager: Display: Found up-to-date module file ../../../Engine/Plugins/Online/OnlineSubsystemNull/Binaries/Win64/UE4Editor-OnlineSubsystemNull.dll (API version 3944462).
LogModuleManager: Display: Found up-to-date module file ../../../Engine/Plugins/Online/OnlineSubsystemUtils/Binaries/Win64/UE4Editor-OnlineSubsystemUtils.dll (API version 3944462).
LogModuleManager: Display: Found up-to-date module file ../../../Engine/Plugins/Online/OnlineSubsystemUtils/Binaries/Win64/UE4Editor-OnlineBlueprintSupport.dll (API version 3944462).
LogModuleManager: Display: Found up-to-date module file ../../../Engine/Plugins/Runtime/AndroidDeviceProfileSelector/Binaries/Win64/UE4Editor-AndroidDeviceProfileSelector.dll (API version 3944462).
LogModuleManager: Display: Found up-to-date module file ../../../Engine/Plugins/Runtime/AppleARKit/Binaries/Win64/UE4Editor-AppleARKit.dll (API version 3944462).
LogModuleManager: Display: Found up-to-date module file ../../../Engine/Plugins/Runtime/ProceduralMeshComponent/Binaries/Win64/UE4Editor-ProceduralMeshComponent.dll (API version 3944462).
LogModuleManager: Display: Found up-to-date module file ../../../Engine/Plugins/Runtime/ProceduralMeshComponent/Binaries/Win64/UE4Editor-ProceduralMeshComponentEditor.dll (API version 3944462).
LogModuleManager: Display: Found up-to-date module file ../../../Engine/Plugins/Animation/LiveLink/Binaries/Win64/UE4Editor-LiveLink.dll (API version 3944462).
LogModuleManager: Display: Found up-to-date module file ../../../Engine/Plugins/Animation/LiveLink/Binaries/Win64/UE4Editor-LiveLinkEditor.dll (API version 3944462).
LogModuleManager: Display: Found up-to-date module file ../../../Engine/Plugins/Runtime/ArchVisCharacter/Binaries/Win64/UE4Editor-ArchVisCharacter.dll (API version 3944462).
LogModuleManager: Display: Found up-to-date module file ../../../Engine/Plugins/Runtime/AudioCapture/Binaries/Win64/UE4Editor-AudioCapture.dll (API version 3944462).
LogModuleManager: Display: Found up-to-date module file ../../../Engine/Plugins/Runtime/AudioCapture/Binaries/Win64/UE4Editor-AudioCaptureEditor.dll (API version 3944462).
LogModuleManager: Display: Found up-to-date module file ../../../Engine/Plugins/Runtime/CableComponent/Binaries/Win64/UE4Editor-CableComponent.dll (API version 3944462).
LogModuleManager: Display: Found up-to-date module file ../../../Engine/Plugins/Runtime/CustomMeshComponent/Binaries/Win64/UE4Editor-CustomMeshComponent.dll (API version 3944462).
LogModuleManager: Display: Found up-to-date module file ../../../Engine/Plugins/Runtime/ExampleDeviceProfileSelector/Binaries/Win64/UE4Editor-ExampleDeviceProfileSelector.dll (API version 3944462).
LogModuleManager: Display: Found up-to-date module file ../../../Engine/Plugins/Runtime/ImmediatePhysics/Binaries/Win64/UE4Editor-ImmediatePhysics.dll (API version 3944462).
LogModuleManager: Display: Found up-to-date module file ../../../Engine/Plugins/Runtime/ImmediatePhysics/Binaries/Win64/UE4Editor-ImmediatePhysicsEditor.dll (API version 3944462).
LogModuleManager: Display: Found up-to-date module file ../../../Engine/Plugins/Runtime/LocationServicesBPLibrary/Binaries/Win64/UE4Editor-LocationServicesBPLibrary.dll (API version 3944462).
LogModuleManager: Display: Found up-to-date module file ../../../Engine/Plugins/Runtime/MobilePatchingUtils/Binaries/Win64/UE4Editor-MobilePatchingUtils.dll (API version 3944462).
LogModuleManager: Display: Found up-to-date module file ../../../Engine/Plugins/Runtime/Oculus/OculusVR/Binaries/Win64/UE4Editor-OculusHMD.dll (API version 3944462).
LogModuleManager: Display: Found up-to-date module file ../../../Engine/Plugins/Runtime/Oculus/OculusVR/Binaries/Win64/UE4Editor-OculusInput.dll (API version 3944462).
LogModuleManager: Display: Found up-to-date module file ../../../Engine/Plugins/Runtime/Oculus/OculusVR/Binaries/Win64/UE4Editor-OculusEditor.dll (API version 3944462).
LogModuleManager: Display: Found up-to-date module file ../../../Engine/Plugins/Runtime/PhysXVehicles/Binaries/Win64/UE4Editor-PhysXVehicles.dll (API version 3944462).
LogModuleManager: Display: Found up-to-date module file ../../../Engine/Plugins/Runtime/PhysXVehicles/Binaries/Win64/UE4Editor-PhysXVehiclesEditor.dll (API version 3944462).
LogModuleManager: Display: Found up-to-date module file ../../../Engine/Plugins/Runtime/RuntimePhysXCooking/Binaries/Win64/UE4Editor-RuntimePhysXCooking.dll (API version 3944462).
LogModuleManager: Display: Found up-to-date module file ../../../Engine/Plugins/Runtime/Steam/SteamVR/Binaries/Win64/UE4Editor-SteamVR.dll (API version 3944462).
LogModuleManager: Display: Found up-to-date module file ../../../Engine/Plugins/Runtime/Steam/SteamVR/Binaries/Win64/UE4Editor-SteamVRController.dll (API version 3944462).
LogModuleManager: Display: Found up-to-date module file ../../../Engine/Plugins/Runtime/WindowsMoviePlayer/Binaries/Win64/UE4Editor-WindowsMoviePlayer.dll (API version 3944462).
LogPluginManager: Mounting plugin Paper2D
LogPluginManager: Mounting plugin LiveLink
LogPluginManager: Mounting plugin LightPropagationVolume
LogPluginManager: Mounting plugin CLionSourceCodeAccess
LogPluginManager: Mounting plugin CodeLiteSourceCodeAccess
LogPluginManager: Mounting plugin GitSourceControl
LogPluginManager: Mounting plugin KDevelopSourceCodeAccess
LogPluginManager: Mounting plugin NullSourceCodeAccess
LogPluginManager: Mounting plugin PerforceSourceControl
LogPluginManager: Mounting plugin SubversionSourceControl
LogPluginManager: Mounting plugin UObjectPlugin
LogPluginManager: Mounting plugin VisualStudioCodeSourceCodeAccess
LogPluginManager: Mounting plugin VisualStudioSourceCodeAccess
LogPluginManager: Mounting plugin XCodeSourceCodeAccess
LogPluginManager: Mounting plugin AssetManagerEditor
LogPluginManager: Mounting plugin CryptoKeys
LogPluginManager: Mounting plugin DataValidation
LogPluginManager: Mounting plugin FacialAnimation
LogPluginManager: Mounting plugin GameplayTagsEditor
LogPluginManager: Mounting plugin MobileLauncherProfileWizard
LogPluginManager: Mounting plugin PluginBrowser
LogPluginManager: Mounting plugin SpeedTreeImporter
LogPluginManager: Mounting plugin DatasmithContent
LogPluginManager: Mounting plugin AlembicImporter
LogPluginManager: Mounting plugin CharacterAI
LogPluginManager: Mounting plugin HTML5Networking
LogPluginManager: Mounting plugin AndroidMedia
LogPluginManager: Mounting plugin AvfMedia
LogPluginManager: Mounting plugin ImgMedia
LogPluginManager: Mounting plugin LinearTimecode
LogPluginManager: Mounting plugin MediaCompositing
LogPluginManager: Mounting plugin MediaPlayerEditor
LogPluginManager: Mounting plugin WmfMedia
LogPluginManager: Mounting plugin TcpMessaging
LogPluginManager: Mounting plugin UdpMessaging
LogPluginManager: Mounting plugin ActorSequence
LogPluginManager: Mounting plugin LevelSequenceEditor
LogPluginManager: Mounting plugin MatineeToLevelSequence
LogPluginManager: Mounting plugin NetcodeUnitTest
LogPluginManager: Mounting plugin NUTUnrealEngine4
LogPluginManager: Mounting plugin OnlineSubsystemGooglePlay
LogPluginManager: Mounting plugin OnlineSubsystemIOS
LogPluginManager: Mounting plugin OnlineSubsystem
LogPluginManager: Mounting plugin OnlineSubsystemNull
LogPluginManager: Mounting plugin OnlineSubsystemUtils
LogPluginManager: Mounting plugin AndroidDeviceProfileSelector
LogPluginManager: Mounting plugin AndroidMoviePlayer
LogPluginManager: Mounting plugin AndroidPermission
LogPluginManager: Mounting plugin AppleARKit
LogPluginManager: Mounting plugin AppleMoviePlayer
LogPluginManager: Mounting plugin ArchVisCharacter
LogPluginManager: Mounting plugin AudioCapture
LogPluginManager: Mounting plugin CableComponent
LogPluginManager: Mounting plugin CustomMeshComponent
LogPluginManager: Mounting plugin ExampleDeviceProfileSelector
LogPluginManager: Mounting plugin GoogleCloudMessaging
LogPluginManager: Mounting plugin ImmediatePhysics
LogPluginManager: Mounting plugin IOSDeviceProfileSelector
LogPluginManager: Mounting plugin LinuxDeviceProfileSelector
LogPluginManager: Mounting plugin LocationServicesBPLibrary
LogPluginManager: Mounting plugin MobilePatchingUtils
LogPluginManager: Mounting plugin OculusVR
LogPluginManager: Plugin shader directory ../../../Engine/Plugins/Runtime/Oculus/OculusVR/Shaders found
LogPluginManager: Mapping shader source directory ../../../Engine/Plugins/Runtime/Oculus/OculusVR/Shaders to virtual directory /Plugin/OculusVR
LogPluginManager: Mounting plugin PhysXVehicles
LogPluginManager: Mounting plugin ProceduralMeshComponent
LogPluginManager: Mounting plugin RuntimePhysXCooking
LogPluginManager: Mounting plugin SteamVR
LogPluginManager: Mounting plugin WindowsMoviePlayer
LogStreaming: Display: Took  0.886s to configure plugins.
LogInit: Using libcurl 7.47.1
LogInit:  - built for x86_64-pc-win32
LogInit:  - supports SSL with OpenSSL/1.0.2g
LogInit:  - supports HTTP deflate (compression) using libz 1.2.8
LogInit:  - other features:
LogInit:      CURL_VERSION_SSL
LogInit:      CURL_VERSION_LIBZ
LogInit:      CURL_VERSION_IPV6
LogInit:      CURL_VERSION_ASYNCHDNS
LogInit:      CURL_VERSION_LARGEFILE
LogInit:      CURL_VERSION_IDN
LogInit:  CurlRequestOptions (configurable via config and command line):
LogInit:  - bVerifyPeer = false  - Libcurl will NOT verify peer certificate
LogInit:  - bUseHttpProxy = false  - Libcurl will NOT use HTTP proxy
LogInit:  - bDontReuseConnections = false  - Libcurl will reuse connections
LogInit:  - CertBundlePath = nullptr  - Libcurl will use whatever was configured at build time.
LogInit:  - MaxHostConnections = 16  - Libcurl will limit the number of connections to a host
LogInit:  - LocalHostAddr = Default
LogInit: WinSock: version 1.1 (2.2), MaxSocks=32767, MaxUdp=65467
LogInit: WinSock: I am DESKTOP-6TOG4S6 (192.168.0.20:0)
LogInit: Build: ++UE4+Release-4.19-CL-3989454
LogInit: Engine Version: 4.19.1-3989454+++UE4+Release-4.19
LogInit: Compatible Engine Version: 4.19.0-3944462+++UE4+Release-4.19
LogInit: Net CL: 3944462
LogDevObjectVersion: Number of dev versions registered: 18
LogDevObjectVersion:   Dev-Blueprints (B0D832E4-1F89-4F0D-ACCF-7EB736FD4AA2): 10
LogDevObjectVersion:   Dev-Build (E1C64328-A22C-4D53-A36C-8E866417BD8C): 0
LogDevObjectVersion:   Dev-Core (375EC13C-06E4-48FB-B500-84F0262A717E): 2
LogDevObjectVersion:   Dev-Editor (E4B068ED-F494-42E9-A231-DA0B2E46BB41): 23
LogDevObjectVersion:   Dev-Framework (CFFC743F-43B0-4480-9391-14DF171D2073): 33
LogDevObjectVersion:   Dev-Mobile (B02B49B5-BB20-44E9-A304-32B752E40360): 2
LogDevObjectVersion:   Dev-Networking (A4E4105C-59A1-49B5-A7C5-40C4547EDFEE): 0
LogDevObjectVersion:   Dev-Online (39C831C9-5AE6-47DC-9A44-9C173E1C8E7C): 0
LogDevObjectVersion:   Dev-Physics (78F01B33-EBEA-4F98-B9B4-84EACCB95AA2): 0
LogDevObjectVersion:   Dev-Platform (6631380F-2D4D-43E0-8009-CF276956A95A): 0
LogDevObjectVersion:   Dev-Rendering (12F88B9F-8875-4AFC-A67C-D90C383ABD29): 25
LogDevObjectVersion:   Dev-Sequencer (7B5AE74C-D270-4C10-A958-57980B212A5A): 6
LogDevObjectVersion:   Dev-VR (D7296918-1DD6-4BDD-9DE2-64A83CC13884): 1
LogDevObjectVersion:   Dev-LoadTimes (C2A15278-BFE7-4AFE-6C17-90FF531DF755): 1
LogDevObjectVersion:   Private-Geometry (6EACA3D4-40EC-4CC1-B786-8BED09428FC5): 2
LogDevObjectVersion:   Dev-AnimPhys (29E575DD-E0A3-4627-9D10-D276232CDCEA): 16
LogDevObjectVersion:   Dev-ReflectionCapture (6B266CEC-1EC7-4B8F-A30B-E4D90942FC07): 1
LogDevObjectVersion:   Dev-Automation (0DF73D61-A23F-47EA-B727-89E90C41499A): 1
LogInit: Compiled (64-bit): Apr  6 2018 12:26:04
LogInit: Compiled with Visual C++: 19.00.24215.01
LogInit: Build Configuration: Development
LogInit: Branch Name: ++UE4+Release-4.19
LogInit: Command Line: -EpicPortal 
LogInit: Base Directory: C:/Program Files/Epic Games/UE_4.19/Engine/Binaries/Win64/
LogInit: Installed Engine Build: 1
LogStreaming: Display: Took  0.000s to delete old logs.
LogInit: Presizing for max 8388607 objects, including 0 objects not considered by GC, pre-allocating 0 bytes for permanent pool.
LogInit: Object subsystem initialized
[2018.04.16-18.55.43:226][  0]LogInit: Selected Device Profile: [Windows]
[2018.04.16-18.55.43:226][  0]LogInit: Applying CVar settings loaded from the selected device profile: [Windows]
[2018.04.16-18.55.43:242][  0]LogInit: Computer: DESKTOP-6TOG4S6
[2018.04.16-18.55.43:242][  0]LogInit: User: Caroline
[2018.04.16-18.55.43:242][  0]LogInit: CPU Page size=4096, Cores=4
[2018.04.16-18.55.43:242][  0]LogInit: High frequency timer resolution =3.410072 MHz
[2018.04.16-18.55.43:242][  0]LogMemory: Memory total: Physical=16.0GB (16GB approx)
[2018.04.16-18.55.43:242][  0]LogMemory: Platform Memory Stats for Windows
[2018.04.16-18.55.43:242][  0]LogMemory: Process Physical Memory: 276.37 MB used, 276.37 MB peak
[2018.04.16-18.55.43:242][  0]LogMemory: Process Virtual Memory: 264.57 MB used, 264.57 MB peak
[2018.04.16-18.55.43:242][  0]LogMemory: Physical Memory: 10821.57 MB used,  5513.80 MB free, 16335.37 MB total
[2018.04.16-18.55.43:242][  0]LogMemory: Virtual Memory: 693.39 MB used,  5513.80 MB free, 134217728.00 MB total
[2018.04.16-18.55.43:258][  0]LogInit: Using OS detected language (en-US).
[2018.04.16-18.55.43:258][  0]LogInit: Using OS detected locale (en-US).
[2018.04.16-18.55.43:260][  0]LogTextLocalizationManager: No specific localization for 'en-US' exists, so the 'en' localization will be used.
[2018.04.16-18.55.43:631][  0]LogStreaming: Display: Took  0.374s to EndInitTextLocalization.
[2018.04.16-18.55.43:631][  0]LogInit: Setting process to per monitor DPI aware
[2018.04.16-18.55.43:657][  0]LogSlate: New Slate User Created.  User Index 0, Is Virtual User: 0
[2018.04.16-18.55.43:657][  0]LogSlate: Slate User Registered.  User Index 0, Is Virtual User: 0
[2018.04.16-18.55.43:817][  0]LogD3D11RHI: D3D11 adapters:
[2018.04.16-18.55.43:847][  0]LogD3D11RHI:    0. 'NVIDIA GeForce GTX 1070 Ti' (Feature Level 11_0)
[2018.04.16-18.55.43:847][  0]LogD3D11RHI:       8080/0/8167 MB DedicatedVideo/DedicatedSystem/SharedSystem, Outputs:1, VendorId:0x10de
[2018.04.16-18.55.43:849][  0]LogD3D11RHI:    1. 'Microsoft Basic Render Driver' (Feature Level 11_0)
[2018.04.16-18.55.43:849][  0]LogD3D11RHI:       0/0/8167 MB DedicatedVideo/DedicatedSystem/SharedSystem, Outputs:0, VendorId:0x1414
[2018.04.16-18.55.43:849][  0]LogD3D11RHI: Chosen D3D11 Adapter: 0
[2018.04.16-18.55.43:866][  0]LogD3D11RHI: Creating new Direct3DDevice
[2018.04.16-18.55.43:866][  0]LogD3D11RHI:     GPU DeviceId: 0x1b82 (for the marketing name, search the web for "GPU Device Id")
[2018.04.16-18.55.43:866][  0]LogWindows: EnumDisplayDevices:
[2018.04.16-18.55.43:866][  0]LogWindows:    0. 'NVIDIA GeForce GTX 1070 Ti' (P:1 D:1)
[2018.04.16-18.55.43:866][  0]LogWindows:    1. 'NVIDIA GeForce GTX 1070 Ti' (P:0 D:0)
[2018.04.16-18.55.43:866][  0]LogWindows:    2. 'NVIDIA GeForce GTX 1070 Ti' (P:0 D:0)
[2018.04.16-18.55.43:866][  0]LogWindows:    3. 'NVIDIA GeForce GTX 1070 Ti' (P:0 D:0)
[2018.04.16-18.55.43:866][  0]LogWindows: DebugString: GetVideoDriverDetailsInvalid PrimaryIsNotTheChoosenAdapter GetVideoDriverDetailsInvalid PrimaryIsNotTheChoosenAdapter GetVideoDriverDetailsInvalid PrimaryIsNotTheChoosenAdapter GetVideoDriverDetailsInvalid PrimaryIsNotTheChoosenAdapter FoundDriverCount:0 
[2018.04.16-18.55.43:866][  0]LogD3D11RHI:     Adapter Name: NVIDIA GeForce GTX 1070 Ti
[2018.04.16-18.55.43:866][  0]LogD3D11RHI:   Driver Version: Unknown (internal:Unknown, unified:Unknown)
[2018.04.16-18.55.43:866][  0]LogD3D11RHI:      Driver Date: Unknown
[2018.04.16-18.55.43:866][  0]LogRHI: Texture pool is 5656 MB (70% of 8080 MB)
[2018.04.16-18.55.43:887][  0]LogD3D11RHI: [Aftermath] Aftermath enabled and primed
[2018.04.16-18.55.43:887][  0]LogD3D11RHI: [Aftermath] Aftermath enabled and primed
[2018.04.16-18.55.43:887][  0]LogD3D11RHI: Async texture creation enabled
[2018.04.16-18.55.43:914][  0]LogD3D11RHI: GPU Timing Frequency: 1000.000000 (Debug: 2 2)
[2018.04.16-18.55.43:956][  0]LogShaderCompilers: Guid format shader working directory is -32 characters bigger than the processId version (../../../../../../Users/Caroline/Documents/College/Level Design/gorge/gorge 4.19/Intermediate/Shaders/WorkingDirectory/75512/).
[2018.04.16-18.55.43:956][  0]LogShaderCompilers: Cleaned the shader compiler working directory 'C:/Users/Caroline/AppData/Local/Temp/UnrealShaderWorkingDir/12FFEEAB4F11C45D413546827E3E6DED/'.
[2018.04.16-18.55.44:139][  0]LogTemp: Display: Loaded TP AllDesktopTargetPlatform
[2018.04.16-18.55.44:151][  0]LogTemp: Display: Loaded TP MacClientTargetPlatform
[2018.04.16-18.55.44:162][  0]LogTemp: Display: Loaded TP MacNoEditorTargetPlatform
[2018.04.16-18.55.44:174][  0]LogTemp: Display: Loaded TP MacServerTargetPlatform
[2018.04.16-18.55.44:186][  0]LogTemp: Display: Loaded TP MacTargetPlatform
[2018.04.16-18.55.44:198][  0]LogTemp: Display: Loaded TP WindowsClientTargetPlatform
[2018.04.16-18.55.44:210][  0]LogTemp: Display: Loaded TP WindowsNoEditorTargetPlatform
[2018.04.16-18.55.44:222][  0]LogTemp: Display: Loaded TP WindowsServerTargetPlatform
[2018.04.16-18.55.44:228][  0]LogTemp: Display: Loaded TP WindowsTargetPlatform
[2018.04.16-18.55.44:239][  0]LogTemp: Display: Loaded TP Android_ASTCTargetPlatform
[2018.04.16-18.55.44:249][  0]LogTemp: Display: Loaded TP Android_ATCTargetPlatform
[2018.04.16-18.55.44:259][  0]LogTemp: Display: Loaded TP Android_DXTTargetPlatform
[2018.04.16-18.55.44:269][  0]LogTemp: Display: Loaded TP Android_ETC1aTargetPlatform
[2018.04.16-18.55.44:280][  0]LogTemp: Display: Loaded TP Android_ETC1TargetPlatform
[2018.04.16-18.55.44:290][  0]LogTemp: Display: Loaded TP Android_ETC2TargetPlatform
[2018.04.16-18.55.44:310][  0]LogTemp: Display: Loaded TP Android_MultiTargetPlatform
[2018.04.16-18.55.44:310][  0]LogTemp: Display: Loaded TP Android_PVRTCTargetPlatform
[2018.04.16-18.55.44:320][  0]LogTemp: Display: Loaded TP AndroidTargetPlatform
[2018.04.16-18.55.44:321][  0]LogTemp: Display: Loaded TP HTML5TargetPlatform
[2018.04.16-18.55.44:356][  0]LogTemp: Display: Loaded TP IOSTargetPlatform
[2018.04.16-18.55.44:367][  0]LogTemp: Display: Loaded TP TVOSTargetPlatform
[2018.04.16-18.55.44:377][  0]LogTemp: Display: Loaded TP LinuxClientTargetPlatform
[2018.04.16-18.55.44:387][  0]LogTemp: Display: Loaded TP LinuxNoEditorTargetPlatform
[2018.04.16-18.55.44:398][  0]LogTemp: Display: Loaded TP LinuxServerTargetPlatform
[2018.04.16-18.55.44:409][  0]LogTemp: Display: Loaded TP LinuxTargetPlatform
[2018.04.16-18.55.44:409][  0]LogTargetPlatformManager: Display: Building Assets For Windows
[2018.04.16-18.55.44:503][  0]LogXGEController: Cannot use XGE Controller as Incredibuild is not installed on this machine.
[2018.04.16-18.55.44:503][  0]LogShaderCompilers: Cannot use XGE Shader Compiler as Incredibuild is not installed on this machine.
[2018.04.16-18.55.44:503][  0]LogShaderCompilers: Display: Using Local Shader Compiler.
[2018.04.16-18.55.45:139][  0]LogDerivedDataCache: Display: Max Cache Size: 512 MB
[2018.04.16-18.55.45:204][  0]LogDerivedDataCache: Loaded boot cache 0.07s 74MB C:/Users/Caroline/AppData/Local/UnrealEngine/4.19/DerivedDataCache/Boot.ddc.
[2018.04.16-18.55.45:204][  0]LogDerivedDataCache: Display: Loaded Boot cache: C:/Users/Caroline/AppData/Local/UnrealEngine/4.19/DerivedDataCache/Boot.ddc
[2018.04.16-18.55.45:204][  0]LogDerivedDataCache: FDerivedDataBackendGraph:  Pak pak cache file ../../../../../../Users/Caroline/Documents/College/Level Design/gorge/gorge 4.19/DerivedDataCache/DDC.ddp not found, will not use a pak cache.
[2018.04.16-18.55.45:204][  0]LogDerivedDataCache: Unable to find inner node Pak for hierarchical cache Hierarchy.
[2018.04.16-18.55.45:204][  0]LogDerivedDataCache: FDerivedDataBackendGraph:  CompressedPak pak cache file ../../../../../../Users/Caroline/Documents/College/Level Design/gorge/gorge 4.19/DerivedDataCache/Compressed.ddp not found, will not use a pak cache.
[2018.04.16-18.55.45:204][  0]LogDerivedDataCache: Unable to find inner node CompressedPak for hierarchical cache Hierarchy.
[2018.04.16-18.55.45:219][  0]LogDerivedDataCache: Display: Pak cache opened for reading ../../../Engine/DerivedDataCache/Compressed.ddp.
[2018.04.16-18.55.45:231][  0]LogDerivedDataCache: Using Local data cache path C:/Users/Caroline/AppData/Local/UnrealEngine/Common/DerivedDataCache: Writable
[2018.04.16-18.55.45:241][  0]LogMaterial: Verifying Global Shaders for PCD3D_SM5
[2018.04.16-18.55.45:241][  0]LogSlate: Using Freetype 2.6.0
[2018.04.16-18.55.45:242][  0]LogSlate: SlateFontCache - WITH_FREETYPE: 1, WITH_HARFBUZZ: 1
[2018.04.16-18.55.45:242][  0]LogSlate: SlateFontCache - WITH_FREETYPE: 1, WITH_HARFBUZZ: 1
[2018.04.16-18.55.45:352][  0]LogAssetRegistry: FAssetRegistry took 0.0258 seconds to start up
[2018.04.16-18.55.45:649][  0]LogInit: Selected Device Profile: [Windows]
[2018.04.16-18.55.45:791][  0]LogSimplygon: Simplygon DLL not present - disabling.
[2018.04.16-18.55.45:793][  0]LogMeshReduction: Using SimplygonSwarm for distributed automatic mesh merging
[2018.04.16-18.55.45:794][  0]LogMeshReduction: Using QuadricMeshReduction for automatic static mesh reduction
[2018.04.16-18.55.45:794][  0]LogMeshReduction: No automatic skeletal mesh reduction module available
[2018.04.16-18.55.45:794][  0]LogMeshReduction: No automatic mesh merging module available
[2018.04.16-18.55.45:794][  0]LogMeshMerging: No automatic mesh merging module available
[2018.04.16-18.55.45:821][  0]LogNetVersion: gorge , NetCL: 3944462, EngineNetVer: 2, GameNetVer: 0 (Checksum: 2564599181)
[2018.04.16-18.55.46:277][  0]LogPackageLocalizationCache: Processed 9 localized package path(s) for 2 prioritized culture(s) in 0.095740 seconds
[2018.04.16-18.55.46:282][  0]LogUObjectArray: 36728 objects as part of root set at end of initial load.
[2018.04.16-18.55.46:282][  0]LogUObjectAllocator: 7314304 out of 0 bytes used by permanent object pool.
[2018.04.16-18.55.46:282][  0]LogUObjectArray: CloseDisregardForGC: 0/0 objects in disregard for GC pool
[2018.04.16-18.55.47:717][  0]LogTcpMessaging: Initializing TcpMessaging bridge
[2018.04.16-18.55.47:743][  0]LogUdpMessaging: Initializing bridge on interface 0.0.0.0:0 to multicast group 230.0.0.1:6666.
[2018.04.16-18.55.48:063][  0]SourceControl: Source control is disabled
[2018.04.16-18.55.48:063][  0]SourceControl: Source control is disabled
[2018.04.16-18.55.48:078][  0]SourceControl: Source control is disabled
[2018.04.16-18.55.48:093][  0]SourceControl: Source control is disabled
[2018.04.16-18.55.48:511][  0]LogAndroidPermission: UAndroidPermissionCallbackProxy::GetInstance
[2018.04.16-18.55.48:635][  0]LogOcInput: OculusInput pre-init called
[2018.04.16-18.55.48:742][  0]LogEngine: Initializing Engine...
[2018.04.16-18.55.48:743][  0]LogHMD: Failed to initialize OpenVR with code 110
[2018.04.16-18.55.48:744][  0]LogStats: UGameplayTagsManager::ConstructGameplayTagTree: Construct from data asset -  0.000 s
[2018.04.16-18.55.48:744][  0]LogStats: UGameplayTagsManager::ConstructGameplayTagTree: GameplayTagTreeChangedEvent.Broadcast -  0.000 s
[2018.04.16-18.55.48:929][  0]LogAIModule: Creating AISystem for world Untitled
[2018.04.16-18.55.48:975][  0]LogInit: XAudio2 using 'Headphones (2- High Definition Audio Device)' : 2 channels at 48 kHz using 16 bits per sample (channel mask 0x3)
[2018.04.16-18.55.48:990][  0]LogInit: FAudioDevice initialized.
[2018.04.16-18.55.49:060][  0]LogDerivedDataCache: Saved boot cache 0.07s 74MB C:/Users/Caroline/AppData/Local/UnrealEngine/4.19/DerivedDataCache/Boot.ddc.
[2018.04.16-18.55.49:072][  0]LogInit: Texture streaming: Enabled
[2018.04.16-18.55.49:087][  0]LogEngineSessionManager: EngineSessionManager initialized
[2018.04.16-18.55.49:110][  0]LogInit: Transaction tracking system initialized
[2018.04.16-18.55.49:129][  0]BlueprintLog: New page: Editor Load
[2018.04.16-18.55.49:191][  0]LocalizationService: Localization service is disabled
[2018.04.16-18.55.49:276][  0]LogConsoleResponse: Display: 
[2018.04.16-18.55.49:410][  0]LogCook: Display: Max memory allowance for cook 16384mb min free memory 0mb
[2018.04.16-18.55.49:410][  0]LogCook: Display: Mobile HDR setting 1
[2018.04.16-18.55.49:410][  0]LogGameplayTags: Display: UGameplayTagsManager::DoneAddingNativeTags. DelegateIsBound: 0
[2018.04.16-18.55.49:410][  0]LogStats: UGameplayTagsManager::ConstructGameplayTagTree: Construct from data asset -  0.000 s
[2018.04.16-18.55.49:410][  0]LogStats: UGameplayTagsManager::ConstructGameplayTagTree: GameplayTagTreeChangedEvent.Broadcast -  0.000 s
[2018.04.16-18.55.49:587][  0]LogFileCache: Scanning file cache for directory 'C:/Users/Caroline/Documents/College/Level Design/gorge/gorge 4.19/Content/' took 0.02s
[2018.04.16-18.55.49:722][  0]SourceControl: Source control is disabled
[2018.04.16-18.55.49:722][  0]Cmd: MAP LOAD FILE="../../../../../../Users/Caroline/Documents/College/Level Design/gorge/gorge 4.19/Content/ThirdPersonBP/Maps/ThirdPersonExampleMap.umap" TEMPLATE=0 SHOWPROGRESS=1 FEATURELEVEL=3
[2018.04.16-18.55.49:725][  0]LightingResults: New page: Lighting Build
[2018.04.16-18.55.49:728][  0]MapCheck: New page: Map Check
[2018.04.16-18.55.49:728][  0]LightingResults: New page: Lighting Build
[2018.04.16-18.55.50:086][  0]LogSkeletalMesh: Skeletal Mesh found in DDC [10.002135ms] /Game/Mannequin/Character/Mesh/SK_Mannequin.SK_Mannequin
[2018.04.16-18.55.50:232][  0]LogAIModule: Creating AISystem for world ThirdPersonExampleMap
[2018.04.16-18.55.50:233][  0]LogActorComponent: RegisterComponentWithWorld: (/Game/ThirdPersonBP/Maps/ThirdPersonExampleMap.ThirdPersonExampleMap:PersistentLevel.WorldInfo_0.StaticMeshComponent0) Trying to register component with IsPendingKill() == true. Aborting.
[2018.04.16-18.55.50:241][  0]LogEditorServer: Finished looking for orphan Actors (0.000 secs)
[2018.04.16-18.55.50:254][  0]Cmd: MAP CHECKDEP NOCLEARLOG
[2018.04.16-18.55.50:300][  0]MapCheck: Map check complete: 0 Error(s), 0 Warning(s), took 46.262ms to complete.
[2018.04.16-18.55.50:301][  0]LogFileHelpers: Loading map 'ThirdPersonExampleMap' took 0.579
[2018.04.16-18.55.50:448][  0]LogCollectionManager: Loaded 0 collections in 0.001638 seconds
[2018.04.16-18.55.50:489][  0]LogFileCache: Scanning file cache for directory 'C:/Users/Caroline/Documents/College/Level Design/gorge/gorge 4.19/Saved/Collections/' took 0.01s
[2018.04.16-18.55.50:489][  0]LogFileCache: Scanning file cache for directory 'C:/Users/Caroline/Documents/College/Level Design/gorge/gorge 4.19/Content/Developers/Caroline/Collections/' took 0.01s
[2018.04.16-18.55.50:489][  0]LogFileCache: Scanning file cache for directory 'C:/Users/Caroline/Documents/College/Level Design/gorge/gorge 4.19/Content/Collections/' took 0.01s
[2018.04.16-18.55.50:489][  0]LogCollectionManager: Rebuilt the GUID cache for 0 collections in 0.000000 seconds
[2018.04.16-18.55.50:497][  0]LogContentBrowser: Native class hierarchy populated in 0.0077 seconds. Added 2452 classes and 558 folders.
[2018.04.16-18.55.50:503][  0]LogContentBrowser: Native class hierarchy updated for 'WidgetCarousel' in 0.0002 seconds. Added 0 classes and 0 folders.
[2018.04.16-18.55.50:768][  0]LogContentBrowser: Native class hierarchy updated for 'AddContentDialog' in 0.0002 seconds. Added 0 classes and 0 folders.
[2018.04.16-18.55.50:773][  0]LogContentBrowser: Native class hierarchy updated for 'SceneOutliner' in 0.0002 seconds. Added 1 classes and 2 folders.
[2018.04.16-18.55.50:787][  0]LogSlate: Took 0.000193 seconds to synchronously load lazily loaded font '../../../Engine/Content/Slate/Fonts/Roboto-Regular.ttf' (155K)
[2018.04.16-18.55.50:789][  0]LogSlate: Took 0.000176 seconds to synchronously load lazily loaded font '../../../Engine/Content/Slate/Fonts/Roboto-Bold.ttf' (160K)
[2018.04.16-18.55.50:802][  0]LogSlate: Took 0.004990 seconds to synchronously load lazily loaded font '../../../Engine/Content/Editor/Slate/Fonts/FontAwesome.ttf' (139K)
[2018.04.16-18.55.50:930][  0]LogRenderer: Reallocating scene render targets to support 1616x808 Format 10 NumSamples 1 (Frame:1).
[2018.04.16-18.55.51:080][  0]LogContentBrowser: Native class hierarchy updated for 'HierarchicalLODOutliner' in 0.0002 seconds. Added 0 classes and 0 folders.
[2018.04.16-18.55.51:080][  0]LogLoad: (Engine Initialization) Total time: 10.14 seconds
[2018.04.16-18.55.51:080][  0]LogLoad: (Engine Initialization) Total Blueprint compile time: 0.00 seconds
[2018.04.16-18.55.51:090][  0]LogWindowsTextInputMethodSystem: Display: IME system now deactivated.
[2018.04.16-18.55.51:109][  0]LogContentStreaming: Texture pool size now 1000 MB
[2018.04.16-18.55.51:154][  1]LogAssetRegistry: Asset discovery search completed in 5.8241 seconds
[2018.04.16-18.55.51:156][  1]LogCollectionManager: Rebuilt the object cache for 0 collections in 0.000000 seconds (found 0 objects)
[2018.04.16-18.55.51:156][  1]LogCollectionManager: Fixed up redirectors for 0 collections in 0.000038 seconds (updated 0 objects)
[2018.04.16-18.57.01:590][425]LogSlate: FSceneViewport::OnFocusLost() reason 2
[2018.04.16-18.57.27:003][419]LogSlate: FSceneViewport::OnFocusLost() reason 0
[2018.04.16-18.58.01:939][563]LogSlate: FSceneViewport::OnFocusLost() reason 0
[2018.04.16-18.58.14:778][ 67]Cmd: BRUSH ADD SELECTNEWBRUSH
[2018.04.16-18.58.16:793][301]LogSlate: FSceneViewport::OnFocusLost() reason 0
[2018.04.16-18.58.46:913][877]Cmd: CAMERA ALIGN ACTIVEVIEWPORTONLY
[2018.04.16-18.58.54:353][750]LogSlate: FSceneViewport::OnFocusLost() reason 0
[2018.04.16-18.59.00:797][513]Cmd: TRANSACTION UNDO
[2018.04.16-18.59.00:797][513]LogEditorTransaction: Undo Move Actors
[2018.04.16-18.59.00:804][513]LogActorComponent: ~FComponentReregisterContext: (/Game/ThirdPersonBP/Maps/ThirdPersonExampleMap.ThirdPersonExampleMap:PersistentLevel.BoxBrush2_4.BrushComponent0) Component already registered.
[2018.04.16-18.59.00:804][513]LogActorComponent: ~FComponentReregisterContext: (/Game/ThirdPersonBP/Maps/ThirdPersonExampleMap.ThirdPersonExampleMap:PersistentLevel.BoxBrush6.BrushComponent0) Component already registered.
[2018.04.16-18.59.00:832][513]LogSlate: Took 0.003405 seconds to synchronously load lazily loaded font '../../../Engine/Content/Slate/Fonts/Roboto-Light.ttf' (167K)
[2018.04.16-18.59.06:339][160]LogSlate: FSceneViewport::OnFocusLost() reason 0
[2018.04.16-18.59.16:696][380]LogSlate: FSceneViewport::OnFocusLost() reason 0
[2018.04.16-18.59.33:109][315]LogSlate: FSceneViewport::OnFocusLost() reason 0
[2018.04.16-19.00.28:464][812]LogSlate: FSceneViewport::OnFocusLost() reason 0
[2018.04.16-19.00.40:841][251]Cmd: TRANSACTION UNDO
[2018.04.16-19.00.40:841][251]LogEditorTransaction: Undo Move Actors
[2018.04.16-19.00.40:847][251]LogActorComponent: ~FComponentReregisterContext: (/Game/ThirdPersonBP/Maps/ThirdPersonExampleMap.ThirdPersonExampleMap:PersistentLevel.BoxBrush9.BrushComponent0) Component already registered.
[2018.04.16-19.00.40:848][251]LogActorComponent: ~FComponentReregisterContext: (/Game/ThirdPersonBP/Maps/ThirdPersonExampleMap.ThirdPersonExampleMap:PersistentLevel.BoxBrush21.BrushComponent0) Component already registered.
[2018.04.16-19.00.40:848][251]LogActorComponent: ~FComponentReregisterContext: (/Game/ThirdPersonBP/Maps/ThirdPersonExampleMap.ThirdPersonExampleMap:PersistentLevel.BoxBrush11.BrushComponent0) Component already registered.
[2018.04.16-19.00.40:848][251]LogActorComponent: ~FComponentReregisterContext: (/Game/ThirdPersonBP/Maps/ThirdPersonExampleMap.ThirdPersonExampleMap:PersistentLevel.GroupActor_1.GroupComponent) Component already registered.
[2018.04.16-19.00.52:441][577]Cmd: CAMERA ALIGN ACTIVEVIEWPORTONLY
[2018.04.16-19.01.14:533][199]Cmd: CAMERA ALIGN ACTIVEVIEWPORTONLY
[2018.04.16-19.01.19:479][769]Cmd: CAMERA ALIGN ACTIVEVIEWPORTONLY
[2018.04.16-19.01.50:505][425]LogSlate: FSceneViewport::OnFocusLost() reason 0
[2018.04.16-19.02.23:980][367]LogSlate: FSceneViewport::OnFocusLost() reason 0
[2018.04.16-19.02.27:092][377]LogSlate: Window 'Extrude Coordinates Mode Warning' being destroyed
[2018.04.16-19.02.39:847][867]LogSlate: FSceneViewport::OnFocusLost() reason 0
[2018.04.16-19.02.55:918][761]LogSlate: FSceneViewport::OnFocusLost() reason 0
[2018.04.16-19.02.57:900][774]LogSlate: Window 'Extrude Coordinates Mode Warning' being destroyed
[2018.04.16-19.03.12:192][448]LogSlate: FSceneViewport::OnFocusLost() reason 0
[2018.04.16-19.03.35:346][151]LogSlate: FSceneViewport::OnFocusLost() reason 0
[2018.04.16-19.03.35:463][165]LogDialogs: Warning: Suppressed: Extrude only works with Local Coordinates System
[2018.04.16-19.03.38:134][475]LogSlate: FSceneViewport::OnFocusLost() reason 0
[2018.04.16-19.03.38:968][571]Cmd: CAMERA ALIGN ACTIVEVIEWPORTONLY
[2018.04.16-19.03.49:287][745]LogSlate: FSceneViewport::OnFocusLost() reason 0
[2018.04.16-19.03.49:361][754]LogDialogs: Warning: Suppressed: Extrude only works with Local Coordinates System
[2018.04.16-19.03.52:357][102]LogSlate: FSceneViewport::OnFocusLost() reason 0
[2018.04.16-19.04.12:833][480]Cmd: CAMERA ALIGN ACTIVEVIEWPORTONLY
[2018.04.16-19.04.30:859][597]LogSlate: FSceneViewport::OnFocusLost() reason 2
[2018.04.16-19.04.31:945][726]LogSlate: FSceneViewport::OnFocusLost() reason 2
[2018.04.16-19.04.51:254][986]Cmd: CAMERA ALIGN ACTIVEVIEWPORTONLY
[2018.04.16-19.04.59:494][945]LogSlate: FSceneViewport::OnFocusLost() reason 0
[2018.04.16-19.04.59:569][954]LogDialogs: Warning: Suppressed: Extrude only works with Local Coordinates System
[2018.04.16-19.05.03:771][441]Cmd: CAMERA ALIGN ACTIVEVIEWPORTONLY
[2018.04.16-19.05.04:606][524]LogSlate: FSceneViewport::OnFocusLost() reason 0
[2018.04.16-19.05.12:433][426]LogSlate: FSceneViewport::OnFocusLost() reason 0
[2018.04.16-19.05.12:541][439]LogDialogs: Warning: Suppressed: Extrude only works with Local Coordinates System
[2018.04.16-19.05.15:819][818]LogSlate: FSceneViewport::OnFocusLost() reason 0
[2018.04.16-19.05.26:214][ 28]Cmd: CAMERA ALIGN ACTIVEVIEWPORTONLY
[2018.04.16-19.05.35:704][139]LogSlate: FSceneViewport::OnFocusLost() reason 0
[2018.04.16-19.05.35:787][149]LogDialogs: Warning: Suppressed: Extrude only works with Local Coordinates System
[2018.04.16-19.05.44:196][122]LogSlate: FSceneViewport::OnFocusLost() reason 0
[2018.04.16-19.06.18:041][ 21]LogSlate: FSceneViewport::OnFocusLost() reason 0
[2018.04.16-19.06.18:149][ 34]LogDialogs: Warning: Suppressed: Extrude only works with Local Coordinates System
[2018.04.16-19.06.21:643][435]LogSlate: FSceneViewport::OnFocusLost() reason 0
[2018.04.16-19.06.29:504][338]Cmd: CAMERA ALIGN ACTIVEVIEWPORTONLY
[2018.04.16-19.06.45:692][226]LogSlate: FSceneViewport::OnFocusLost() reason 0
[2018.04.16-19.07.06:001][589]LogSlate: FSceneViewport::OnFocusLost() reason 0
[2018.04.16-19.07.06:084][599]LogDialogs: Warning: Suppressed: Extrude only works with Local Coordinates System
[2018.04.16-19.07.37:522][259]LogSlate: FSceneViewport::OnFocusLost() reason 0
[2018.04.16-19.07.38:418][358]Cmd: CAMERA ALIGN ACTIVEVIEWPORTONLY
[2018.04.16-19.07.41:407][699]Cmd: CAMERA ALIGN ACTIVEVIEWPORTONLY
[2018.04.16-19.07.52:189][927]LogSlate: FSceneViewport::OnFocusLost() reason 0
[2018.04.16-19.07.52:313][942]LogDialogs: Warning: Suppressed: Extrude only works with Local Coordinates System
[2018.04.16-19.07.59:136][724]LogSlate: FSceneViewport::OnFocusLost() reason 0
[2018.04.16-19.08.12:001][206]Cmd: TRANSACTION UNDO
[2018.04.16-19.08.12:001][206]LogEditorTransaction: Undo Modifier [Edit]
[2018.04.16-19.08.12:517][251]Cmd: TRANSACTION UNDO
[2018.04.16-19.08.12:517][251]LogEditorTransaction: Undo Modifier [Edit]
[2018.04.16-19.08.12:518][251]LogGeometryMode: Warning: Unable to find 1 Poly(s) in new BSP
[2018.04.16-19.08.12:518][251]LogGeometryMode: Warning: Unable to resolve BoxBrush16 Brush in new BSP, see above
[2018.04.16-19.08.12:518][251]LogGeometryMode: Warning: Unable to find all previously selected geometry data, resetting selection
[2018.04.16-19.08.14:282][449]Cmd: TRANSACTION UNDO
[2018.04.16-19.08.14:282][449]LogEditorTransaction: Undo Select Brush Surface
[2018.04.16-19.08.14:623][483]Cmd: TRANSACTION UNDO
[2018.04.16-19.08.14:623][483]LogEditorTransaction: Undo Modifier [Edit]
[2018.04.16-19.08.14:624][483]LogGeometryMode: Warning: Unable to find 1 Poly(s) in new BSP
[2018.04.16-19.08.14:624][483]LogGeometryMode: Warning: Unable to resolve BoxBrush16 Brush in new BSP, see above
[2018.04.16-19.08.14:624][483]LogGeometryMode: Warning: Unable to find all previously selected geometry data, resetting selection
[2018.04.16-19.08.15:028][527]Cmd: TRANSACTION UNDO
[2018.04.16-19.08.15:028][527]LogEditorTransaction: Undo Modifier [Edit]
[2018.04.16-19.08.15:618][595]Cmd: TRANSACTION UNDO
[2018.04.16-19.08.15:618][595]LogEditorTransaction: Undo Select Brush Surface
[2018.04.16-19.08.15:632][595]LogWindows: Windows GetLastError: The operation completed successfully. (0)
[2018.04.16-19.08.16:334][595]LogWindows: Error: === Critical error: ===
[2018.04.16-19.08.16:334][595]LogWindows: Error: 
[2018.04.16-19.08.16:334][595]LogWindows: Error: Assertion failed: (Index >= 0) & (Index < ArrayNum) [File:D:\Build\++UE4+Release-4.19+Compile\Sync\Engine\Source\Runtime\Core\Public\Containers/Array.h] [Line: 610] 
[2018.04.16-19.08.16:334][595]LogWindows: Error: Array index out of bounds: 1307 from an array of size 1306
[2018.04.16-19.08.16:334][595]LogWindows: Error: 
[2018.04.16-19.08.16:334][595]LogWindows: Error: 
[2018.04.16-19.08.16:334][595]LogWindows: Error: [Callstack] 0x0000000009BD4008 KERNELBASE.dll!UnknownFunction []
[2018.04.16-19.08.16:334][595]LogWindows: Error: [Callstack] 0x00000000ED0C7884 UE4Editor-ApplicationCore.dll!UnknownFunction []
[2018.04.16-19.08.16:334][595]LogWindows: Error: [Callstack] 0x00000000C9476D8B UE4Editor-Core.dll!UnknownFunction []
[2018.04.16-19.08.16:334][595]LogWindows: Error: [Callstack] 0x00000000C93B1929 UE4Editor-Core.dll!UnknownFunction []
[2018.04.16-19.08.16:334][595]LogWindows: Error: [Callstack] 0x00000000C6646C35 UE4Editor-Engine.dll!UnknownFunction []
[2018.04.16-19.08.16:334][595]LogWindows: Error: [Callstack] 0x00000000C6A36159 UE4Editor-Engine.dll!UnknownFunction []
[2018.04.16-19.08.16:334][595]LogWindows: Error: [Callstack] 0x00000000C741708B UE4Editor-Engine.dll!UnknownFunction []
[2018.04.16-19.08.16:334][595]LogWindows: Error: [Callstack] 0x00000000C438DC4B UE4Editor-UnrealEd.dll!UnknownFunction []
[2018.04.16-19.08.16:334][595]LogWindows: Error: [Callstack] 0x00000000C4C29516 UE4Editor-UnrealEd.dll!UnknownFunction []
[2018.04.16-19.08.16:334][595]LogWindows: Error: [Callstack] 0x0000000011B35EAC UE4Editor.exe!UnknownFunction []
[2018.04.16-19.08.16:334][595]LogWindows: Error: [Callstack] 0x0000000011B46BD0 UE4Editor.exe!UnknownFunction []
[2018.04.16-19.08.16:334][595]LogWindows: Error: [Callstack] 0x0000000011B46C4A UE4Editor.exe!UnknownFunction []
[2018.04.16-19.08.16:334][595]LogWindows: Error: [Callstack] 0x0000000011B54149 UE4Editor.exe!UnknownFunction []
[2018.04.16-19.08.16:334][595]LogWindows: Error: [Callstack] 0x0000000011B55B57 UE4Editor.exe!UnknownFunction []
[2018.04.16-19.08.16:334][595]LogWindows: Error: [Callstack] 0x000000000C041FE4 KERNEL32.DLL!UnknownFunction []
[2018.04.16-19.08.16:334][595]LogWindows: Error: [Callstack] 0x000000000CA1F061 ntdll.dll!UnknownFunction []
[2018.04.16-19.08.16:334][595]LogWindows: Error: [Callstack] 0x000000000CA1F061 ntdll.dll!UnknownFunction []
[2018.04.16-19.08.16:334][595]LogWindows: Error: 
[2018.04.16-19.08.16:347][595]LogExit: Executing StaticShutdownAfterError
[2018.04.16-19.08.16:353][595]LogWindows: FPlatformMisc::RequestExit(1)
[2018.04.16-19.08.16:353][595]Log file closed, 04/16/18 15:08:16
